------------------------------------------------------------------------------------------------------------------------

[2020-07-14 21:18:26 #1 store] 
Database 'C:\Users\jairo\Desktop\JudisafeSE\db\JudisafeSEDB.odb' has been recovered (tr. 8-8)

[2020-07-14 21:18:26 #2 store] 
Database 'C:\Users\jairo\Desktop\JudisafeSE\db\JudisafeSEDB.odb' is opened by 9356@DESKTOP-AIVVGFP

[2020-07-14 21:18:26 #3 store] 
Configuration path: C:\Users\jairo\OneDrive\Documentos\NetBeansProjects\JudiSafeSE\objectdb-2.8.2\objectdb.conf

[2020-07-14 21:22:42 #4 store] 
Database 'C:\Users\jairo\Desktop\JudisafeSE\db\JudisafeSEDB.odb' is closed by 9356@DESKTOP-AIVVGFP

------------------------------------------------------------------------------------------------------------------------

[2020-07-14 21:25:56 #1 store] 
Database 'C:\Users\jairo\OneDrive\Documentos\NetBeansProjects\JudiSafeSE\objectdb-2.8.2\db\JudisafeSEDB.odb' has been recovered (tr. 8-11)

[2020-07-14 21:25:57 #2 store] 
Database 'C:\Users\jairo\OneDrive\Documentos\NetBeansProjects\JudiSafeSE\objectdb-2.8.2\db\JudisafeSEDB.odb' is opened by 8824@DESKTOP-AIVVGFP

[2020-07-14 21:25:57 #3 store] 
Configuration path: C:\Users\jairo\OneDrive\Documentos\NetBeansProjects\JudiSafeSE\objectdb-2.8.2\objectdb.conf

[2020-07-14 21:25:57 #4 type] 
Type gov.deajcesar.judisafese.entity.Person is not enhanced.

[2020-07-14 21:25:57 #5 type] 
Type gov.deajcesar.judisafese.entity.Register is not enhanced.

------------------------------------------------------------------------------------------------------------------------

[2020-07-14 21:27:45 #1 explorer] 
[ObjectDB 2.8.2] javax.persistence.PersistenceException
Attempt to open a database file 'C:\Users\jairo\OneDrive\Documentos\NetBeansProjects\JudiSafeSE\objectdb-2.8.2\db\JudisafeSEDB.odb' that is currently in use by another process (error 141)
	at com.objectdb.Explorer$1.run(Explorer.java:57)
	at java.awt.event.InvocationEvent.dispatch(Unknown Source)
	at java.awt.EventQueue.dispatchEventImpl(Unknown Source)
	at java.awt.EventQueue.access$500(Unknown Source)
	at java.awt.EventQueue$3.run(Unknown Source)
	at java.awt.EventQueue$3.run(Unknown Source)
	at java.security.AccessController.doPrivileged(Native Method)
	at java.security.ProtectionDomain$JavaSecurityAccessImpl.doIntersectionPrivilege(Unknown Source)
	at java.awt.EventQueue.dispatchEvent(Unknown Source)
	at java.awt.EventDispatchThread.pumpOneEventForFilters(Unknown Source)
	at java.awt.EventDispatchThread.pumpEventsForFilter(Unknown Source)
	at java.awt.EventDispatchThread.pumpEventsForHierarchy(Unknown Source)
	at java.awt.EventDispatchThread.pumpEvents(Unknown Source)
	at java.awt.EventDispatchThread.pumpEvents(Unknown Source)
	at java.awt.EventDispatchThread.run(Unknown Source)
Caused by: com.objectdb.o.UserException: Attempt to open a database file 'C:\Users\jairo\OneDrive\Documentos\NetBeansProjects\JudiSafeSE\objectdb-2.8.2\db\JudisafeSEDB.odb' that is currently in use by another process
	at com.objectdb.o.MSG.a(MSG.java:64)
	at com.objectdb.o.LFL.J(LFL.java:930)
	at com.objectdb.o.LFL.x(LFL.java:887)
	at com.objectdb.o.LFL.x(LFL.java:797)
	at com.objectdb.o.DFL.<init>(DFL.java:241)
	at com.objectdb.o.DMG.<init>(DMG.java:27)
	at com.objectdb.o.MST.<init>(MST.java:127)
	at com.objectdb.o.MST.ap(MST.java:109)
	at com.objectdb.o.MSF.Y3(MSF.java:190)
	at com.objectdb.o.OMF.s(OMF.java:804)
	at com.objectdb.jpa.EMF.s(EMF.java:130)
	at com.objectdb.o.OMF.x(OMF.java:715)
	at com.objectdb.jpa.EMF.createEntityManager(EMF.java:149)
	... 17 more

------------------------------------------------------------------------------------------------------------------------

[2020-07-14 21:27:56 #1 store] 
Database 'C:\Users\jairo\OneDrive\Documentos\NetBeansProjects\JudiSafeSE\objectdb-2.8.2\db\JudisafeSEDB.odb' has been recovered (tr. 12-12)

[2020-07-14 21:27:56 #2 store] 
Database 'C:\Users\jairo\OneDrive\Documentos\NetBeansProjects\JudiSafeSE\objectdb-2.8.2\db\JudisafeSEDB.odb' is opened by 4456@DESKTOP-AIVVGFP

[2020-07-14 21:27:56 #3 store] 
Configuration path: C:\Users\jairo\OneDrive\Documentos\NetBeansProjects\JudiSafeSE\objectdb-2.8.2\objectdb.conf

[2020-07-14 21:29:21 #4 store] 
Database 'C:\Users\jairo\OneDrive\Documentos\NetBeansProjects\JudiSafeSE\objectdb-2.8.2\db\JudisafeSEDB.odb' is closed by 4456@DESKTOP-AIVVGFP

------------------------------------------------------------------------------------------------------------------------

[2020-07-14 21:29:28 #1 store] 
Database 'C:\Users\jairo\OneDrive\Documentos\NetBeansProjects\JudiSafeSE\objectdb-2.8.2\db\JudisafeSEDB.odb' is opened by 6312@DESKTOP-AIVVGFP

[2020-07-14 21:29:28 #2 store] 
Configuration path: C:\Users\jairo\OneDrive\Documentos\NetBeansProjects\JudiSafeSE\objectdb-2.8.2\objectdb.conf

[2020-07-14 21:29:28 #3 type] 
Type gov.deajcesar.judisafese.entity.Person is not enhanced.

[2020-07-14 21:29:28 #4 type] 
Type gov.deajcesar.judisafese.entity.Register is not enhanced.

------------------------------------------------------------------------------------------------------------------------

[2020-07-14 21:29:49 #1 store] 
Database 'C:\Users\jairo\OneDrive\Documentos\NetBeansProjects\JudiSafeSE\objectdb-2.8.2\db\JudisafeSEDB.odb' is opened by 3080@DESKTOP-AIVVGFP

[2020-07-14 21:29:49 #2 store] 
Configuration path: C:\Users\jairo\OneDrive\Documentos\NetBeansProjects\JudiSafeSE\objectdb-2.8.2\objectdb.conf

[2020-07-14 21:29:49 #3 type] 
Type gov.deajcesar.judisafese.entity.Person is not enhanced.

[2020-07-14 21:29:49 #4 type] 
Type gov.deajcesar.judisafese.entity.Register is not enhanced.

------------------------------------------------------------------------------------------------------------------------

[2020-07-14 21:30:37 #1 store] 
Database 'C:\Users\jairo\OneDrive\Documentos\NetBeansProjects\JudiSafeSE\objectdb-2.8.2\db\JudisafeSEDB.odb' is opened by 3632@DESKTOP-AIVVGFP

[2020-07-14 21:30:37 #2 store] 
Configuration path: C:\Users\jairo\OneDrive\Documentos\NetBeansProjects\JudiSafeSE\objectdb-2.8.2\objectdb.conf

[2020-07-14 21:30:37 #3 type] 
Type gov.deajcesar.judisafese.entity.Person is not enhanced.

[2020-07-14 21:30:37 #4 type] 
Type gov.deajcesar.judisafese.entity.Register is not enhanced.

------------------------------------------------------------------------------------------------------------------------

[2020-07-14 21:32:39 #1 store] 
Database 'C:\Users\jairo\OneDrive\Documentos\NetBeansProjects\JudiSafeSE\objectdb-2.8.2\db\JudisafeSEDB.odb' is opened by 960@DESKTOP-AIVVGFP

[2020-07-14 21:32:39 #2 store] 
Configuration path: C:\Users\jairo\OneDrive\Documentos\NetBeansProjects\JudiSafeSE\objectdb-2.8.2\objectdb.conf

[2020-07-14 21:32:39 #3 type] 
Type gov.deajcesar.judisafese.entity.Person is not enhanced.

[2020-07-14 21:32:39 #4 type] 
Type gov.deajcesar.judisafese.entity.Register is not enhanced.

------------------------------------------------------------------------------------------------------------------------

[2020-07-14 21:34:11 #1 store] 
Database 'C:\Users\jairo\OneDrive\Documentos\NetBeansProjects\JudiSafeSE\objectdb-2.8.2\db\JudisafeSEDB.odb' is opened by 1676@DESKTOP-AIVVGFP

[2020-07-14 21:34:12 #2 store] 
Configuration path: C:\Users\jairo\OneDrive\Documentos\NetBeansProjects\JudiSafeSE\objectdb-2.8.2\objectdb.conf

[2020-07-14 21:34:12 #3 type] 
Type gov.deajcesar.judisafese.entity.Person is not enhanced.

[2020-07-14 21:34:12 #4 type] 
Type gov.deajcesar.judisafese.entity.Register is not enhanced.

------------------------------------------------------------------------------------------------------------------------

[2020-07-14 21:36:36 #1 store] 
Database 'C:\Users\jairo\OneDrive\Documentos\NetBeansProjects\JudiSafeSE\objectdb-2.8.2\db\JudisafeSEDB.odb' is opened by 8904@DESKTOP-AIVVGFP

[2020-07-14 21:36:36 #2 store] 
Configuration path: C:\Users\jairo\OneDrive\Documentos\NetBeansProjects\JudiSafeSE\objectdb-2.8.2\objectdb.conf

[2020-07-14 21:37:49 #3 store] 
Database 'C:\Users\jairo\OneDrive\Documentos\NetBeansProjects\JudiSafeSE\objectdb-2.8.2\db\JudisafeSEDB.odb' is closed by 8904@DESKTOP-AIVVGFP

------------------------------------------------------------------------------------------------------------------------

[2020-07-14 21:38:34 #1 store] 
Database 'C:\Users\jairo\OneDrive\Documentos\NetBeansProjects\JudiSafeSE\objectdb-2.8.2\db\JudisafeSEDB.odb' is opened by 7516@DESKTOP-AIVVGFP

[2020-07-14 21:38:34 #2 store] 
Configuration path: C:\Users\jairo\OneDrive\Documentos\NetBeansProjects\JudiSafeSE\objectdb-2.8.2\objectdb.conf

[2020-07-14 21:38:34 #3 type] 
Type gov.deajcesar.judisafese.entity.Person is not enhanced.

[2020-07-14 21:38:34 #4 type] 
Type gov.deajcesar.judisafese.entity.Register is not enhanced.

------------------------------------------------------------------------------------------------------------------------

[2020-07-14 21:38:42 #1 store] 
Database 'C:\Users\jairo\OneDrive\Documentos\NetBeansProjects\JudiSafeSE\objectdb-2.8.2\db\JudisafeSEDB.odb' has been recovered (tr. 16-16)

[2020-07-14 21:38:42 #2 store] 
Database 'C:\Users\jairo\OneDrive\Documentos\NetBeansProjects\JudiSafeSE\objectdb-2.8.2\db\JudisafeSEDB.odb' is opened by 7644@DESKTOP-AIVVGFP

[2020-07-14 21:38:42 #3 store] 
Configuration path: C:\Users\jairo\OneDrive\Documentos\NetBeansProjects\JudiSafeSE\objectdb-2.8.2\objectdb.conf

[2020-07-14 21:39:06 #4 store] 
Database 'C:\Users\jairo\OneDrive\Documentos\NetBeansProjects\JudiSafeSE\objectdb-2.8.2\db\JudisafeSEDB.odb' is closed by 7644@DESKTOP-AIVVGFP

------------------------------------------------------------------------------------------------------------------------

[2020-07-14 21:39:10 #1 store] 
Database 'C:\Users\jairo\OneDrive\Documentos\NetBeansProjects\JudiSafeSE\objectdb-2.8.2\db\JudisafeSEDB.odb' is opened by 1208@DESKTOP-AIVVGFP

[2020-07-14 21:39:10 #2 store] 
Configuration path: C:\Users\jairo\OneDrive\Documentos\NetBeansProjects\JudiSafeSE\objectdb-2.8.2\objectdb.conf

[2020-07-14 21:39:10 #3 type] 
Type gov.deajcesar.judisafese.entity.Person is not enhanced.

[2020-07-14 21:39:10 #4 type] 
Type gov.deajcesar.judisafese.entity.Register is not enhanced.

------------------------------------------------------------------------------------------------------------------------

[2020-07-14 21:42:51 #1 store] 
Database 'C:\Users\jairo\OneDrive\Documentos\NetBeansProjects\JudiSafeSE\objectdb-2.8.2\db\JudisafeSEDB.odb' has been recovered (tr. 17-17)

[2020-07-14 21:42:51 #2 store] 
Database 'C:\Users\jairo\OneDrive\Documentos\NetBeansProjects\JudiSafeSE\objectdb-2.8.2\db\JudisafeSEDB.odb' is opened by 8848@DESKTOP-AIVVGFP

[2020-07-14 21:42:51 #3 store] 
Configuration path: C:\Users\jairo\OneDrive\Documentos\NetBeansProjects\JudiSafeSE\objectdb-2.8.2\objectdb.conf

[2020-07-14 21:42:51 #4 type] 
Type gov.deajcesar.judisafese.entity.Person is not enhanced.

[2020-07-14 21:42:51 #5 type] 
Type gov.deajcesar.judisafese.entity.Register is not enhanced.

------------------------------------------------------------------------------------------------------------------------

[2020-07-14 21:43:16 #1 store] 
Database 'C:\Users\jairo\OneDrive\Documentos\NetBeansProjects\JudiSafeSE\objectdb-2.8.2\db\JudisafeSEDB.odb' is opened by 2520@DESKTOP-AIVVGFP

[2020-07-14 21:43:16 #2 store] 
Configuration path: C:\Users\jairo\OneDrive\Documentos\NetBeansProjects\JudiSafeSE\objectdb-2.8.2\objectdb.conf

[2020-07-14 21:43:16 #3 type] 
Type gov.deajcesar.judisafese.entity.Person is not enhanced.

[2020-07-14 21:43:16 #4 type] 
Type gov.deajcesar.judisafese.entity.Register is not enhanced.

------------------------------------------------------------------------------------------------------------------------

[2020-07-14 21:43:42 #1 store] 
Database 'C:\Users\jairo\OneDrive\Documentos\NetBeansProjects\JudiSafeSE\objectdb-2.8.2\db\JudisafeSEDB.odb' is opened by 8724@DESKTOP-AIVVGFP

[2020-07-14 21:43:42 #2 store] 
Configuration path: C:\Users\jairo\OneDrive\Documentos\NetBeansProjects\JudiSafeSE\objectdb-2.8.2\objectdb.conf

[2020-07-14 21:43:43 #3 type] 
Type gov.deajcesar.judisafese.entity.Person is not enhanced.

[2020-07-14 21:43:43 #4 type] 
Type gov.deajcesar.judisafese.entity.Register is not enhanced.

------------------------------------------------------------------------------------------------------------------------

[2020-07-14 21:47:24 #1 store] 
Database 'C:\Users\jairo\OneDrive\Documentos\NetBeansProjects\JudiSafeSE\objectdb-2.8.2\db\JudisafeSEDB.odb' is opened by 10088@DESKTOP-AIVVGFP

[2020-07-14 21:47:24 #2 store] 
Configuration path: C:\Users\jairo\OneDrive\Documentos\NetBeansProjects\JudiSafeSE\objectdb-2.8.2\objectdb.conf

[2020-07-14 21:47:25 #3 type] 
Type gov.deajcesar.judisafese.entity.Person is not enhanced.

[2020-07-14 21:47:25 #4 type] 
Type gov.deajcesar.judisafese.entity.Register is not enhanced.

------------------------------------------------------------------------------------------------------------------------

[2020-07-14 21:48:30 #1 store] 
Database 'C:\Users\jairo\OneDrive\Documentos\NetBeansProjects\JudiSafeSE\objectdb-2.8.2\db\JudisafeSEDB.odb' has been recovered (tr. 19-19)

[2020-07-14 21:48:30 #2 store] 
Database 'C:\Users\jairo\OneDrive\Documentos\NetBeansProjects\JudiSafeSE\objectdb-2.8.2\db\JudisafeSEDB.odb' is opened by 1276@DESKTOP-AIVVGFP

[2020-07-14 21:48:30 #3 store] 
Configuration path: C:\Users\jairo\OneDrive\Documentos\NetBeansProjects\JudiSafeSE\objectdb-2.8.2\objectdb.conf

[2020-07-14 21:48:30 #4 type] 
Type gov.deajcesar.judisafese.entity.Person is not enhanced.

[2020-07-14 21:48:31 #5 type] 
Type gov.deajcesar.judisafese.entity.Register is not enhanced.

------------------------------------------------------------------------------------------------------------------------

[2020-07-14 22:17:27 #1 store] 
Database 'C:\Users\jairo\OneDrive\Documentos\NetBeansProjects\JudiSafeSE\objectdb-2.8.2\db\JudisafeSEDB.odb' has been recovered (tr. 21-22)

[2020-07-14 22:17:27 #2 store] 
Database 'C:\Users\jairo\OneDrive\Documentos\NetBeansProjects\JudiSafeSE\objectdb-2.8.2\db\JudisafeSEDB.odb' is opened by 6660@DESKTOP-AIVVGFP

[2020-07-14 22:17:27 #3 store] 
Configuration path: C:\Users\jairo\OneDrive\Documentos\NetBeansProjects\JudiSafeSE\objectdb-2.8.2\objectdb.conf

[2020-07-14 22:17:28 #4 type] 
Type gov.deajcesar.judisafese.entity.Person is not enhanced.

[2020-07-14 22:17:28 #5 type] 
Type gov.deajcesar.judisafese.entity.Register is not enhanced.

------------------------------------------------------------------------------------------------------------------------

[2020-07-14 22:21:35 #1 store] 
Database 'C:\Users\jairo\OneDrive\Documentos\NetBeansProjects\JudiSafeSE\objectdb-2.8.2\db\JudisafeSEDB.odb' has been recovered (tr. 24-25)

[2020-07-14 22:21:35 #2 store] 
Database 'C:\Users\jairo\OneDrive\Documentos\NetBeansProjects\JudiSafeSE\objectdb-2.8.2\db\JudisafeSEDB.odb' is opened by 8052@DESKTOP-AIVVGFP

[2020-07-14 22:21:35 #3 store] 
Configuration path: C:\Users\jairo\OneDrive\Documentos\NetBeansProjects\JudiSafeSE\objectdb-2.8.2\objectdb.conf

[2020-07-14 22:21:35 #4 type] 
Type gov.deajcesar.judisafese.entity.Person is not enhanced.

[2020-07-14 22:21:35 #5 type] 
Type gov.deajcesar.judisafese.entity.Register is not enhanced.

------------------------------------------------------------------------------------------------------------------------

[2020-07-14 22:26:24 #1 store] 
Database 'C:\Users\jairo\OneDrive\Documentos\NetBeansProjects\JudiSafeSE\objectdb-2.8.2\db\JudisafeSEDB.odb' has been recovered (tr. 27-28)

[2020-07-14 22:26:24 #2 store] 
Database 'C:\Users\jairo\OneDrive\Documentos\NetBeansProjects\JudiSafeSE\objectdb-2.8.2\db\JudisafeSEDB.odb' is opened by 7656@DESKTOP-AIVVGFP

[2020-07-14 22:26:24 #3 store] 
Configuration path: C:\Users\jairo\OneDrive\Documentos\NetBeansProjects\JudiSafeSE\objectdb-2.8.2\objectdb.conf

[2020-07-14 22:26:25 #4 type] 
Type gov.deajcesar.judisafese.entity.Person is not enhanced.

[2020-07-14 22:26:25 #5 type] 
Type gov.deajcesar.judisafese.entity.Register is not enhanced.

------------------------------------------------------------------------------------------------------------------------

[2020-07-14 22:35:37 #1 store] 
Database 'C:\Users\jairo\OneDrive\Documentos\NetBeansProjects\JudiSafeSE\objectdb-2.8.2\db\JudisafeSEDB.odb' has been recovered (tr. 30-31)

[2020-07-14 22:35:37 #2 store] 
Database 'C:\Users\jairo\OneDrive\Documentos\NetBeansProjects\JudiSafeSE\objectdb-2.8.2\db\JudisafeSEDB.odb' is opened by 6276@DESKTOP-AIVVGFP

[2020-07-14 22:35:37 #3 store] 
Configuration path: C:\Users\jairo\OneDrive\Documentos\NetBeansProjects\JudiSafeSE\objectdb-2.8.2\objectdb.conf

[2020-07-14 22:35:37 #4 type] 
Type gov.deajcesar.judisafese.entity.Person is not enhanced.

[2020-07-14 22:35:37 #5 type] 
Type gov.deajcesar.judisafese.entity.Register is not enhanced.

------------------------------------------------------------------------------------------------------------------------

[2020-07-14 22:37:09 #1 store] 
Database 'C:\Users\jairo\OneDrive\Documentos\NetBeansProjects\JudiSafeSE\objectdb-2.8.2\db\JudisafeSEDB.odb' has been recovered (tr. 33-34)

[2020-07-14 22:37:09 #2 store] 
Database 'C:\Users\jairo\OneDrive\Documentos\NetBeansProjects\JudiSafeSE\objectdb-2.8.2\db\JudisafeSEDB.odb' is opened by 9044@DESKTOP-AIVVGFP

[2020-07-14 22:37:09 #3 store] 
Configuration path: C:\Users\jairo\OneDrive\Documentos\NetBeansProjects\JudiSafeSE\objectdb-2.8.2\objectdb.conf

[2020-07-14 22:37:10 #4 type] 
Type gov.deajcesar.judisafese.entity.Person is not enhanced.

[2020-07-14 22:37:10 #5 type] 
Type gov.deajcesar.judisafese.entity.Register is not enhanced.

------------------------------------------------------------------------------------------------------------------------

[2020-07-14 22:49:39 #1 store] 
Database 'C:\Users\jairo\OneDrive\Documentos\NetBeansProjects\JudiSafeSE\objectdb-2.8.2\db\JudisafeSEDB.odb' has been recovered (tr. 36-39)

[2020-07-14 22:49:39 #2 store] 
Database 'C:\Users\jairo\OneDrive\Documentos\NetBeansProjects\JudiSafeSE\objectdb-2.8.2\db\JudisafeSEDB.odb' is opened by 3208@DESKTOP-AIVVGFP

[2020-07-14 22:49:39 #3 store] 
Configuration path: C:\Users\jairo\OneDrive\Documentos\NetBeansProjects\JudiSafeSE\objectdb-2.8.2\objectdb.conf

[2020-07-14 22:49:40 #4 type] 
Type gov.deajcesar.judisafese.entity.Person is not enhanced.

[2020-07-14 22:49:40 #5 type] 
Type gov.deajcesar.judisafese.entity.Register is not enhanced.

------------------------------------------------------------------------------------------------------------------------

[2020-07-14 22:51:27 #1 store] 
Database 'C:\Users\jairo\OneDrive\Documentos\NetBeansProjects\JudiSafeSE\objectdb-2.8.2\db\JudisafeSEDB.odb' has been recovered (tr. 41-42)

[2020-07-14 22:51:27 #2 store] 
Database 'C:\Users\jairo\OneDrive\Documentos\NetBeansProjects\JudiSafeSE\objectdb-2.8.2\db\JudisafeSEDB.odb' is opened by 7892@DESKTOP-AIVVGFP

[2020-07-14 22:51:27 #3 store] 
Configuration path: C:\Users\jairo\OneDrive\Documentos\NetBeansProjects\JudiSafeSE\objectdb-2.8.2\objectdb.conf

[2020-07-14 22:51:28 #4 type] 
Type gov.deajcesar.judisafese.entity.Person is not enhanced.

[2020-07-14 22:51:28 #5 type] 
Type gov.deajcesar.judisafese.entity.Register is not enhanced.

------------------------------------------------------------------------------------------------------------------------

[2020-07-14 22:54:51 #1 store] 
Database 'C:\Users\jairo\OneDrive\Documentos\NetBeansProjects\JudiSafeSE\objectdb-2.8.2\db\JudisafeSEDB.odb' has been recovered (tr. 44-45)

[2020-07-14 22:54:51 #2 store] 
Database 'C:\Users\jairo\OneDrive\Documentos\NetBeansProjects\JudiSafeSE\objectdb-2.8.2\db\JudisafeSEDB.odb' is opened by 10204@DESKTOP-AIVVGFP

[2020-07-14 22:54:51 #3 store] 
Configuration path: C:\Users\jairo\OneDrive\Documentos\NetBeansProjects\JudiSafeSE\objectdb-2.8.2\objectdb.conf

[2020-07-14 22:54:51 #4 type] 
Type gov.deajcesar.judisafese.entity.Person is not enhanced.

[2020-07-14 22:54:51 #5 type] 
Type gov.deajcesar.judisafese.entity.Register is not enhanced.

------------------------------------------------------------------------------------------------------------------------

[2020-07-14 23:08:07 #1 store] 
Database 'C:\Users\jairo\OneDrive\Documentos\NetBeansProjects\JudiSafeSE\objectdb-2.8.2\db\JudisafeSEDB.odb' has been recovered (tr. 47-48)

[2020-07-14 23:08:07 #2 store] 
Database 'C:\Users\jairo\OneDrive\Documentos\NetBeansProjects\JudiSafeSE\objectdb-2.8.2\db\JudisafeSEDB.odb' is opened by 2276@DESKTOP-AIVVGFP

[2020-07-14 23:08:07 #3 store] 
Configuration path: C:\Users\jairo\OneDrive\Documentos\NetBeansProjects\JudiSafeSE\objectdb-2.8.2\objectdb.conf

[2020-07-14 23:08:07 #4 type] 
Type gov.deajcesar.judisafese.entity.Person is not enhanced.

[2020-07-14 23:08:07 #5 type] 
Type gov.deajcesar.judisafese.entity.Register is not enhanced.

------------------------------------------------------------------------------------------------------------------------

[2020-07-14 23:09:36 #1 store] 
Database 'C:\Users\jairo\OneDrive\Documentos\NetBeansProjects\JudiSafeSE\objectdb-2.8.2\db\JudisafeSEDB.odb' has been recovered (tr. 50-51)

[2020-07-14 23:09:36 #2 store] 
Database 'C:\Users\jairo\OneDrive\Documentos\NetBeansProjects\JudiSafeSE\objectdb-2.8.2\db\JudisafeSEDB.odb' is opened by 8376@DESKTOP-AIVVGFP

[2020-07-14 23:09:36 #3 store] 
Configuration path: C:\Users\jairo\OneDrive\Documentos\NetBeansProjects\JudiSafeSE\objectdb-2.8.2\objectdb.conf

[2020-07-14 23:09:36 #4 type] 
Type gov.deajcesar.judisafese.entity.Person is not enhanced.

[2020-07-14 23:09:36 #5 type] 
Type gov.deajcesar.judisafese.entity.Register is not enhanced.

------------------------------------------------------------------------------------------------------------------------

[2020-07-14 23:12:38 #1 store] 
Database 'C:\Users\jairo\OneDrive\Documentos\NetBeansProjects\JudiSafeSE\objectdb-2.8.2\db\JudisafeSEDB.odb' has been recovered (tr. 53-54)

[2020-07-14 23:12:38 #2 store] 
Database 'C:\Users\jairo\OneDrive\Documentos\NetBeansProjects\JudiSafeSE\objectdb-2.8.2\db\JudisafeSEDB.odb' is opened by 9860@DESKTOP-AIVVGFP

[2020-07-14 23:12:38 #3 store] 
Configuration path: C:\Users\jairo\OneDrive\Documentos\NetBeansProjects\JudiSafeSE\objectdb-2.8.2\objectdb.conf

[2020-07-14 23:12:38 #4 type] 
Type gov.deajcesar.judisafese.entity.Person is not enhanced.

[2020-07-14 23:12:38 #5 type] 
Type gov.deajcesar.judisafese.entity.Register is not enhanced.

------------------------------------------------------------------------------------------------------------------------

[2020-07-14 23:13:26 #1 store] 
Database 'C:\Users\jairo\OneDrive\Documentos\NetBeansProjects\JudiSafeSE\objectdb-2.8.2\db\JudisafeSEDB.odb' has been recovered (tr. 56-57)

[2020-07-14 23:13:26 #2 store] 
Database 'C:\Users\jairo\OneDrive\Documentos\NetBeansProjects\JudiSafeSE\objectdb-2.8.2\db\JudisafeSEDB.odb' is opened by 9204@DESKTOP-AIVVGFP

[2020-07-14 23:13:26 #3 store] 
Configuration path: C:\Users\jairo\OneDrive\Documentos\NetBeansProjects\JudiSafeSE\objectdb-2.8.2\objectdb.conf

[2020-07-14 23:13:27 #4 type] 
Type gov.deajcesar.judisafese.entity.Person is not enhanced.

[2020-07-14 23:13:27 #5 type] 
Type gov.deajcesar.judisafese.entity.Register is not enhanced.

------------------------------------------------------------------------------------------------------------------------

[2020-07-14 23:14:42 #1 store] 
Database 'C:\Users\jairo\OneDrive\Documentos\NetBeansProjects\JudiSafeSE\objectdb-2.8.2\db\JudisafeSEDB.odb' has been recovered (tr. 59-60)

[2020-07-14 23:14:43 #2 store] 
Database 'C:\Users\jairo\OneDrive\Documentos\NetBeansProjects\JudiSafeSE\objectdb-2.8.2\db\JudisafeSEDB.odb' is opened by 3780@DESKTOP-AIVVGFP

[2020-07-14 23:14:43 #3 store] 
Configuration path: C:\Users\jairo\OneDrive\Documentos\NetBeansProjects\JudiSafeSE\objectdb-2.8.2\objectdb.conf

[2020-07-14 23:14:43 #4 type] 
Type gov.deajcesar.judisafese.entity.Person is not enhanced.

[2020-07-14 23:14:43 #5 type] 
Type gov.deajcesar.judisafese.entity.Register is not enhanced.

------------------------------------------------------------------------------------------------------------------------

[2020-07-14 23:15:59 #1 store] 
Database 'C:\Users\jairo\OneDrive\Documentos\NetBeansProjects\JudiSafeSE\objectdb-2.8.2\db\JudisafeSEDB.odb' has been recovered (tr. 62-63)

[2020-07-14 23:16:00 #2 store] 
Database 'C:\Users\jairo\OneDrive\Documentos\NetBeansProjects\JudiSafeSE\objectdb-2.8.2\db\JudisafeSEDB.odb' is opened by 8912@DESKTOP-AIVVGFP

[2020-07-14 23:16:00 #3 store] 
Configuration path: C:\Users\jairo\OneDrive\Documentos\NetBeansProjects\JudiSafeSE\objectdb-2.8.2\objectdb.conf

[2020-07-14 23:16:00 #4 type] 
Type gov.deajcesar.judisafese.entity.Person is not enhanced.

[2020-07-14 23:16:00 #5 type] 
Type gov.deajcesar.judisafese.entity.Register is not enhanced.

------------------------------------------------------------------------------------------------------------------------

[2020-07-14 23:18:22 #1 store] 
Database 'C:\Users\jairo\OneDrive\Documentos\NetBeansProjects\JudiSafeSE\objectdb-2.8.2\db\JudisafeSEDB.odb' has been recovered (tr. 65-66)

[2020-07-14 23:18:22 #2 store] 
Database 'C:\Users\jairo\OneDrive\Documentos\NetBeansProjects\JudiSafeSE\objectdb-2.8.2\db\JudisafeSEDB.odb' is opened by 9624@DESKTOP-AIVVGFP

[2020-07-14 23:18:22 #3 store] 
Configuration path: C:\Users\jairo\OneDrive\Documentos\NetBeansProjects\JudiSafeSE\objectdb-2.8.2\objectdb.conf

[2020-07-14 23:18:22 #4 type] 
Type gov.deajcesar.judisafese.entity.Person is not enhanced.

[2020-07-14 23:18:22 #5 type] 
Type gov.deajcesar.judisafese.entity.Register is not enhanced.

------------------------------------------------------------------------------------------------------------------------

[2020-07-14 23:20:21 #1 store] 
Database 'C:\Users\jairo\OneDrive\Documentos\NetBeansProjects\JudiSafeSE\objectdb-2.8.2\db\JudisafeSEDB.odb' has been recovered (tr. 68-69)

[2020-07-14 23:20:21 #2 store] 
Database 'C:\Users\jairo\OneDrive\Documentos\NetBeansProjects\JudiSafeSE\objectdb-2.8.2\db\JudisafeSEDB.odb' is opened by 7116@DESKTOP-AIVVGFP

[2020-07-14 23:20:21 #3 store] 
Configuration path: C:\Users\jairo\OneDrive\Documentos\NetBeansProjects\JudiSafeSE\objectdb-2.8.2\objectdb.conf

[2020-07-14 23:20:22 #4 type] 
Type gov.deajcesar.judisafese.entity.Person is not enhanced.

[2020-07-14 23:20:22 #5 type] 
Type gov.deajcesar.judisafese.entity.Register is not enhanced.

------------------------------------------------------------------------------------------------------------------------

[2020-07-14 23:20:59 #1 store] 
Database 'C:\Users\jairo\OneDrive\Documentos\NetBeansProjects\JudiSafeSE\objectdb-2.8.2\db\JudisafeSEDB.odb' has been recovered (tr. 71-72)

[2020-07-14 23:20:59 #2 store] 
Database 'C:\Users\jairo\OneDrive\Documentos\NetBeansProjects\JudiSafeSE\objectdb-2.8.2\db\JudisafeSEDB.odb' is opened by 9084@DESKTOP-AIVVGFP

[2020-07-14 23:20:59 #3 store] 
Configuration path: C:\Users\jairo\OneDrive\Documentos\NetBeansProjects\JudiSafeSE\objectdb-2.8.2\objectdb.conf

[2020-07-14 23:21:00 #4 type] 
Type gov.deajcesar.judisafese.entity.Person is not enhanced.

[2020-07-14 23:21:00 #5 type] 
Type gov.deajcesar.judisafese.entity.Register is not enhanced.

------------------------------------------------------------------------------------------------------------------------

[2020-07-14 23:22:00 #1 store] 
Database 'C:\Users\jairo\OneDrive\Documentos\NetBeansProjects\JudiSafeSE\objectdb-2.8.2\db\JudisafeSEDB.odb' has been recovered (tr. 74-75)

[2020-07-14 23:22:00 #2 store] 
Database 'C:\Users\jairo\OneDrive\Documentos\NetBeansProjects\JudiSafeSE\objectdb-2.8.2\db\JudisafeSEDB.odb' is opened by 8224@DESKTOP-AIVVGFP

[2020-07-14 23:22:00 #3 store] 
Configuration path: C:\Users\jairo\OneDrive\Documentos\NetBeansProjects\JudiSafeSE\objectdb-2.8.2\objectdb.conf

[2020-07-14 23:22:01 #4 type] 
Type gov.deajcesar.judisafese.entity.Person is not enhanced.

[2020-07-14 23:22:01 #5 type] 
Type gov.deajcesar.judisafese.entity.Register is not enhanced.

------------------------------------------------------------------------------------------------------------------------

[2020-07-14 23:22:36 #1 store] 
Database 'C:\Users\jairo\OneDrive\Documentos\NetBeansProjects\JudiSafeSE\objectdb-2.8.2\db\JudisafeSEDB.odb' has been recovered (tr. 77-78)

[2020-07-14 23:22:37 #2 store] 
Database 'C:\Users\jairo\OneDrive\Documentos\NetBeansProjects\JudiSafeSE\objectdb-2.8.2\db\JudisafeSEDB.odb' is opened by 5496@DESKTOP-AIVVGFP

[2020-07-14 23:22:37 #3 store] 
Configuration path: C:\Users\jairo\OneDrive\Documentos\NetBeansProjects\JudiSafeSE\objectdb-2.8.2\objectdb.conf

[2020-07-14 23:22:37 #4 type] 
Type gov.deajcesar.judisafese.entity.Person is not enhanced.

[2020-07-14 23:22:37 #5 type] 
Type gov.deajcesar.judisafese.entity.Register is not enhanced.

------------------------------------------------------------------------------------------------------------------------

[2020-07-14 23:24:52 #1 store] 
Database 'C:\Users\jairo\OneDrive\Documentos\NetBeansProjects\JudiSafeSE\objectdb-2.8.2\db\JudisafeSEDB.odb' has been recovered (tr. 80-81)

[2020-07-14 23:24:52 #2 store] 
Database 'C:\Users\jairo\OneDrive\Documentos\NetBeansProjects\JudiSafeSE\objectdb-2.8.2\db\JudisafeSEDB.odb' is opened by 6976@DESKTOP-AIVVGFP

[2020-07-14 23:24:52 #3 store] 
Configuration path: C:\Users\jairo\OneDrive\Documentos\NetBeansProjects\JudiSafeSE\objectdb-2.8.2\objectdb.conf

[2020-07-14 23:24:52 #4 type] 
Type gov.deajcesar.judisafese.entity.Person is not enhanced.

[2020-07-14 23:24:52 #5 type] 
Type gov.deajcesar.judisafese.entity.Register is not enhanced.

------------------------------------------------------------------------------------------------------------------------

[2020-07-14 23:28:13 #1 store] 
Database 'C:\Users\jairo\OneDrive\Documentos\NetBeansProjects\JudiSafeSE\objectdb-2.8.2\db\JudisafeSEDB.odb' has been recovered (tr. 83-84)

[2020-07-14 23:28:13 #2 store] 
Database 'C:\Users\jairo\OneDrive\Documentos\NetBeansProjects\JudiSafeSE\objectdb-2.8.2\db\JudisafeSEDB.odb' is opened by 3152@DESKTOP-AIVVGFP

[2020-07-14 23:28:13 #3 store] 
Configuration path: C:\Users\jairo\OneDrive\Documentos\NetBeansProjects\JudiSafeSE\objectdb-2.8.2\objectdb.conf

[2020-07-14 23:28:13 #4 type] 
Type gov.deajcesar.judisafese.entity.Person is not enhanced.

[2020-07-14 23:28:13 #5 type] 
Type gov.deajcesar.judisafese.entity.Register is not enhanced.

------------------------------------------------------------------------------------------------------------------------

[2020-07-14 23:31:37 #1 store] 
Database 'C:\Users\jairo\OneDrive\Documentos\NetBeansProjects\JudiSafeSE\objectdb-2.8.2\db\JudisafeSEDB.odb' has been recovered (tr. 86-89)

[2020-07-14 23:31:37 #2 store] 
Database 'C:\Users\jairo\OneDrive\Documentos\NetBeansProjects\JudiSafeSE\objectdb-2.8.2\db\JudisafeSEDB.odb' is opened by 484@DESKTOP-AIVVGFP

[2020-07-14 23:31:37 #3 store] 
Configuration path: C:\Users\jairo\OneDrive\Documentos\NetBeansProjects\JudiSafeSE\objectdb-2.8.2\objectdb.conf

[2020-07-14 23:31:37 #4 type] 
Type gov.deajcesar.judisafese.entity.Person is not enhanced.

[2020-07-14 23:31:37 #5 type] 
Type gov.deajcesar.judisafese.entity.Register is not enhanced.

------------------------------------------------------------------------------------------------------------------------

[2020-07-14 23:37:16 #1 store] 
Database 'C:\Users\jairo\OneDrive\Documentos\NetBeansProjects\JudiSafeSE\objectdb-2.8.2\db\JudisafeSEDB.odb' has been recovered (tr. 91-10093)

[2020-07-14 23:37:16 #2 store] 
Database 'C:\Users\jairo\OneDrive\Documentos\NetBeansProjects\JudiSafeSE\objectdb-2.8.2\db\JudisafeSEDB.odb' is opened by 9264@DESKTOP-AIVVGFP

[2020-07-14 23:37:16 #3 store] 
Configuration path: C:\Users\jairo\OneDrive\Documentos\NetBeansProjects\JudiSafeSE\objectdb-2.8.2\objectdb.conf

[2020-07-14 23:37:16 #4 type] 
Type gov.deajcesar.judisafese.entity.Person is not enhanced.

[2020-07-14 23:37:16 #5 type] 
Type gov.deajcesar.judisafese.entity.Register is not enhanced.

------------------------------------------------------------------------------------------------------------------------

[2020-07-14 23:48:33 #1 store] 
Database 'C:\Users\jairo\OneDrive\Documentos\NetBeansProjects\JudiSafeSE\objectdb-2.8.2\db\JudisafeSEDB.odb' is opened by 2548@DESKTOP-AIVVGFP

[2020-07-14 23:48:33 #2 store] 
Configuration path: C:\Users\jairo\OneDrive\Documentos\NetBeansProjects\JudiSafeSE\objectdb-2.8.2\objectdb.conf

[2020-07-14 23:48:34 #3 type] 
Type gov.deajcesar.judisafese.entity.Person is not enhanced.

[2020-07-14 23:48:34 #4 type] 
Type gov.deajcesar.judisafese.entity.Register is not enhanced.

------------------------------------------------------------------------------------------------------------------------

[2020-07-14 23:52:00 #1 store] 
Database 'C:\Users\jairo\OneDrive\Documentos\NetBeansProjects\JudiSafeSE\objectdb-2.8.2\db\JudisafeSEDB.odb' is opened by 9440@DESKTOP-AIVVGFP

[2020-07-14 23:52:00 #2 store] 
Configuration path: C:\Users\jairo\OneDrive\Documentos\NetBeansProjects\JudiSafeSE\objectdb-2.8.2\objectdb.conf

[2020-07-14 23:52:00 #3 type] 
Type gov.deajcesar.judisafese.entity.Person is not enhanced.

[2020-07-14 23:52:00 #4 type] 
Type gov.deajcesar.judisafese.entity.Register is not enhanced.

------------------------------------------------------------------------------------------------------------------------

[2020-07-14 23:53:28 #1 store] 
Database 'C:\Users\jairo\OneDrive\Documentos\NetBeansProjects\JudiSafeSE\objectdb-2.8.2\db\JudisafeSEDB.odb' is opened by 1344@DESKTOP-AIVVGFP

[2020-07-14 23:53:28 #2 store] 
Configuration path: C:\Users\jairo\OneDrive\Documentos\NetBeansProjects\JudiSafeSE\objectdb-2.8.2\objectdb.conf

[2020-07-14 23:53:29 #3 type] 
Type gov.deajcesar.judisafese.entity.Person is not enhanced.

[2020-07-14 23:53:29 #4 type] 
Type gov.deajcesar.judisafese.entity.Register is not enhanced.

