------------------------------------------------------------------------------------------------------------------------

[2020-07-08 20:53:16 #1 store] 
Database 'C:\Users\jairo\OneDrive\Documentos\NetBeansProjects\JudiSafeSE\objectdb-2.8.2\db\Judis.odb' is opened by 8856@DESKTOP-AIVVGFP

[2020-07-08 20:53:16 #2 store] 
Configuration path: C:\Users\jairo\OneDrive\Documentos\NetBeansProjects\JudiSafeSE\objectdb-2.8.2\objectdb.conf

[2020-07-08 20:53:18 #3 type] 
Type gov.deajcesar.judisafese.entity.Person is not enhanced.

[2020-07-08 20:53:18 #4 type] 
Type gov.deajcesar.judisafese.entity.Register is not enhanced.

------------------------------------------------------------------------------------------------------------------------

[2020-07-08 20:54:04 #1 store] 
Database 'C:\Users\jairo\OneDrive\Documentos\NetBeansProjects\JudiSafeSE\objectdb-2.8.2\db\Judis.odb' is opened by 9068@DESKTOP-AIVVGFP

[2020-07-08 20:54:04 #2 store] 
Configuration path: C:\Users\jairo\OneDrive\Documentos\NetBeansProjects\JudiSafeSE\objectdb-2.8.2\objectdb.conf

[2020-07-08 20:54:05 #3 type] 
Type gov.deajcesar.judisafese.entity.Person is not enhanced.

[2020-07-08 20:54:05 #4 type] 
Type gov.deajcesar.judisafese.entity.Register is not enhanced.

------------------------------------------------------------------------------------------------------------------------

[2020-07-08 20:56:04 #1 store] 
Database 'C:\Users\jairo\OneDrive\Documentos\NetBeansProjects\JudiSafeSE\objectdb-2.8.2\db\Judis.odb' is opened by 3928@DESKTOP-AIVVGFP

[2020-07-08 20:56:04 #2 store] 
Configuration path: C:\Users\jairo\OneDrive\Documentos\NetBeansProjects\JudiSafeSE\objectdb-2.8.2\objectdb.conf

[2020-07-08 20:56:05 #3 type] 
Type gov.deajcesar.judisafese.entity.Person is not enhanced.

[2020-07-08 20:56:05 #4 type] 
Type gov.deajcesar.judisafese.entity.Register is not enhanced.

------------------------------------------------------------------------------------------------------------------------

[2020-07-08 20:57:44 #1 store] 
Database 'C:\Users\jairo\OneDrive\Documentos\NetBeansProjects\JudiSafeSE\objectdb-2.8.2\db\Judis.odb' is opened by 7620@DESKTOP-AIVVGFP

[2020-07-08 20:57:44 #2 store] 
Configuration path: C:\Users\jairo\OneDrive\Documentos\NetBeansProjects\JudiSafeSE\objectdb-2.8.2\objectdb.conf

[2020-07-08 20:57:45 #3 type] 
Type gov.deajcesar.judisafese.entity.Person is not enhanced.

[2020-07-08 20:57:45 #4 type] 
Type gov.deajcesar.judisafese.entity.Register is not enhanced.

------------------------------------------------------------------------------------------------------------------------

[2020-07-08 20:58:33 #1 store] 
Database 'C:\Users\jairo\OneDrive\Documentos\NetBeansProjects\JudiSafeSE\objectdb-2.8.2\db\Judis.odb' is opened by 8956@DESKTOP-AIVVGFP

[2020-07-08 20:58:33 #2 store] 
Configuration path: C:\Users\jairo\OneDrive\Documentos\NetBeansProjects\JudiSafeSE\objectdb-2.8.2\objectdb.conf

[2020-07-08 20:58:33 #3 type] 
Type gov.deajcesar.judisafese.entity.Person is not enhanced.

[2020-07-08 20:58:33 #4 type] 
Type gov.deajcesar.judisafese.entity.Register is not enhanced.

------------------------------------------------------------------------------------------------------------------------

[2020-07-08 21:34:36 #1 store] 
Database 'C:\Users\jairo\OneDrive\Documentos\NetBeansProjects\JudiSafeSE\objectdb-2.8.2\db\Judis.odb' is opened by 7008@DESKTOP-AIVVGFP

[2020-07-08 21:34:36 #2 store] 
Configuration path: C:\Users\jairo\OneDrive\Documentos\NetBeansProjects\JudiSafeSE\objectdb-2.8.2\objectdb.conf

[2020-07-08 21:34:36 #3 type] 
Type gov.deajcesar.judisafese.entity.Person is not enhanced.

[2020-07-08 21:34:36 #4 type] 
Type gov.deajcesar.judisafese.entity.Register is not enhanced.

------------------------------------------------------------------------------------------------------------------------

[2020-07-08 21:36:44 #1 store] 
Database 'C:\Users\jairo\OneDrive\Documentos\NetBeansProjects\JudiSafeSE\objectdb-2.8.2\db\Judis.odb' is opened by 2664@DESKTOP-AIVVGFP

[2020-07-08 21:36:44 #2 store] 
Configuration path: C:\Users\jairo\OneDrive\Documentos\NetBeansProjects\JudiSafeSE\objectdb-2.8.2\objectdb.conf

[2020-07-08 21:36:44 #3 type] 
Type gov.deajcesar.judisafese.entity.Person is not enhanced.

[2020-07-08 21:36:44 #4 type] 
Type gov.deajcesar.judisafese.entity.Register is not enhanced.

------------------------------------------------------------------------------------------------------------------------

[2020-07-08 21:40:47 #1 store] 
Database 'C:\Users\jairo\OneDrive\Documentos\NetBeansProjects\JudiSafeSE\objectdb-2.8.2\db\Judis.odb' is opened by 5912@DESKTOP-AIVVGFP

[2020-07-08 21:40:47 #2 store] 
Configuration path: C:\Users\jairo\OneDrive\Documentos\NetBeansProjects\JudiSafeSE\objectdb-2.8.2\objectdb.conf

[2020-07-08 21:40:48 #3 type] 
Type gov.deajcesar.judisafese.entity.Person is not enhanced.

[2020-07-08 21:40:48 #4 type] 
Type gov.deajcesar.judisafese.entity.Register is not enhanced.

------------------------------------------------------------------------------------------------------------------------

[2020-07-08 21:42:28 #1 store] 
Database 'C:\Users\jairo\OneDrive\Documentos\NetBeansProjects\JudiSafeSE\objectdb-2.8.2\db\Judis.odb' is opened by 6580@DESKTOP-AIVVGFP

[2020-07-08 21:42:28 #2 store] 
Configuration path: C:\Users\jairo\OneDrive\Documentos\NetBeansProjects\JudiSafeSE\objectdb-2.8.2\objectdb.conf

[2020-07-08 21:42:28 #3 type] 
Type gov.deajcesar.judisafese.entity.Person is not enhanced.

[2020-07-08 21:42:28 #4 type] 
Type gov.deajcesar.judisafese.entity.Register is not enhanced.

------------------------------------------------------------------------------------------------------------------------

[2020-07-08 21:43:02 #1 store] 
Database 'C:\Users\jairo\OneDrive\Documentos\NetBeansProjects\JudiSafeSE\objectdb-2.8.2\db\Judis.odb' is opened by 6000@DESKTOP-AIVVGFP

[2020-07-08 21:43:02 #2 store] 
Configuration path: C:\Users\jairo\OneDrive\Documentos\NetBeansProjects\JudiSafeSE\objectdb-2.8.2\objectdb.conf

[2020-07-08 21:43:02 #3 type] 
Type gov.deajcesar.judisafese.entity.Person is not enhanced.

[2020-07-08 21:43:02 #4 type] 
Type gov.deajcesar.judisafese.entity.Register is not enhanced.

------------------------------------------------------------------------------------------------------------------------

[2020-07-08 21:43:55 #1 store] 
Database 'C:\Users\jairo\OneDrive\Documentos\NetBeansProjects\JudiSafeSE\objectdb-2.8.2\db\Judis.odb' is opened by 5484@DESKTOP-AIVVGFP

[2020-07-08 21:43:55 #2 store] 
Configuration path: C:\Users\jairo\OneDrive\Documentos\NetBeansProjects\JudiSafeSE\objectdb-2.8.2\objectdb.conf

[2020-07-08 21:43:56 #3 type] 
Type gov.deajcesar.judisafese.entity.Person is not enhanced.

[2020-07-08 21:43:56 #4 type] 
Type gov.deajcesar.judisafese.entity.Register is not enhanced.

------------------------------------------------------------------------------------------------------------------------

[2020-07-08 21:46:08 #1 store] 
Database 'C:\Users\jairo\OneDrive\Documentos\NetBeansProjects\JudiSafeSE\objectdb-2.8.2\db\Judis.odb' is opened by 7656@DESKTOP-AIVVGFP

[2020-07-08 21:46:08 #2 store] 
Configuration path: C:\Users\jairo\OneDrive\Documentos\NetBeansProjects\JudiSafeSE\objectdb-2.8.2\objectdb.conf

[2020-07-08 21:46:08 #3 type] 
Type gov.deajcesar.judisafese.entity.Person is not enhanced.

[2020-07-08 21:46:08 #4 type] 
Type gov.deajcesar.judisafese.entity.Register is not enhanced.

------------------------------------------------------------------------------------------------------------------------

[2020-07-08 21:47:31 #1 store] 
Database 'C:\Users\jairo\OneDrive\Documentos\NetBeansProjects\JudiSafeSE\objectdb-2.8.2\db\Judis.odb' is opened by 8608@DESKTOP-AIVVGFP

[2020-07-08 21:47:31 #2 store] 
Configuration path: C:\Users\jairo\OneDrive\Documentos\NetBeansProjects\JudiSafeSE\objectdb-2.8.2\objectdb.conf

[2020-07-08 21:47:32 #3 type] 
Type gov.deajcesar.judisafese.entity.Person is not enhanced.

[2020-07-08 21:47:32 #4 type] 
Type gov.deajcesar.judisafese.entity.Register is not enhanced.

------------------------------------------------------------------------------------------------------------------------

[2020-07-08 21:48:48 #1 store] 
Database 'C:\Users\jairo\OneDrive\Documentos\NetBeansProjects\JudiSafeSE\objectdb-2.8.2\db\Judis.odb' is opened by 9060@DESKTOP-AIVVGFP

[2020-07-08 21:48:48 #2 store] 
Configuration path: C:\Users\jairo\OneDrive\Documentos\NetBeansProjects\JudiSafeSE\objectdb-2.8.2\objectdb.conf

[2020-07-08 21:48:48 #3 type] 
Type gov.deajcesar.judisafese.entity.Person is not enhanced.

[2020-07-08 21:48:48 #4 type] 
Type gov.deajcesar.judisafese.entity.Register is not enhanced.

------------------------------------------------------------------------------------------------------------------------

[2020-07-08 21:50:24 #1 store] 
Database 'C:\Users\jairo\OneDrive\Documentos\NetBeansProjects\JudiSafeSE\objectdb-2.8.2\db\Judis.odb' is opened by 8752@DESKTOP-AIVVGFP

[2020-07-08 21:50:24 #2 store] 
Configuration path: C:\Users\jairo\OneDrive\Documentos\NetBeansProjects\JudiSafeSE\objectdb-2.8.2\objectdb.conf

[2020-07-08 21:50:24 #3 type] 
Type gov.deajcesar.judisafese.entity.Person is not enhanced.

[2020-07-08 21:50:24 #4 type] 
Type gov.deajcesar.judisafese.entity.Register is not enhanced.

------------------------------------------------------------------------------------------------------------------------

[2020-07-08 21:51:48 #1 store] 
Database 'C:\Users\jairo\OneDrive\Documentos\NetBeansProjects\JudiSafeSE\objectdb-2.8.2\db\Judis.odb' is opened by 1960@DESKTOP-AIVVGFP

[2020-07-08 21:51:48 #2 store] 
Configuration path: C:\Users\jairo\OneDrive\Documentos\NetBeansProjects\JudiSafeSE\objectdb-2.8.2\objectdb.conf

[2020-07-08 21:51:49 #3 type] 
Type gov.deajcesar.judisafese.entity.Person is not enhanced.

[2020-07-08 21:51:49 #4 type] 
Type gov.deajcesar.judisafese.entity.Register is not enhanced.

------------------------------------------------------------------------------------------------------------------------

[2020-07-08 21:52:47 #1 store] 
Database 'C:\Users\jairo\OneDrive\Documentos\NetBeansProjects\JudiSafeSE\objectdb-2.8.2\db\Judis.odb' is opened by 5744@DESKTOP-AIVVGFP

[2020-07-08 21:52:47 #2 store] 
Configuration path: C:\Users\jairo\OneDrive\Documentos\NetBeansProjects\JudiSafeSE\objectdb-2.8.2\objectdb.conf

[2020-07-08 21:52:48 #3 type] 
Type gov.deajcesar.judisafese.entity.Person is not enhanced.

[2020-07-08 21:52:48 #4 type] 
Type gov.deajcesar.judisafese.entity.Register is not enhanced.

------------------------------------------------------------------------------------------------------------------------

[2020-07-08 22:17:16 #1 store] 
Database 'C:\Users\jairo\OneDrive\Documentos\NetBeansProjects\JudiSafeSE\objectdb-2.8.2\db\Judis.odb' is opened by 7624@DESKTOP-AIVVGFP

[2020-07-08 22:17:16 #2 store] 
Configuration path: C:\Users\jairo\OneDrive\Documentos\NetBeansProjects\JudiSafeSE\objectdb-2.8.2\objectdb.conf

[2020-07-08 22:17:16 #3 type] 
Type gov.deajcesar.judisafese.entity.Person is not enhanced.

[2020-07-08 22:17:16 #4 type] 
Type gov.deajcesar.judisafese.entity.Register is not enhanced.

------------------------------------------------------------------------------------------------------------------------

[2020-07-08 22:22:08 #1 store] 
Database 'C:\Users\jairo\OneDrive\Documentos\NetBeansProjects\JudiSafeSE\objectdb-2.8.2\db\Judis.odb' is opened by 7656@DESKTOP-AIVVGFP

[2020-07-08 22:22:08 #2 store] 
Configuration path: C:\Users\jairo\OneDrive\Documentos\NetBeansProjects\JudiSafeSE\objectdb-2.8.2\objectdb.conf

[2020-07-08 22:22:08 #3 type] 
Type gov.deajcesar.judisafese.entity.Person is not enhanced.

[2020-07-08 22:22:08 #4 type] 
Type gov.deajcesar.judisafese.entity.Register is not enhanced.

------------------------------------------------------------------------------------------------------------------------

[2020-07-08 22:25:52 #1 store] 
Database 'C:\Users\jairo\OneDrive\Documentos\NetBeansProjects\JudiSafeSE\objectdb-2.8.2\db\Judis.odb' is opened by 4792@DESKTOP-AIVVGFP

[2020-07-08 22:25:52 #2 store] 
Configuration path: C:\Users\jairo\OneDrive\Documentos\NetBeansProjects\JudiSafeSE\objectdb-2.8.2\objectdb.conf

[2020-07-08 22:25:53 #3 type] 
Type gov.deajcesar.judisafese.entity.Person is not enhanced.

[2020-07-08 22:25:54 #4 type] 
Type gov.deajcesar.judisafese.entity.Register is not enhanced.

------------------------------------------------------------------------------------------------------------------------

[2020-07-08 22:27:56 #1 store] 
Database 'C:\Users\jairo\OneDrive\Documentos\NetBeansProjects\JudiSafeSE\objectdb-2.8.2\db\Judis.odb' is opened by 7884@DESKTOP-AIVVGFP

[2020-07-08 22:27:56 #2 store] 
Configuration path: C:\Users\jairo\OneDrive\Documentos\NetBeansProjects\JudiSafeSE\objectdb-2.8.2\objectdb.conf

[2020-07-08 22:27:57 #3 type] 
Type gov.deajcesar.judisafese.entity.Person is not enhanced.

[2020-07-08 22:27:57 #4 type] 
Type gov.deajcesar.judisafese.entity.Register is not enhanced.

------------------------------------------------------------------------------------------------------------------------

[2020-07-08 22:53:33 #1 store] 
Database 'C:\Users\jairo\OneDrive\Documentos\NetBeansProjects\JudiSafeSE\objectdb-2.8.2\db\Judis.odb' is opened by 456@DESKTOP-AIVVGFP

[2020-07-08 22:53:33 #2 store] 
Configuration path: C:\Users\jairo\OneDrive\Documentos\NetBeansProjects\JudiSafeSE\objectdb-2.8.2\objectdb.conf

[2020-07-08 22:53:34 #3 type] 
Type gov.deajcesar.judisafese.entity.Person is not enhanced.

[2020-07-08 22:53:34 #4 type] 
Type gov.deajcesar.judisafese.entity.Register is not enhanced.

------------------------------------------------------------------------------------------------------------------------

[2020-07-08 23:05:53 #1 store] 
Database 'C:\Users\jairo\OneDrive\Documentos\NetBeansProjects\JudiSafeSE\objectdb-2.8.2\db\Judis.odb' is opened by 4664@DESKTOP-AIVVGFP

[2020-07-08 23:05:53 #2 store] 
Configuration path: C:\Users\jairo\OneDrive\Documentos\NetBeansProjects\JudiSafeSE\objectdb-2.8.2\objectdb.conf

[2020-07-08 23:05:53 #3 type] 
Type gov.deajcesar.judisafese.entity.Person is not enhanced.

[2020-07-08 23:05:53 #4 type] 
Type gov.deajcesar.judisafese.entity.Register is not enhanced.

------------------------------------------------------------------------------------------------------------------------

[2020-07-08 23:10:58 #1 store] 
Database 'C:\Users\jairo\OneDrive\Documentos\NetBeansProjects\JudiSafeSE\objectdb-2.8.2\db\Judis.odb' is opened by 1776@DESKTOP-AIVVGFP

[2020-07-08 23:10:58 #2 store] 
Configuration path: C:\Users\jairo\OneDrive\Documentos\NetBeansProjects\JudiSafeSE\objectdb-2.8.2\objectdb.conf

[2020-07-08 23:10:58 #3 type] 
Type gov.deajcesar.judisafese.entity.Person is not enhanced.

[2020-07-08 23:10:58 #4 type] 
Type gov.deajcesar.judisafese.entity.Register is not enhanced.

------------------------------------------------------------------------------------------------------------------------

[2020-07-08 23:16:59 #1 store] 
Database 'C:\Users\jairo\OneDrive\Documentos\NetBeansProjects\JudiSafeSE\objectdb-2.8.2\db\Judis.odb' is opened by 7708@DESKTOP-AIVVGFP

[2020-07-08 23:16:59 #2 store] 
Configuration path: C:\Users\jairo\OneDrive\Documentos\NetBeansProjects\JudiSafeSE\objectdb-2.8.2\objectdb.conf

[2020-07-08 23:16:59 #3 type] 
Type gov.deajcesar.judisafese.entity.Person is not enhanced.

[2020-07-08 23:16:59 #4 type] 
Type gov.deajcesar.judisafese.entity.Register is not enhanced.

------------------------------------------------------------------------------------------------------------------------

[2020-07-08 23:28:15 #1 store] 
Database 'C:\Users\jairo\OneDrive\Documentos\NetBeansProjects\JudiSafeSE\objectdb-2.8.2\db\Judis.odb' is opened by 936@DESKTOP-AIVVGFP

[2020-07-08 23:28:15 #2 store] 
Configuration path: C:\Users\jairo\OneDrive\Documentos\NetBeansProjects\JudiSafeSE\objectdb-2.8.2\objectdb.conf

[2020-07-08 23:28:15 #3 type] 
Type gov.deajcesar.judisafese.entity.Person is not enhanced.

[2020-07-08 23:28:15 #4 type] 
Type gov.deajcesar.judisafese.entity.Register is not enhanced.

------------------------------------------------------------------------------------------------------------------------

[2020-07-08 23:39:02 #1 store] 
Database 'C:\Users\jairo\OneDrive\Documentos\NetBeansProjects\JudiSafeSE\objectdb-2.8.2\db\Judis.odb' is opened by 5608@DESKTOP-AIVVGFP

[2020-07-08 23:39:02 #2 store] 
Configuration path: C:\Users\jairo\OneDrive\Documentos\NetBeansProjects\JudiSafeSE\objectdb-2.8.2\objectdb.conf

[2020-07-08 23:39:03 #3 type] 
Type gov.deajcesar.judisafese.entity.Person is not enhanced.

[2020-07-08 23:39:03 #4 type] 
Type gov.deajcesar.judisafese.entity.Register is not enhanced.

