------------------------------------------------------------------------------------------------------------------------

[2020-07-13 10:39:33 #1 store] 
Database 'C:\Users\jairo\OneDrive\Documentos\NetBeansProjects\JudiSafeSE\objectdb-2.8.2\db\JudisafeSEDB.odb' is opened by 5060@DESKTOP-AIVVGFP

[2020-07-13 10:39:33 #2 store] 
Configuration path: C:\Users\jairo\OneDrive\Documentos\NetBeansProjects\JudiSafeSE\objectdb-2.8.2\objectdb.conf

[2020-07-13 10:39:34 #3 type] 
Type gov.deajcesar.judisafese.entity.Person is not enhanced.

[2020-07-13 10:39:34 #4 type] 
Type gov.deajcesar.judisafese.entity.Register is not enhanced.

------------------------------------------------------------------------------------------------------------------------

[2020-07-13 10:51:17 #1 store] 
Database 'C:\Users\jairo\OneDrive\Documentos\NetBeansProjects\JudiSafeSE\objectdb-2.8.2\db\JudisafeSEDB.odb' has been recovered (tr. 8-8)

[2020-07-13 10:51:17 #2 store] 
Database 'C:\Users\jairo\OneDrive\Documentos\NetBeansProjects\JudiSafeSE\objectdb-2.8.2\db\JudisafeSEDB.odb' is opened by 1560@DESKTOP-AIVVGFP

[2020-07-13 10:51:17 #3 store] 
Configuration path: C:\Users\jairo\OneDrive\Documentos\NetBeansProjects\JudiSafeSE\objectdb-2.8.2\objectdb.conf

[2020-07-13 10:51:18 #4 type] 
Type gov.deajcesar.judisafese.entity.Person is not enhanced.

[2020-07-13 10:51:18 #5 type] 
Type gov.deajcesar.judisafese.entity.Register is not enhanced.

------------------------------------------------------------------------------------------------------------------------

[2020-07-13 10:54:24 #1 store] 
Database 'C:\Users\jairo\OneDrive\Documentos\NetBeansProjects\JudiSafeSE\objectdb-2.8.2\db\JudisafeSEDB.odb' is opened by 9528@DESKTOP-AIVVGFP

[2020-07-13 10:54:24 #2 store] 
Configuration path: C:\Users\jairo\OneDrive\Documentos\NetBeansProjects\JudiSafeSE\objectdb-2.8.2\objectdb.conf

[2020-07-13 10:54:24 #3 type] 
Type gov.deajcesar.judisafese.entity.Person is not enhanced.

[2020-07-13 10:54:24 #4 type] 
Type gov.deajcesar.judisafese.entity.Register is not enhanced.

------------------------------------------------------------------------------------------------------------------------

[2020-07-13 10:56:49 #1 store] 
Database 'C:\Users\jairo\OneDrive\Documentos\NetBeansProjects\JudiSafeSE\objectdb-2.8.2\db\JudisafeSEDB.odb' is opened by 7204@DESKTOP-AIVVGFP

[2020-07-13 10:56:49 #2 store] 
Configuration path: C:\Users\jairo\OneDrive\Documentos\NetBeansProjects\JudiSafeSE\objectdb-2.8.2\objectdb.conf

[2020-07-13 10:56:49 #3 type] 
Type gov.deajcesar.judisafese.entity.Person is not enhanced.

[2020-07-13 10:56:49 #4 type] 
Type gov.deajcesar.judisafese.entity.Register is not enhanced.

------------------------------------------------------------------------------------------------------------------------

[2020-07-13 10:58:46 #1 store] 
Database 'C:\Users\jairo\OneDrive\Documentos\NetBeansProjects\JudiSafeSE\objectdb-2.8.2\db\JudisafeSEDB.odb' is opened by 3864@DESKTOP-AIVVGFP

[2020-07-13 10:58:46 #2 store] 
Configuration path: C:\Users\jairo\OneDrive\Documentos\NetBeansProjects\JudiSafeSE\objectdb-2.8.2\objectdb.conf

[2020-07-13 10:58:46 #3 type] 
Type gov.deajcesar.judisafese.entity.Person is not enhanced.

[2020-07-13 10:58:46 #4 type] 
Type gov.deajcesar.judisafese.entity.Register is not enhanced.

------------------------------------------------------------------------------------------------------------------------

[2020-07-13 11:01:01 #1 store] 
Database 'C:\Users\jairo\OneDrive\Documentos\NetBeansProjects\JudiSafeSE\objectdb-2.8.2\db\JudisafeSEDB.odb' is opened by 6404@DESKTOP-AIVVGFP

[2020-07-13 11:01:01 #2 store] 
Configuration path: C:\Users\jairo\OneDrive\Documentos\NetBeansProjects\JudiSafeSE\objectdb-2.8.2\objectdb.conf

[2020-07-13 11:01:01 #3 type] 
Type gov.deajcesar.judisafese.entity.Person is not enhanced.

[2020-07-13 11:01:01 #4 type] 
Type gov.deajcesar.judisafese.entity.Register is not enhanced.

------------------------------------------------------------------------------------------------------------------------

[2020-07-13 11:14:45 #1 store] 
Database 'C:\Users\jairo\OneDrive\Documentos\NetBeansProjects\JudiSafeSE\objectdb-2.8.2\db\JudisafeSEDB.odb' is opened by 6532@DESKTOP-AIVVGFP

[2020-07-13 11:14:45 #2 store] 
Configuration path: C:\Users\jairo\OneDrive\Documentos\NetBeansProjects\JudiSafeSE\objectdb-2.8.2\objectdb.conf

[2020-07-13 11:14:46 #3 type] 
Type gov.deajcesar.judisafese.entity.Person is not enhanced.

[2020-07-13 11:14:46 #4 type] 
Type gov.deajcesar.judisafese.entity.Register is not enhanced.

------------------------------------------------------------------------------------------------------------------------

[2020-07-13 11:17:50 #1 store] 
Database 'C:\Users\jairo\OneDrive\Documentos\NetBeansProjects\JudiSafeSE\objectdb-2.8.2\db\JudisafeSEDB.odb' has been recovered (tr. 9-9)

[2020-07-13 11:17:51 #2 store] 
Database 'C:\Users\jairo\OneDrive\Documentos\NetBeansProjects\JudiSafeSE\objectdb-2.8.2\db\JudisafeSEDB.odb' is opened by 8904@DESKTOP-AIVVGFP

[2020-07-13 11:17:51 #3 store] 
Configuration path: C:\Users\jairo\OneDrive\Documentos\NetBeansProjects\JudiSafeSE\objectdb-2.8.2\objectdb.conf

[2020-07-13 11:17:51 #4 type] 
Type gov.deajcesar.judisafese.entity.Person is not enhanced.

[2020-07-13 11:17:51 #5 type] 
Type gov.deajcesar.judisafese.entity.Register is not enhanced.

------------------------------------------------------------------------------------------------------------------------

[2020-07-13 11:18:48 #1 store] 
Database 'C:\Users\jairo\OneDrive\Documentos\NetBeansProjects\JudiSafeSE\objectdb-2.8.2\db\JudisafeSEDB.odb' is opened by 8972@DESKTOP-AIVVGFP

[2020-07-13 11:18:48 #2 store] 
Configuration path: C:\Users\jairo\OneDrive\Documentos\NetBeansProjects\JudiSafeSE\objectdb-2.8.2\objectdb.conf

[2020-07-13 11:18:48 #3 type] 
Type gov.deajcesar.judisafese.entity.Person is not enhanced.

[2020-07-13 11:18:48 #4 type] 
Type gov.deajcesar.judisafese.entity.Register is not enhanced.

------------------------------------------------------------------------------------------------------------------------

[2020-07-13 11:22:17 #1 store] 
Database 'C:\Users\jairo\OneDrive\Documentos\NetBeansProjects\JudiSafeSE\objectdb-2.8.2\db\JudisafeSEDB.odb' is opened by 5472@DESKTOP-AIVVGFP

[2020-07-13 11:22:17 #2 store] 
Configuration path: C:\Users\jairo\OneDrive\Documentos\NetBeansProjects\JudiSafeSE\objectdb-2.8.2\objectdb.conf

[2020-07-13 11:22:17 #3 type] 
Type gov.deajcesar.judisafese.entity.Person is not enhanced.

[2020-07-13 11:22:17 #4 type] 
Type gov.deajcesar.judisafese.entity.Register is not enhanced.

------------------------------------------------------------------------------------------------------------------------

[2020-07-13 11:27:16 #1 store] 
Database 'C:\Users\jairo\OneDrive\Documentos\NetBeansProjects\JudiSafeSE\objectdb-2.8.2\db\JudisafeSEDB.odb' has been recovered (tr. 1-7)

[2020-07-13 11:27:16 #2 store] 
Database 'C:\Users\jairo\OneDrive\Documentos\NetBeansProjects\JudiSafeSE\objectdb-2.8.2\db\JudisafeSEDB.odb' is opened by 8968@DESKTOP-AIVVGFP

[2020-07-13 11:27:16 #3 store] 
Configuration path: C:\Users\jairo\OneDrive\Documentos\NetBeansProjects\JudiSafeSE\objectdb-2.8.2\objectdb.conf

[2020-07-13 11:28:18 #4 store] 
Database 'C:\Users\jairo\OneDrive\Documentos\NetBeansProjects\JudiSafeSE\objectdb-2.8.2\db\JudisafeSEDB.odb' is closed by 8968@DESKTOP-AIVVGFP

------------------------------------------------------------------------------------------------------------------------

[2020-07-13 11:28:48 #1 store] 
Database 'C:\Users\jairo\OneDrive\Documentos\NetBeansProjects\JudiSafeSE\objectdb-2.8.2\db\JudisafeSEDB.odb' is opened by 6372@DESKTOP-AIVVGFP

[2020-07-13 11:28:48 #2 store] 
Configuration path: C:\Users\jairo\OneDrive\Documentos\NetBeansProjects\JudiSafeSE\objectdb-2.8.2\objectdb.conf

[2020-07-13 11:28:48 #3 type] 
Type gov.deajcesar.judisafese.entity.Person is not enhanced.

[2020-07-13 11:28:48 #4 type] 
Type gov.deajcesar.judisafese.entity.Register is not enhanced.

------------------------------------------------------------------------------------------------------------------------

[2020-07-13 11:34:16 #1 store] 
Database 'C:\Users\jairo\OneDrive\Documentos\NetBeansProjects\JudiSafeSE\objectdb-2.8.2\db\JudisafeSEDB.odb' is opened by 4812@DESKTOP-AIVVGFP

[2020-07-13 11:34:16 #2 store] 
Configuration path: C:\Users\jairo\OneDrive\Documentos\NetBeansProjects\JudiSafeSE\objectdb-2.8.2\objectdb.conf

[2020-07-13 11:34:16 #3 type] 
Type gov.deajcesar.judisafese.entity.Person is not enhanced.

[2020-07-13 11:34:16 #4 type] 
Type gov.deajcesar.judisafese.entity.Register is not enhanced.

------------------------------------------------------------------------------------------------------------------------

[2020-07-13 11:44:44 #1 store] 
Database 'C:\Users\jairo\OneDrive\Documentos\NetBeansProjects\JudiSafeSE\objectdb-2.8.2\db\JudisafeSEDB.odb' has been recovered (tr. 9-10)

[2020-07-13 11:44:45 #2 store] 
Database 'C:\Users\jairo\OneDrive\Documentos\NetBeansProjects\JudiSafeSE\objectdb-2.8.2\db\JudisafeSEDB.odb' is opened by 2884@DESKTOP-AIVVGFP

[2020-07-13 11:44:45 #3 store] 
Configuration path: C:\Users\jairo\OneDrive\Documentos\NetBeansProjects\JudiSafeSE\objectdb-2.8.2\objectdb.conf

[2020-07-13 11:44:45 #4 type] 
Type gov.deajcesar.judisafese.entity.Person is not enhanced.

[2020-07-13 11:44:45 #5 type] 
Type gov.deajcesar.judisafese.entity.Register is not enhanced.

------------------------------------------------------------------------------------------------------------------------

[2020-07-13 11:45:17 #1 store] 
Database 'C:\Users\jairo\OneDrive\Documentos\NetBeansProjects\JudiSafeSE\objectdb-2.8.2\db\JudisafeSEDB.odb' is opened by 9108@DESKTOP-AIVVGFP

[2020-07-13 11:45:17 #2 store] 
Configuration path: C:\Users\jairo\OneDrive\Documentos\NetBeansProjects\JudiSafeSE\objectdb-2.8.2\objectdb.conf

[2020-07-13 11:45:18 #3 type] 
Type gov.deajcesar.judisafese.entity.Person is not enhanced.

[2020-07-13 11:45:18 #4 type] 
Type gov.deajcesar.judisafese.entity.Register is not enhanced.

------------------------------------------------------------------------------------------------------------------------

[2020-07-13 11:46:11 #1 store] 
Database 'C:\Users\jairo\OneDrive\Documentos\NetBeansProjects\JudiSafeSE\objectdb-2.8.2\db\JudisafeSEDB.odb' is opened by 1716@DESKTOP-AIVVGFP

[2020-07-13 11:46:11 #2 store] 
Configuration path: C:\Users\jairo\OneDrive\Documentos\NetBeansProjects\JudiSafeSE\objectdb-2.8.2\objectdb.conf

[2020-07-13 11:46:11 #3 type] 
Type gov.deajcesar.judisafese.entity.Person is not enhanced.

[2020-07-13 11:46:11 #4 type] 
Type gov.deajcesar.judisafese.entity.Register is not enhanced.

------------------------------------------------------------------------------------------------------------------------

[2020-07-13 11:47:41 #1 store] 
Database 'C:\Users\jairo\OneDrive\Documentos\NetBeansProjects\JudiSafeSE\objectdb-2.8.2\db\JudisafeSEDB.odb' is opened by 2040@DESKTOP-AIVVGFP

[2020-07-13 11:47:41 #2 store] 
Configuration path: C:\Users\jairo\OneDrive\Documentos\NetBeansProjects\JudiSafeSE\objectdb-2.8.2\objectdb.conf

[2020-07-13 11:47:41 #3 type] 
Type gov.deajcesar.judisafese.entity.Person is not enhanced.

[2020-07-13 11:47:41 #4 type] 
Type gov.deajcesar.judisafese.entity.Register is not enhanced.

------------------------------------------------------------------------------------------------------------------------

[2020-07-13 11:50:26 #1 store] 
Database 'C:\Users\jairo\OneDrive\Documentos\NetBeansProjects\JudiSafeSE\objectdb-2.8.2\db\JudisafeSEDB.odb' is opened by 7352@DESKTOP-AIVVGFP

[2020-07-13 11:50:26 #2 store] 
Configuration path: C:\Users\jairo\OneDrive\Documentos\NetBeansProjects\JudiSafeSE\objectdb-2.8.2\objectdb.conf

[2020-07-13 11:50:26 #3 type] 
Type gov.deajcesar.judisafese.entity.Person is not enhanced.

[2020-07-13 11:50:26 #4 type] 
Type gov.deajcesar.judisafese.entity.Register is not enhanced.

------------------------------------------------------------------------------------------------------------------------

[2020-07-13 11:50:52 #1 store] 
Database 'C:\Users\jairo\OneDrive\Documentos\NetBeansProjects\JudiSafeSE\objectdb-2.8.2\db\JudisafeSEDB.odb' is opened by 2200@DESKTOP-AIVVGFP

[2020-07-13 11:50:52 #2 store] 
Configuration path: C:\Users\jairo\OneDrive\Documentos\NetBeansProjects\JudiSafeSE\objectdb-2.8.2\objectdb.conf

[2020-07-13 11:50:52 #3 type] 
Type gov.deajcesar.judisafese.entity.Person is not enhanced.

[2020-07-13 11:50:52 #4 type] 
Type gov.deajcesar.judisafese.entity.Register is not enhanced.

------------------------------------------------------------------------------------------------------------------------

[2020-07-13 11:53:34 #1 store] 
Database 'C:\Users\jairo\OneDrive\Documentos\NetBeansProjects\JudiSafeSE\objectdb-2.8.2\db\JudisafeSEDB.odb' is opened by 5888@DESKTOP-AIVVGFP

[2020-07-13 11:53:34 #2 store] 
Configuration path: C:\Users\jairo\OneDrive\Documentos\NetBeansProjects\JudiSafeSE\objectdb-2.8.2\objectdb.conf

[2020-07-13 11:53:34 #3 type] 
Type gov.deajcesar.judisafese.entity.Person is not enhanced.

[2020-07-13 11:53:34 #4 type] 
Type gov.deajcesar.judisafese.entity.Register is not enhanced.

------------------------------------------------------------------------------------------------------------------------

[2020-07-13 11:56:15 #1 store] 
Database 'C:\Users\jairo\OneDrive\Documentos\NetBeansProjects\JudiSafeSE\objectdb-2.8.2\db\JudisafeSEDB.odb' is opened by 4928@DESKTOP-AIVVGFP

[2020-07-13 11:56:15 #2 store] 
Configuration path: C:\Users\jairo\OneDrive\Documentos\NetBeansProjects\JudiSafeSE\objectdb-2.8.2\objectdb.conf

[2020-07-13 11:56:15 #3 type] 
Type gov.deajcesar.judisafese.entity.Person is not enhanced.

[2020-07-13 11:56:15 #4 type] 
Type gov.deajcesar.judisafese.entity.Register is not enhanced.

------------------------------------------------------------------------------------------------------------------------

[2020-07-13 12:05:31 #1 store] 
Database 'C:\Users\jairo\OneDrive\Documentos\NetBeansProjects\JudiSafeSE\objectdb-2.8.2\db\JudisafeSEDB.odb' is opened by 4740@DESKTOP-AIVVGFP

[2020-07-13 12:05:31 #2 store] 
Configuration path: C:\Users\jairo\OneDrive\Documentos\NetBeansProjects\JudiSafeSE\objectdb-2.8.2\objectdb.conf

[2020-07-13 12:05:31 #3 type] 
Type gov.deajcesar.judisafese.entity.Person is not enhanced.

[2020-07-13 12:05:31 #4 type] 
Type gov.deajcesar.judisafese.entity.Register is not enhanced.

------------------------------------------------------------------------------------------------------------------------

[2020-07-13 12:09:56 #1 store] 
Database 'C:\Users\jairo\OneDrive\Documentos\NetBeansProjects\JudiSafeSE\objectdb-2.8.2\db\JudisafeSEDB.odb' is opened by 9200@DESKTOP-AIVVGFP

[2020-07-13 12:09:56 #2 store] 
Configuration path: C:\Users\jairo\OneDrive\Documentos\NetBeansProjects\JudiSafeSE\objectdb-2.8.2\objectdb.conf

[2020-07-13 12:09:57 #3 type] 
Type gov.deajcesar.judisafese.entity.Person is not enhanced.

[2020-07-13 12:09:57 #4 type] 
Type gov.deajcesar.judisafese.entity.Register is not enhanced.

------------------------------------------------------------------------------------------------------------------------

[2020-07-13 12:21:19 #1 store] 
Database 'C:\Users\jairo\OneDrive\Documentos\NetBeansProjects\JudiSafeSE\objectdb-2.8.2\db\JudisafeSEDB.odb' is opened by 8012@DESKTOP-AIVVGFP

[2020-07-13 12:21:19 #2 store] 
Configuration path: C:\Users\jairo\OneDrive\Documentos\NetBeansProjects\JudiSafeSE\objectdb-2.8.2\objectdb.conf

[2020-07-13 12:21:19 #3 type] 
Type gov.deajcesar.judisafese.entity.Person is not enhanced.

[2020-07-13 12:21:20 #4 type] 
Type gov.deajcesar.judisafese.entity.Register is not enhanced.

------------------------------------------------------------------------------------------------------------------------

[2020-07-13 12:22:42 #1 store] 
Database 'C:\Users\jairo\OneDrive\Documentos\NetBeansProjects\JudiSafeSE\objectdb-2.8.2\db\JudisafeSEDB.odb' has been recovered (tr. 11-11)

[2020-07-13 12:22:42 #2 store] 
Database 'C:\Users\jairo\OneDrive\Documentos\NetBeansProjects\JudiSafeSE\objectdb-2.8.2\db\JudisafeSEDB.odb' is opened by 8476@DESKTOP-AIVVGFP

[2020-07-13 12:22:42 #3 store] 
Configuration path: C:\Users\jairo\OneDrive\Documentos\NetBeansProjects\JudiSafeSE\objectdb-2.8.2\objectdb.conf

[2020-07-13 12:22:42 #4 type] 
Type gov.deajcesar.judisafese.entity.Person is not enhanced.

[2020-07-13 12:22:42 #5 type] 
Type gov.deajcesar.judisafese.entity.Register is not enhanced.

------------------------------------------------------------------------------------------------------------------------

[2020-07-13 12:28:03 #1 store] 
Database 'C:\Users\jairo\OneDrive\Documentos\NetBeansProjects\JudiSafeSE\objectdb-2.8.2\db\JudisafeSEDB.odb' is opened by 5752@DESKTOP-AIVVGFP

[2020-07-13 12:28:03 #2 store] 
Configuration path: C:\Users\jairo\OneDrive\Documentos\NetBeansProjects\JudiSafeSE\objectdb-2.8.2\objectdb.conf

[2020-07-13 12:28:03 #3 type] 
Type gov.deajcesar.judisafese.entity.Person is not enhanced.

[2020-07-13 12:28:03 #4 type] 
Type gov.deajcesar.judisafese.entity.Register is not enhanced.

------------------------------------------------------------------------------------------------------------------------

[2020-07-13 12:41:10 #1 store] 
Database 'C:\Users\jairo\OneDrive\Documentos\NetBeansProjects\JudiSafeSE\objectdb-2.8.2\db\JudisafeSEDB.odb' is opened by 9884@DESKTOP-AIVVGFP

[2020-07-13 12:41:10 #2 store] 
Configuration path: C:\Users\jairo\OneDrive\Documentos\NetBeansProjects\JudiSafeSE\objectdb-2.8.2\objectdb.conf

[2020-07-13 12:41:11 #3 type] 
Type gov.deajcesar.judisafese.entity.Person is not enhanced.

[2020-07-13 12:41:11 #4 type] 
Type gov.deajcesar.judisafese.entity.Register is not enhanced.

------------------------------------------------------------------------------------------------------------------------

[2020-07-13 12:50:36 #1 store] 
Database 'C:\Users\jairo\OneDrive\Documentos\NetBeansProjects\JudiSafeSE\objectdb-2.8.2\db\JudisafeSEDB.odb' is opened by 8904@DESKTOP-AIVVGFP

[2020-07-13 12:50:36 #2 store] 
Configuration path: C:\Users\jairo\OneDrive\Documentos\NetBeansProjects\JudiSafeSE\objectdb-2.8.2\objectdb.conf

[2020-07-13 12:50:36 #3 type] 
Type gov.deajcesar.judisafese.entity.Person is not enhanced.

[2020-07-13 12:50:36 #4 type] 
Type gov.deajcesar.judisafese.entity.Register is not enhanced.

------------------------------------------------------------------------------------------------------------------------

[2020-07-13 12:51:32 #1 store] 
Database 'C:\Users\jairo\OneDrive\Documentos\NetBeansProjects\JudiSafeSE\objectdb-2.8.2\db\JudisafeSEDB.odb' is opened by 5980@DESKTOP-AIVVGFP

[2020-07-13 12:51:32 #2 store] 
Configuration path: C:\Users\jairo\OneDrive\Documentos\NetBeansProjects\JudiSafeSE\objectdb-2.8.2\objectdb.conf

[2020-07-13 12:51:32 #3 type] 
Type gov.deajcesar.judisafese.entity.Person is not enhanced.

[2020-07-13 12:51:32 #4 type] 
Type gov.deajcesar.judisafese.entity.Register is not enhanced.

------------------------------------------------------------------------------------------------------------------------

[2020-07-13 13:00:55 #1 store] 
Database 'C:\Users\jairo\OneDrive\Documentos\NetBeansProjects\JudiSafeSE\objectdb-2.8.2\db\JudisafeSEDB.odb' has been recovered (tr. 12-13)

[2020-07-13 13:00:55 #2 store] 
Database 'C:\Users\jairo\OneDrive\Documentos\NetBeansProjects\JudiSafeSE\objectdb-2.8.2\db\JudisafeSEDB.odb' is opened by 9992@DESKTOP-AIVVGFP

[2020-07-13 13:00:55 #3 store] 
Configuration path: C:\Users\jairo\OneDrive\Documentos\NetBeansProjects\JudiSafeSE\objectdb-2.8.2\objectdb.conf

[2020-07-13 13:00:56 #4 type] 
Type gov.deajcesar.judisafese.entity.Person is not enhanced.

[2020-07-13 13:00:56 #5 type] 
Type gov.deajcesar.judisafese.entity.Register is not enhanced.

------------------------------------------------------------------------------------------------------------------------

[2020-07-13 13:14:12 #1 store] 
Database 'C:\Users\jairo\OneDrive\Documentos\NetBeansProjects\JudiSafeSE\objectdb-2.8.2\db\JudisafeSEDB.odb' is opened by 8436@DESKTOP-AIVVGFP

[2020-07-13 13:14:12 #2 store] 
Configuration path: C:\Users\jairo\OneDrive\Documentos\NetBeansProjects\JudiSafeSE\objectdb-2.8.2\objectdb.conf

[2020-07-13 13:14:13 #3 type] 
Type gov.deajcesar.judisafese.entity.Person is not enhanced.

[2020-07-13 13:14:13 #4 type] 
Type gov.deajcesar.judisafese.entity.Register is not enhanced.

------------------------------------------------------------------------------------------------------------------------

[2020-07-13 13:15:00 #1 store] 
Database 'C:\Users\jairo\OneDrive\Documentos\NetBeansProjects\JudiSafeSE\objectdb-2.8.2\db\JudisafeSEDB.odb' is opened by 1508@DESKTOP-AIVVGFP

[2020-07-13 13:15:00 #2 store] 
Configuration path: C:\Users\jairo\OneDrive\Documentos\NetBeansProjects\JudiSafeSE\objectdb-2.8.2\objectdb.conf

[2020-07-13 13:15:00 #3 type] 
Type gov.deajcesar.judisafese.entity.Person is not enhanced.

[2020-07-13 13:15:00 #4 type] 
Type gov.deajcesar.judisafese.entity.Register is not enhanced.

------------------------------------------------------------------------------------------------------------------------

[2020-07-13 13:15:42 #1 store] 
Database 'C:\Users\jairo\OneDrive\Documentos\NetBeansProjects\JudiSafeSE\objectdb-2.8.2\db\JudisafeSEDB.odb' is opened by 1900@DESKTOP-AIVVGFP

[2020-07-13 13:15:42 #2 store] 
Configuration path: C:\Users\jairo\OneDrive\Documentos\NetBeansProjects\JudiSafeSE\objectdb-2.8.2\objectdb.conf

[2020-07-13 13:15:42 #3 type] 
Type gov.deajcesar.judisafese.entity.Person is not enhanced.

[2020-07-13 13:15:42 #4 type] 
Type gov.deajcesar.judisafese.entity.Register is not enhanced.

------------------------------------------------------------------------------------------------------------------------

[2020-07-13 13:17:04 #1 store] 
Database 'C:\Users\jairo\OneDrive\Documentos\NetBeansProjects\JudiSafeSE\objectdb-2.8.2\db\JudisafeSEDB.odb' is opened by 9528@DESKTOP-AIVVGFP

[2020-07-13 13:17:04 #2 store] 
Configuration path: C:\Users\jairo\OneDrive\Documentos\NetBeansProjects\JudiSafeSE\objectdb-2.8.2\objectdb.conf

[2020-07-13 13:17:04 #3 type] 
Type gov.deajcesar.judisafese.entity.Person is not enhanced.

[2020-07-13 13:17:04 #4 type] 
Type gov.deajcesar.judisafese.entity.Register is not enhanced.

------------------------------------------------------------------------------------------------------------------------

[2020-07-13 13:17:56 #1 store] 
Database 'C:\Users\jairo\OneDrive\Documentos\NetBeansProjects\JudiSafeSE\objectdb-2.8.2\db\JudisafeSEDB.odb' is opened by 8620@DESKTOP-AIVVGFP

[2020-07-13 13:17:56 #2 store] 
Configuration path: C:\Users\jairo\OneDrive\Documentos\NetBeansProjects\JudiSafeSE\objectdb-2.8.2\objectdb.conf

[2020-07-13 13:17:56 #3 type] 
Type gov.deajcesar.judisafese.entity.Person is not enhanced.

[2020-07-13 13:17:56 #4 type] 
Type gov.deajcesar.judisafese.entity.Register is not enhanced.

------------------------------------------------------------------------------------------------------------------------

[2020-07-13 13:32:07 #1 store] 
Database 'C:\Users\jairo\OneDrive\Documentos\NetBeansProjects\JudiSafeSE\objectdb-2.8.2\db\JudisafeSEDB.odb' is opened by 3868@DESKTOP-AIVVGFP

[2020-07-13 13:32:07 #2 store] 
Configuration path: C:\Users\jairo\OneDrive\Documentos\NetBeansProjects\JudiSafeSE\objectdb-2.8.2\objectdb.conf

[2020-07-13 13:32:07 #3 type] 
Type gov.deajcesar.judisafese.entity.Person is not enhanced.

[2020-07-13 13:32:07 #4 type] 
Type gov.deajcesar.judisafese.entity.Register is not enhanced.

------------------------------------------------------------------------------------------------------------------------

[2020-07-13 13:34:08 #1 store] 
Database 'C:\Users\jairo\OneDrive\Documentos\NetBeansProjects\JudiSafeSE\objectdb-2.8.2\db\JudisafeSEDB.odb' is opened by 7624@DESKTOP-AIVVGFP

[2020-07-13 13:34:08 #2 store] 
Configuration path: C:\Users\jairo\OneDrive\Documentos\NetBeansProjects\JudiSafeSE\objectdb-2.8.2\objectdb.conf

[2020-07-13 13:34:08 #3 type] 
Type gov.deajcesar.judisafese.entity.Person is not enhanced.

[2020-07-13 13:34:08 #4 type] 
Type gov.deajcesar.judisafese.entity.Register is not enhanced.

------------------------------------------------------------------------------------------------------------------------

[2020-07-13 13:37:51 #1 store] 
Database 'C:\Users\jairo\OneDrive\Documentos\NetBeansProjects\JudiSafeSE\objectdb-2.8.2\db\JudisafeSEDB.odb' is opened by 8476@DESKTOP-AIVVGFP

[2020-07-13 13:37:51 #2 store] 
Configuration path: C:\Users\jairo\OneDrive\Documentos\NetBeansProjects\JudiSafeSE\objectdb-2.8.2\objectdb.conf

[2020-07-13 13:37:52 #3 type] 
Type gov.deajcesar.judisafese.entity.Person is not enhanced.

[2020-07-13 13:37:52 #4 type] 
Type gov.deajcesar.judisafese.entity.Register is not enhanced.

------------------------------------------------------------------------------------------------------------------------

[2020-07-13 13:40:12 #1 store] 
Database 'C:\Users\jairo\OneDrive\Documentos\NetBeansProjects\JudiSafeSE\objectdb-2.8.2\db\JudisafeSEDB.odb' has been recovered (tr. 14-15)

[2020-07-13 13:40:12 #2 store] 
Database 'C:\Users\jairo\OneDrive\Documentos\NetBeansProjects\JudiSafeSE\objectdb-2.8.2\db\JudisafeSEDB.odb' is opened by 4336@DESKTOP-AIVVGFP

[2020-07-13 13:40:12 #3 store] 
Configuration path: C:\Users\jairo\OneDrive\Documentos\NetBeansProjects\JudiSafeSE\objectdb-2.8.2\objectdb.conf

[2020-07-13 13:40:12 #4 type] 
Type gov.deajcesar.judisafese.entity.Person is not enhanced.

[2020-07-13 13:40:12 #5 type] 
Type gov.deajcesar.judisafese.entity.Register is not enhanced.

------------------------------------------------------------------------------------------------------------------------

[2020-07-13 13:57:25 #1 store] 
Database 'C:\Users\jairo\OneDrive\Documentos\NetBeansProjects\JudiSafeSE\objectdb-2.8.2\db\JudisafeSEDB.odb' is opened by 6196@DESKTOP-AIVVGFP

[2020-07-13 13:57:25 #2 store] 
Configuration path: C:\Users\jairo\OneDrive\Documentos\NetBeansProjects\JudiSafeSE\objectdb-2.8.2\objectdb.conf

[2020-07-13 13:57:26 #3 type] 
Type gov.deajcesar.judisafese.entity.Person is not enhanced.

[2020-07-13 13:57:26 #4 type] 
Type gov.deajcesar.judisafese.entity.Register is not enhanced.

