------------------------------------------------------------------------------------------------------------------------

[2020-07-03 09:58:44 #1 store] 
Database 'C:\Users\jairo\Downloads\objectdb-2.8.2\db\prueba.odb' is opened by 5052@DESKTOP-AIVVGFP

[2020-07-03 09:58:44 #2 store] 
Configuration path: C:\Users\jairo\Downloads\objectdb-2.8.2\objectdb.conf

[2020-07-03 09:58:45 #3 type] 
Type gov.deajcesar.judisafese.entity.Person is not enhanced.

[2020-07-03 09:58:45 #4 type] 
Type gov.deajcesar.judisafese.entity.Register is not enhanced.

[2020-07-03 09:58:45 #5 store] 
Database 'C:\Users\jairo\Downloads\objectdb-2.8.2\db\prueba.odb' is closed by 5052@DESKTOP-AIVVGFP

------------------------------------------------------------------------------------------------------------------------

[2020-07-03 10:01:04 #1 store] 
Database 'C:\Users\jairo\Downloads\objectdb-2.8.2\db\prueba.odb' is opened by 5284@DESKTOP-AIVVGFP

[2020-07-03 10:01:04 #2 store] 
Configuration path: C:\Users\jairo\Downloads\objectdb-2.8.2\objectdb.conf

[2020-07-03 10:01:04 #3 type] 
Type gov.deajcesar.judisafese.entity.Person is not enhanced.

[2020-07-03 10:01:04 #4 type] 
Type gov.deajcesar.judisafese.entity.Register is not enhanced.

[2020-07-03 10:01:04 #5 store] 
Database 'C:\Users\jairo\Downloads\objectdb-2.8.2\db\prueba.odb' is closed by 5284@DESKTOP-AIVVGFP

------------------------------------------------------------------------------------------------------------------------

[2020-07-03 10:03:10 #1 store] 
Database 'C:\Users\jairo\Downloads\objectdb-2.8.2\db\prueba.odb' is opened by 10508@DESKTOP-AIVVGFP

[2020-07-03 10:03:10 #2 store] 
Configuration path: C:\Users\jairo\Downloads\objectdb-2.8.2\objectdb.conf

[2020-07-03 10:03:10 #3 type] 
Type gov.deajcesar.judisafese.entity.Person is not enhanced.

[2020-07-03 10:03:10 #4 type] 
Type gov.deajcesar.judisafese.entity.Register is not enhanced.

[2020-07-03 10:03:10 #5 store] 
Database 'C:\Users\jairo\Downloads\objectdb-2.8.2\db\prueba.odb' is closed by 10508@DESKTOP-AIVVGFP

------------------------------------------------------------------------------------------------------------------------

[2020-07-03 10:09:28 #1 store] 
Database 'C:\Users\jairo\OneDrive\Documentos\NetBeansProjects\JudiSafeSE\objectdb-2.8.2\db\prueba.odb' is opened by 9680@DESKTOP-AIVVGFP

[2020-07-03 10:09:28 #2 store] 
Configuration path: C:\Users\jairo\OneDrive\Documentos\NetBeansProjects\JudiSafeSE\objectdb-2.8.2\objectdb.conf

[2020-07-03 10:09:28 #3 type] 
Type gov.deajcesar.judisafese.entity.Person is not enhanced.

[2020-07-03 10:09:28 #4 type] 
Type gov.deajcesar.judisafese.entity.Register is not enhanced.

[2020-07-03 10:09:29 #5 store] 
Database 'C:\Users\jairo\OneDrive\Documentos\NetBeansProjects\JudiSafeSE\objectdb-2.8.2\db\prueba.odb' is closed by 9680@DESKTOP-AIVVGFP

------------------------------------------------------------------------------------------------------------------------

[2020-07-03 10:10:16 #1 store] 
Database 'C:\Users\jairo\OneDrive\Documentos\NetBeansProjects\JudiSafeSE\objectdb-2.8.2\db\prueba.odb' is opened by 5924@DESKTOP-AIVVGFP

[2020-07-03 10:10:16 #2 store] 
Configuration path: C:\Users\jairo\OneDrive\Documentos\NetBeansProjects\JudiSafeSE\objectdb-2.8.2\objectdb.conf

[2020-07-03 10:10:16 #3 type] 
Type gov.deajcesar.judisafese.entity.Person is not enhanced.

[2020-07-03 10:10:16 #4 type] 
Type gov.deajcesar.judisafese.entity.Register is not enhanced.

[2020-07-03 10:10:16 #5 store] 
Database 'C:\Users\jairo\OneDrive\Documentos\NetBeansProjects\JudiSafeSE\objectdb-2.8.2\db\prueba.odb' is closed by 5924@DESKTOP-AIVVGFP

------------------------------------------------------------------------------------------------------------------------

[2020-07-03 10:13:00 #1 store.file] 
readTextFile error.

[2020-07-03 10:13:00 #2 store.file] 
java.io.FileNotFoundException: C:\Users\jairo\.objectdb\exolorer.xml (El sistema no puede encontrar el archivo especificado)
	at java.io.FileInputStream.open0(Native Method)
	at java.io.FileInputStream.open(Unknown Source)
	at java.io.FileInputStream.<init>(Unknown Source)
	at java.io.FileInputStream.<init>(Unknown Source)
	at com.objectdb.o.STH.A(STH.java:717)
	at com.objectdb.o.CNF.<init>(CNF.java:106)
	at com.objectdb.o.CNF.<clinit>(CNF.java:32)
	at com.objectdb.o.MainFrame.init(MainFrame.java:132)
	at com.objectdb.o.EXA.<init>(EXA.java:77)
	at com.objectdb.Explorer$1.run(Explorer.java:57)
	at java.awt.event.InvocationEvent.dispatch(Unknown Source)
	at java.awt.EventQueue.dispatchEventImpl(Unknown Source)
	at java.awt.EventQueue.access$500(Unknown Source)
	at java.awt.EventQueue$3.run(Unknown Source)
	at java.awt.EventQueue$3.run(Unknown Source)
	at java.security.AccessController.doPrivileged(Native Method)
	at java.security.ProtectionDomain$JavaSecurityAccessImpl.doIntersectionPrivilege(Unknown Source)
	at java.awt.EventQueue.dispatchEvent(Unknown Source)
	at java.awt.EventDispatchThread.pumpOneEventForFilters(Unknown Source)
	at java.awt.EventDispatchThread.pumpEventsForFilter(Unknown Source)
	at java.awt.EventDispatchThread.pumpEventsForHierarchy(Unknown Source)
	at java.awt.EventDispatchThread.pumpEvents(Unknown Source)
	at java.awt.EventDispatchThread.pumpEvents(Unknown Source)
	at java.awt.EventDispatchThread.run(Unknown Source)

[2020-07-03 10:13:01 #3 store] 
Database 'C:\Users\jairo\OneDrive\Documentos\NetBeansProjects\JudiSafeSE\objectdb-2.8.2\db\prueba.odb' is opened by 9872@DESKTOP-AIVVGFP

[2020-07-03 10:13:01 #4 store] 
Configuration path: C:\Users\jairo\OneDrive\Documentos\NetBeansProjects\JudiSafeSE\objectdb-2.8.2\objectdb.conf

[2020-07-03 10:13:01 #5 store.file] 
readTextFile error.

[2020-07-03 10:13:01 #6 store.file] 
java.io.FileNotFoundException: C:\Users\jairo\.objectdb\exolorer.xml (El sistema no puede encontrar el archivo especificado)
	at java.io.FileInputStream.open0(Native Method)
	at java.io.FileInputStream.open(Unknown Source)
	at java.io.FileInputStream.<init>(Unknown Source)
	at java.io.FileInputStream.<init>(Unknown Source)
	at com.objectdb.o.STH.A(STH.java:717)
	at com.objectdb.o.CNF.<init>(CNF.java:106)
	at com.objectdb.o.CNF.f(CNF.java:130)
	at com.objectdb.o.CNC.s(CNC.java:119)
	at com.objectdb.o.EXA.<init>(EXA.java:87)
	at com.objectdb.Explorer$1.run(Explorer.java:57)
	at java.awt.event.InvocationEvent.dispatch(Unknown Source)
	at java.awt.EventQueue.dispatchEventImpl(Unknown Source)
	at java.awt.EventQueue.access$500(Unknown Source)
	at java.awt.EventQueue$3.run(Unknown Source)
	at java.awt.EventQueue$3.run(Unknown Source)
	at java.security.AccessController.doPrivileged(Native Method)
	at java.security.ProtectionDomain$JavaSecurityAccessImpl.doIntersectionPrivilege(Unknown Source)
	at java.awt.EventQueue.dispatchEvent(Unknown Source)
	at java.awt.EventDispatchThread.pumpOneEventForFilters(Unknown Source)
	at java.awt.EventDispatchThread.pumpEventsForFilter(Unknown Source)
	at java.awt.EventDispatchThread.pumpEventsForHierarchy(Unknown Source)
	at java.awt.EventDispatchThread.pumpEvents(Unknown Source)
	at java.awt.EventDispatchThread.pumpEvents(Unknown Source)
	at java.awt.EventDispatchThread.run(Unknown Source)

[2020-07-03 10:16:37 #7 store] 
Database 'C:\Users\jairo\OneDrive\Documentos\NetBeansProjects\JudiSafeSE\objectdb-2.8.2\db\prueba.odb' is closed by 9872@DESKTOP-AIVVGFP

------------------------------------------------------------------------------------------------------------------------

[2020-07-03 10:59:57 #1 store] 
Database 'C:\Users\jairo\OneDrive\Documentos\NetBeansProjects\JudiSafeSE\objectdb-2.8.2\db\prueba.odb' is opened by 9248@DESKTOP-AIVVGFP

[2020-07-03 10:59:57 #2 store] 
Configuration path: C:\Users\jairo\OneDrive\Documentos\NetBeansProjects\JudiSafeSE\objectdb-2.8.2\objectdb.conf

[2020-07-03 10:59:57 #3 type] 
Type gov.deajcesar.judisafese.entity.Person is not enhanced.

[2020-07-03 10:59:57 #4 type] 
Type gov.deajcesar.judisafese.entity.Register is not enhanced.

[2020-07-03 10:59:57 #5 store] 
Database 'C:\Users\jairo\OneDrive\Documentos\NetBeansProjects\JudiSafeSE\objectdb-2.8.2\db\prueba.odb' is closed by 9248@DESKTOP-AIVVGFP

------------------------------------------------------------------------------------------------------------------------

[2020-07-03 11:10:03 #1 store] 
Database 'C:\Users\jairo\OneDrive\Documentos\NetBeansProjects\JudiSafeSE\objectdb-2.8.2\db\prueba.odb' is opened by 5724@DESKTOP-AIVVGFP

[2020-07-03 11:10:03 #2 store] 
Configuration path: C:\Users\jairo\OneDrive\Documentos\NetBeansProjects\JudiSafeSE\objectdb-2.8.2\objectdb.conf

[2020-07-03 11:10:03 #3 type] 
Type gov.deajcesar.judisafese.entity.Person is not enhanced.

[2020-07-03 11:10:03 #4 type] 
Type gov.deajcesar.judisafese.entity.Register is not enhanced.

[2020-07-03 11:10:04 #5 store] 
Database 'C:\Users\jairo\OneDrive\Documentos\NetBeansProjects\JudiSafeSE\objectdb-2.8.2\db\prueba.odb' is closed by 5724@DESKTOP-AIVVGFP

------------------------------------------------------------------------------------------------------------------------

[2020-07-03 11:13:12 #1 store] 
Database 'C:\Users\jairo\OneDrive\Documentos\NetBeansProjects\JudiSafeSE\objectdb-2.8.2\db\prueba.odb' is opened by 9864@DESKTOP-AIVVGFP

[2020-07-03 11:13:12 #2 store] 
Configuration path: C:\Users\jairo\OneDrive\Documentos\NetBeansProjects\JudiSafeSE\objectdb-2.8.2\objectdb.conf

[2020-07-03 11:13:12 #3 type] 
Type gov.deajcesar.judisafese.entity.Person is not enhanced.

[2020-07-03 11:13:12 #4 type] 
Type gov.deajcesar.judisafese.entity.Register is not enhanced.

[2020-07-03 11:13:13 #5 store] 
Database 'C:\Users\jairo\OneDrive\Documentos\NetBeansProjects\JudiSafeSE\objectdb-2.8.2\db\prueba.odb' is closed by 9864@DESKTOP-AIVVGFP

------------------------------------------------------------------------------------------------------------------------

[2020-07-03 11:31:00 #1 store] 
Database 'C:\Users\jairo\OneDrive\Documentos\NetBeansProjects\JudiSafeSE\objectdb-2.8.2\db\prueba.odb' is opened by 2240@DESKTOP-AIVVGFP

[2020-07-03 11:31:00 #2 store] 
Configuration path: C:\Users\jairo\OneDrive\Documentos\NetBeansProjects\JudiSafeSE\objectdb-2.8.2\objectdb.conf

[2020-07-03 11:31:00 #3 type] 
Type gov.deajcesar.judisafese.entity.Person is not enhanced.

[2020-07-03 11:31:00 #4 type] 
Type gov.deajcesar.judisafese.entity.Register is not enhanced.

[2020-07-03 11:31:00 #5 store] 
Database 'C:\Users\jairo\OneDrive\Documentos\NetBeansProjects\JudiSafeSE\objectdb-2.8.2\db\prueba.odb' is closed by 2240@DESKTOP-AIVVGFP

------------------------------------------------------------------------------------------------------------------------

[2020-07-03 11:32:13 #1 store] 
Database 'C:\Users\jairo\OneDrive\Documentos\NetBeansProjects\JudiSafeSE\objectdb-2.8.2\db\prueba.odb' is opened by 7788@DESKTOP-AIVVGFP

[2020-07-03 11:32:13 #2 store] 
Configuration path: C:\Users\jairo\OneDrive\Documentos\NetBeansProjects\JudiSafeSE\objectdb-2.8.2\objectdb.conf

[2020-07-03 11:32:13 #3 type] 
Type gov.deajcesar.judisafese.entity.Person is not enhanced.

[2020-07-03 11:32:13 #4 type] 
Type gov.deajcesar.judisafese.entity.Register is not enhanced.

[2020-07-03 11:32:13 #5 store] 
Database 'C:\Users\jairo\OneDrive\Documentos\NetBeansProjects\JudiSafeSE\objectdb-2.8.2\db\prueba.odb' is closed by 7788@DESKTOP-AIVVGFP

------------------------------------------------------------------------------------------------------------------------

[2020-07-03 12:13:06 #1 store] 
Database 'C:\Users\jairo\OneDrive\Documentos\NetBeansProjects\JudiSafeSE\objectdb-2.8.2\db\prueba.odb' is opened by 7796@DESKTOP-AIVVGFP

[2020-07-03 12:13:06 #2 store] 
Configuration path: C:\Users\jairo\OneDrive\Documentos\NetBeansProjects\JudiSafeSE\objectdb-2.8.2\objectdb.conf

[2020-07-03 12:13:07 #3 type] 
Type gov.deajcesar.judisafese.entity.Person is not enhanced.

[2020-07-03 12:13:07 #4 type] 
Type gov.deajcesar.judisafese.entity.Register is not enhanced.

[2020-07-03 12:13:07 #5 store] 
Database 'C:\Users\jairo\OneDrive\Documentos\NetBeansProjects\JudiSafeSE\objectdb-2.8.2\db\prueba.odb' is closed by 7796@DESKTOP-AIVVGFP

------------------------------------------------------------------------------------------------------------------------

[2020-07-03 17:09:34 #1 store] 
Database 'C:\Users\jairo\OneDrive\Documentos\NetBeansProjects\JudiSafeSE\objectdb-2.8.2\db\prueba.odb' is opened by 5412@DESKTOP-AIVVGFP

[2020-07-03 17:09:34 #2 store] 
Configuration path: C:\Users\jairo\OneDrive\Documentos\NetBeansProjects\JudiSafeSE\objectdb-2.8.2\objectdb.conf

[2020-07-03 17:09:34 #3 type] 
Type gov.deajcesar.judisafese.entity.Person is not enhanced.

[2020-07-03 17:09:34 #4 type] 
Type gov.deajcesar.judisafese.entity.Register is not enhanced.

------------------------------------------------------------------------------------------------------------------------

[2020-07-03 17:10:23 #1 explorer] 
[ObjectDB 2.8.2] javax.persistence.PersistenceException
Attempt to open a database file 'C:\Users\jairo\OneDrive\Documentos\NetBeansProjects\JudiSafeSE\objectdb-2.8.2\db\prueba.odb' that is currently in use by another process (error 141)
	at com.objectdb.Explorer$1.run(Explorer.java:57)
	at java.awt.event.InvocationEvent.dispatch(Unknown Source)
	at java.awt.EventQueue.dispatchEventImpl(Unknown Source)
	at java.awt.EventQueue.access$500(Unknown Source)
	at java.awt.EventQueue$3.run(Unknown Source)
	at java.awt.EventQueue$3.run(Unknown Source)
	at java.security.AccessController.doPrivileged(Native Method)
	at java.security.ProtectionDomain$JavaSecurityAccessImpl.doIntersectionPrivilege(Unknown Source)
	at java.awt.EventQueue.dispatchEvent(Unknown Source)
	at java.awt.EventDispatchThread.pumpOneEventForFilters(Unknown Source)
	at java.awt.EventDispatchThread.pumpEventsForFilter(Unknown Source)
	at java.awt.EventDispatchThread.pumpEventsForHierarchy(Unknown Source)
	at java.awt.EventDispatchThread.pumpEvents(Unknown Source)
	at java.awt.EventDispatchThread.pumpEvents(Unknown Source)
	at java.awt.EventDispatchThread.run(Unknown Source)
Caused by: com.objectdb.o.UserException: Attempt to open a database file 'C:\Users\jairo\OneDrive\Documentos\NetBeansProjects\JudiSafeSE\objectdb-2.8.2\db\prueba.odb' that is currently in use by another process
	at com.objectdb.o.MSG.a(MSG.java:64)
	at com.objectdb.o.LFL.J(LFL.java:930)
	at com.objectdb.o.LFL.x(LFL.java:887)
	at com.objectdb.o.LFL.x(LFL.java:797)
	at com.objectdb.o.DFL.<init>(DFL.java:241)
	at com.objectdb.o.DMG.<init>(DMG.java:27)
	at com.objectdb.o.MST.<init>(MST.java:127)
	at com.objectdb.o.MST.ap(MST.java:109)
	at com.objectdb.o.MSF.Y3(MSF.java:190)
	at com.objectdb.o.OMF.s(OMF.java:804)
	at com.objectdb.jpa.EMF.s(EMF.java:130)
	at com.objectdb.o.OMF.x(OMF.java:715)
	at com.objectdb.jpa.EMF.createEntityManager(EMF.java:149)
	... 17 more

------------------------------------------------------------------------------------------------------------------------

[2020-07-03 17:10:34 #1 store] 
Database 'C:\Users\jairo\OneDrive\Documentos\NetBeansProjects\JudiSafeSE\objectdb-2.8.2\db\prueba.odb' has been recovered (tr. 5-5)

[2020-07-03 17:10:35 #2 store] 
Database 'C:\Users\jairo\OneDrive\Documentos\NetBeansProjects\JudiSafeSE\objectdb-2.8.2\db\prueba.odb' is opened by 9716@DESKTOP-AIVVGFP

[2020-07-03 17:10:35 #3 store] 
Configuration path: C:\Users\jairo\OneDrive\Documentos\NetBeansProjects\JudiSafeSE\objectdb-2.8.2\objectdb.conf

[2020-07-03 17:11:31 #4 store] 
Database 'C:\Users\jairo\OneDrive\Documentos\NetBeansProjects\JudiSafeSE\objectdb-2.8.2\db\prueba.odb' is closed by 9716@DESKTOP-AIVVGFP

------------------------------------------------------------------------------------------------------------------------

[2020-07-03 17:31:12 #1 store] 
Database 'C:\Users\jairo\OneDrive\Documentos\NetBeansProjects\JudiSafeSE\objectdb-2.8.2\db\prueba.odb' is opened by 6952@DESKTOP-AIVVGFP

[2020-07-03 17:31:12 #2 store] 
Configuration path: C:\Users\jairo\OneDrive\Documentos\NetBeansProjects\JudiSafeSE\objectdb-2.8.2\objectdb.conf

[2020-07-03 17:31:59 #3 store] 
Database 'C:\Users\jairo\OneDrive\Documentos\NetBeansProjects\JudiSafeSE\objectdb-2.8.2\db\prueba.odb' is closed by 6952@DESKTOP-AIVVGFP

[2020-07-03 17:31:59 #4 store] 
Database 'C:\Users\jairo\OneDrive\Documentos\NetBeansProjects\JudiSafeSE\objectdb-2.8.2\db\prueba.odb' is opened by 6952@DESKTOP-AIVVGFP

[2020-07-03 17:31:59 #5 store] 
Configuration path: C:\Users\jairo\OneDrive\Documentos\NetBeansProjects\JudiSafeSE\objectdb-2.8.2\objectdb.conf

[2020-07-03 17:32:06 #6 store] 
Database 'C:\Users\jairo\OneDrive\Documentos\NetBeansProjects\JudiSafeSE\objectdb-2.8.2\db\prueba.odb' is closed by 6952@DESKTOP-AIVVGFP

------------------------------------------------------------------------------------------------------------------------

[2020-07-03 17:42:27 #1 store] 
Database 'C:\Users\jairo\OneDrive\Documentos\NetBeansProjects\JudiSafeSE\objectdb-2.8.2\db\prueba.odb' is opened by 11116@DESKTOP-AIVVGFP

[2020-07-03 17:42:27 #2 store] 
Configuration path: C:\Users\jairo\OneDrive\Documentos\NetBeansProjects\JudiSafeSE\objectdb-2.8.2\objectdb.conf

[2020-07-03 17:57:19 #3 store] 
Database 'C:\Users\jairo\OneDrive\Documentos\NetBeansProjects\JudiSafeSE\objectdb-2.8.2\db\prueba.odb' is closed by 11116@DESKTOP-AIVVGFP

------------------------------------------------------------------------------------------------------------------------

[2020-07-03 17:58:06 #1 store] 
Database 'C:\Users\jairo\OneDrive\Documentos\NetBeansProjects\JudiSafeSE\objectdb-2.8.2\db\prueba.odb' is opened by 10864@DESKTOP-AIVVGFP

[2020-07-03 17:58:06 #2 store] 
Configuration path: C:\Users\jairo\OneDrive\Documentos\NetBeansProjects\JudiSafeSE\objectdb-2.8.2\objectdb.conf

[2020-07-03 17:58:07 #3 type] 
Type gov.deajcesar.judisafese.entity.Person is not enhanced.

[2020-07-03 17:58:07 #4 type] 
Type gov.deajcesar.judisafese.entity.Register is not enhanced.

------------------------------------------------------------------------------------------------------------------------

[2020-07-03 18:01:58 #1 store] 
Database 'C:\Users\jairo\OneDrive\Documentos\NetBeansProjects\JudiSafeSE\objectdb-2.8.2\db\prueba.odb' has been recovered (tr. 6-6)

[2020-07-03 18:01:58 #2 store] 
Database 'C:\Users\jairo\OneDrive\Documentos\NetBeansProjects\JudiSafeSE\objectdb-2.8.2\db\prueba.odb' is opened by 10300@DESKTOP-AIVVGFP

[2020-07-03 18:01:58 #3 store] 
Configuration path: C:\Users\jairo\OneDrive\Documentos\NetBeansProjects\JudiSafeSE\objectdb-2.8.2\objectdb.conf

[2020-07-03 18:01:59 #4 type] 
Type gov.deajcesar.judisafese.entity.Person is not enhanced.

[2020-07-03 18:01:59 #5 type] 
Type gov.deajcesar.judisafese.entity.Register is not enhanced.

------------------------------------------------------------------------------------------------------------------------

[2020-07-03 18:12:45 #1 store] 
Database 'C:\Users\jairo\OneDrive\Documentos\NetBeansProjects\JudiSafeSE\objectdb-2.8.2\db\prueba.odb' is opened by 4552@DESKTOP-AIVVGFP

[2020-07-03 18:12:45 #2 store] 
Configuration path: C:\Users\jairo\OneDrive\Documentos\NetBeansProjects\JudiSafeSE\objectdb-2.8.2\objectdb.conf

[2020-07-03 18:12:46 #3 type] 
Type gov.deajcesar.judisafese.entity.Person is not enhanced.

[2020-07-03 18:12:46 #4 type] 
Type gov.deajcesar.judisafese.entity.Register is not enhanced.

------------------------------------------------------------------------------------------------------------------------

[2020-07-03 18:13:42 #1 store] 
Database 'C:\Users\jairo\OneDrive\Documentos\NetBeansProjects\JudiSafeSE\objectdb-2.8.2\db\prueba.odb' has been recovered (tr. 7-7)

[2020-07-03 18:13:42 #2 store] 
Database 'C:\Users\jairo\OneDrive\Documentos\NetBeansProjects\JudiSafeSE\objectdb-2.8.2\db\prueba.odb' is opened by 6228@DESKTOP-AIVVGFP

[2020-07-03 18:13:42 #3 store] 
Configuration path: C:\Users\jairo\OneDrive\Documentos\NetBeansProjects\JudiSafeSE\objectdb-2.8.2\objectdb.conf

[2020-07-03 18:17:32 #4 store] 
Database 'C:\Users\jairo\OneDrive\Documentos\NetBeansProjects\JudiSafeSE\objectdb-2.8.2\db\prueba.odb' is closed by 6228@DESKTOP-AIVVGFP

------------------------------------------------------------------------------------------------------------------------

[2020-07-03 18:21:15 #1 store] 
Database 'C:\Users\jairo\OneDrive\Documentos\NetBeansProjects\JudiSafeSE\objectdb-2.8.2\db\prueba.odb' is opened by 6784@DESKTOP-AIVVGFP

[2020-07-03 18:21:15 #2 store] 
Configuration path: C:\Users\jairo\OneDrive\Documentos\NetBeansProjects\JudiSafeSE\objectdb-2.8.2\objectdb.conf

[2020-07-03 18:21:15 #3 type] 
Type gov.deajcesar.judisafese.entity.Person is not enhanced.

[2020-07-03 18:21:15 #4 type] 
Type gov.deajcesar.judisafese.entity.Register is not enhanced.

------------------------------------------------------------------------------------------------------------------------

[2020-07-03 18:25:59 #1 store] 
Database 'C:\Users\jairo\OneDrive\Documentos\NetBeansProjects\JudiSafeSE\objectdb-2.8.2\db\prueba.odb' has been recovered (tr. 10-10)

[2020-07-03 18:25:59 #2 store] 
Database 'C:\Users\jairo\OneDrive\Documentos\NetBeansProjects\JudiSafeSE\objectdb-2.8.2\db\prueba.odb' is opened by 248@DESKTOP-AIVVGFP

[2020-07-03 18:25:59 #3 store] 
Configuration path: C:\Users\jairo\OneDrive\Documentos\NetBeansProjects\JudiSafeSE\objectdb-2.8.2\objectdb.conf

[2020-07-03 18:26:35 #4 store] 
Database 'C:\Users\jairo\OneDrive\Documentos\NetBeansProjects\JudiSafeSE\objectdb-2.8.2\db\prueba.odb' is closed by 248@DESKTOP-AIVVGFP

------------------------------------------------------------------------------------------------------------------------

[2020-07-03 18:27:26 #1 store] 
Database 'C:\Users\jairo\OneDrive\Documentos\NetBeansProjects\JudiSafeSE\objectdb-2.8.2\db\prueba.odb' is opened by 5576@DESKTOP-AIVVGFP

[2020-07-03 18:27:26 #2 store] 
Configuration path: C:\Users\jairo\OneDrive\Documentos\NetBeansProjects\JudiSafeSE\objectdb-2.8.2\objectdb.conf

[2020-07-03 18:27:27 #3 type] 
Type gov.deajcesar.judisafese.entity.Person is not enhanced.

[2020-07-03 18:27:27 #4 type] 
Type gov.deajcesar.judisafese.entity.Register is not enhanced.

------------------------------------------------------------------------------------------------------------------------

[2020-07-03 18:27:42 #1 store] 
Database 'C:\Users\jairo\OneDrive\Documentos\NetBeansProjects\JudiSafeSE\objectdb-2.8.2\db\prueba.odb' has been recovered (tr. 13-13)

[2020-07-03 18:27:42 #2 store] 
Database 'C:\Users\jairo\OneDrive\Documentos\NetBeansProjects\JudiSafeSE\objectdb-2.8.2\db\prueba.odb' is opened by 1720@DESKTOP-AIVVGFP

[2020-07-03 18:27:42 #3 store] 
Configuration path: C:\Users\jairo\OneDrive\Documentos\NetBeansProjects\JudiSafeSE\objectdb-2.8.2\objectdb.conf

[2020-07-03 18:28:52 #4 store] 
Database 'C:\Users\jairo\OneDrive\Documentos\NetBeansProjects\JudiSafeSE\objectdb-2.8.2\db\prueba.odb' is closed by 1720@DESKTOP-AIVVGFP

------------------------------------------------------------------------------------------------------------------------

[2020-07-03 18:29:06 #1 store] 
Database 'C:\Users\jairo\OneDrive\Documentos\NetBeansProjects\JudiSafeSE\objectdb-2.8.2\db\prueba.odb' is opened by 3784@DESKTOP-AIVVGFP

[2020-07-03 18:29:06 #2 store] 
Configuration path: C:\Users\jairo\OneDrive\Documentos\NetBeansProjects\JudiSafeSE\objectdb-2.8.2\objectdb.conf

[2020-07-03 18:29:06 #3 type] 
Type gov.deajcesar.judisafese.entity.Person is not enhanced.

[2020-07-03 18:29:06 #4 type] 
Type gov.deajcesar.judisafese.entity.Register is not enhanced.

------------------------------------------------------------------------------------------------------------------------

[2020-07-03 18:29:30 #1 store] 
Database 'C:\Users\jairo\OneDrive\Documentos\NetBeansProjects\JudiSafeSE\objectdb-2.8.2\db\prueba.odb' has been recovered (tr. 14-14)

[2020-07-03 18:29:30 #2 store] 
Database 'C:\Users\jairo\OneDrive\Documentos\NetBeansProjects\JudiSafeSE\objectdb-2.8.2\db\prueba.odb' is opened by 9552@DESKTOP-AIVVGFP

[2020-07-03 18:29:30 #3 store] 
Configuration path: C:\Users\jairo\OneDrive\Documentos\NetBeansProjects\JudiSafeSE\objectdb-2.8.2\objectdb.conf

[2020-07-03 18:30:39 #4 store] 
Database 'C:\Users\jairo\OneDrive\Documentos\NetBeansProjects\JudiSafeSE\objectdb-2.8.2\db\prueba.odb' is closed by 9552@DESKTOP-AIVVGFP

------------------------------------------------------------------------------------------------------------------------

[2020-07-03 19:24:23 #1 store] 
Database 'C:\Users\jairo\OneDrive\Documentos\NetBeansProjects\JudiSafeSE\objectdb-2.8.2\db\prueba.odb' is opened by 10840@DESKTOP-AIVVGFP

[2020-07-03 19:24:23 #2 store] 
Configuration path: C:\Users\jairo\OneDrive\Documentos\NetBeansProjects\JudiSafeSE\objectdb-2.8.2\objectdb.conf

[2020-07-03 19:25:28 #3 store] 
Database 'C:\Users\jairo\OneDrive\Documentos\NetBeansProjects\JudiSafeSE\objectdb-2.8.2\db\prueba.odb' is closed by 10840@DESKTOP-AIVVGFP

------------------------------------------------------------------------------------------------------------------------

[2020-07-03 19:30:11 #1 store] 
Database 'C:\Users\jairo\OneDrive\Documentos\NetBeansProjects\JudiSafeSE\objectdb-2.8.2\db\prueba.odb' is opened by 7948@DESKTOP-AIVVGFP

[2020-07-03 19:30:11 #2 store] 
Configuration path: C:\Users\jairo\OneDrive\Documentos\NetBeansProjects\JudiSafeSE\objectdb-2.8.2\objectdb.conf

[2020-07-03 19:30:12 #3 type] 
Type gov.deajcesar.judisafese.entity.Person is not enhanced.

[2020-07-03 19:30:12 #4 type] 
Type gov.deajcesar.judisafese.entity.Register is not enhanced.

------------------------------------------------------------------------------------------------------------------------

[2020-07-03 19:30:28 #1 store] 
Database 'C:\Users\jairo\OneDrive\Documentos\NetBeansProjects\JudiSafeSE\objectdb-2.8.2\db\prueba.odb' has been recovered (tr. 18-18)

[2020-07-03 19:30:28 #2 store] 
Database 'C:\Users\jairo\OneDrive\Documentos\NetBeansProjects\JudiSafeSE\objectdb-2.8.2\db\prueba.odb' is opened by 9664@DESKTOP-AIVVGFP

[2020-07-03 19:30:28 #3 store] 
Configuration path: C:\Users\jairo\OneDrive\Documentos\NetBeansProjects\JudiSafeSE\objectdb-2.8.2\objectdb.conf

[2020-07-03 19:31:45 #4 store] 
Database 'C:\Users\jairo\OneDrive\Documentos\NetBeansProjects\JudiSafeSE\objectdb-2.8.2\db\prueba.odb' is closed by 9664@DESKTOP-AIVVGFP

------------------------------------------------------------------------------------------------------------------------

[2020-07-03 19:33:01 #1 store] 
Database 'C:\Users\jairo\OneDrive\Documentos\NetBeansProjects\JudiSafeSE\objectdb-2.8.2\db\prueba.odb' is opened by 8872@DESKTOP-AIVVGFP

[2020-07-03 19:33:01 #2 store] 
Configuration path: C:\Users\jairo\OneDrive\Documentos\NetBeansProjects\JudiSafeSE\objectdb-2.8.2\objectdb.conf

[2020-07-03 19:34:01 #3 store] 
Database 'C:\Users\jairo\OneDrive\Documentos\NetBeansProjects\JudiSafeSE\objectdb-2.8.2\db\prueba.odb' is closed by 8872@DESKTOP-AIVVGFP

------------------------------------------------------------------------------------------------------------------------

[2020-07-03 19:34:51 #1 store] 
Database 'C:\Users\jairo\OneDrive\Documentos\NetBeansProjects\JudiSafeSE\objectdb-2.8.2\db\prueba.odb' is opened by 6812@DESKTOP-AIVVGFP

[2020-07-03 19:34:51 #2 store] 
Configuration path: C:\Users\jairo\OneDrive\Documentos\NetBeansProjects\JudiSafeSE\objectdb-2.8.2\objectdb.conf

[2020-07-03 19:34:52 #3 type] 
Type gov.deajcesar.judisafese.entity.Person is not enhanced.

[2020-07-03 19:34:52 #4 type] 
Type gov.deajcesar.judisafese.entity.Register is not enhanced.

------------------------------------------------------------------------------------------------------------------------

[2020-07-03 19:35:01 #1 store] 
Database 'C:\Users\jairo\OneDrive\Documentos\NetBeansProjects\JudiSafeSE\objectdb-2.8.2\db\prueba.odb' has been recovered (tr. 21-22)

[2020-07-03 19:35:01 #2 store] 
Database 'C:\Users\jairo\OneDrive\Documentos\NetBeansProjects\JudiSafeSE\objectdb-2.8.2\db\prueba.odb' is opened by 6760@DESKTOP-AIVVGFP

[2020-07-03 19:35:01 #3 store] 
Configuration path: C:\Users\jairo\OneDrive\Documentos\NetBeansProjects\JudiSafeSE\objectdb-2.8.2\objectdb.conf

[2020-07-03 19:36:21 #4 store] 
Database 'C:\Users\jairo\OneDrive\Documentos\NetBeansProjects\JudiSafeSE\objectdb-2.8.2\db\prueba.odb' is closed by 6760@DESKTOP-AIVVGFP

------------------------------------------------------------------------------------------------------------------------

[2020-07-03 19:36:39 #1 store] 
Database 'C:\Users\jairo\OneDrive\Documentos\NetBeansProjects\JudiSafeSE\objectdb-2.8.2\db\prueba.odb' is opened by 8652@DESKTOP-AIVVGFP

[2020-07-03 19:36:39 #2 store] 
Configuration path: C:\Users\jairo\OneDrive\Documentos\NetBeansProjects\JudiSafeSE\objectdb-2.8.2\objectdb.conf

[2020-07-03 19:36:39 #3 type] 
Type gov.deajcesar.judisafese.entity.Person is not enhanced.

[2020-07-03 19:36:39 #4 type] 
Type gov.deajcesar.judisafese.entity.Register is not enhanced.

------------------------------------------------------------------------------------------------------------------------

[2020-07-03 19:38:45 #1 store] 
Database 'C:\Users\jairo\OneDrive\Documentos\NetBeansProjects\JudiSafeSE\objectdb-2.8.2\db\prueba.odb' is opened by 3152@DESKTOP-AIVVGFP

[2020-07-03 19:38:45 #2 store] 
Configuration path: C:\Users\jairo\OneDrive\Documentos\NetBeansProjects\JudiSafeSE\objectdb-2.8.2\objectdb.conf

[2020-07-03 19:38:46 #3 type] 
Type gov.deajcesar.judisafese.entity.Person is not enhanced.

[2020-07-03 19:38:46 #4 type] 
Type gov.deajcesar.judisafese.entity.Register is not enhanced.

------------------------------------------------------------------------------------------------------------------------

[2020-07-03 19:41:43 #1 store] 
Database 'C:\Users\jairo\OneDrive\Documentos\NetBeansProjects\JudiSafeSE\objectdb-2.8.2\db\prueba.odb' is opened by 9892@DESKTOP-AIVVGFP

[2020-07-03 19:41:43 #2 store] 
Configuration path: C:\Users\jairo\OneDrive\Documentos\NetBeansProjects\JudiSafeSE\objectdb-2.8.2\objectdb.conf

[2020-07-03 19:41:43 #3 type] 
Type gov.deajcesar.judisafese.entity.Person is not enhanced.

[2020-07-03 19:41:43 #4 type] 
Type gov.deajcesar.judisafese.entity.Register is not enhanced.

------------------------------------------------------------------------------------------------------------------------

[2020-07-03 19:46:29 #1 store] 
Database 'C:\Users\jairo\OneDrive\Documentos\NetBeansProjects\JudiSafeSE\objectdb-2.8.2\db\prueba.odb' is opened by 2420@DESKTOP-AIVVGFP

[2020-07-03 19:46:29 #2 store] 
Configuration path: C:\Users\jairo\OneDrive\Documentos\NetBeansProjects\JudiSafeSE\objectdb-2.8.2\objectdb.conf

[2020-07-03 19:49:54 #3 store] 
Database 'C:\Users\jairo\OneDrive\Documentos\NetBeansProjects\JudiSafeSE\objectdb-2.8.2\db\prueba.odb' is closed by 2420@DESKTOP-AIVVGFP

------------------------------------------------------------------------------------------------------------------------

[2020-07-03 19:50:07 #1 store] 
Database 'C:\Users\jairo\OneDrive\Documentos\NetBeansProjects\JudiSafeSE\objectdb-2.8.2\db\prueba.odb' is opened by 1464@DESKTOP-AIVVGFP

[2020-07-03 19:50:07 #2 store] 
Configuration path: C:\Users\jairo\OneDrive\Documentos\NetBeansProjects\JudiSafeSE\objectdb-2.8.2\objectdb.conf

[2020-07-03 19:50:07 #3 type] 
Type gov.deajcesar.judisafese.entity.Person is not enhanced.

[2020-07-03 19:50:07 #4 type] 
Type gov.deajcesar.judisafese.entity.Register is not enhanced.

------------------------------------------------------------------------------------------------------------------------

[2020-07-03 20:04:52 #1 store] 
Database 'C:\Users\jairo\OneDrive\Documentos\NetBeansProjects\JudiSafeSE\objectdb-2.8.2\db\prueba.odb' is opened by 4640@DESKTOP-AIVVGFP

[2020-07-03 20:04:52 #2 store] 
Configuration path: C:\Users\jairo\OneDrive\Documentos\NetBeansProjects\JudiSafeSE\objectdb-2.8.2\objectdb.conf

[2020-07-03 20:04:52 #3 type] 
Type gov.deajcesar.judisafese.entity.Person is not enhanced.

[2020-07-03 20:04:52 #4 type] 
Type gov.deajcesar.judisafese.entity.Register is not enhanced.

------------------------------------------------------------------------------------------------------------------------

[2020-07-03 20:15:24 #1 store] 
Database 'C:\Users\jairo\OneDrive\Documentos\NetBeansProjects\JudiSafeSE\objectdb-2.8.2\db\prueba.odb' is opened by 5056@DESKTOP-AIVVGFP

[2020-07-03 20:15:24 #2 store] 
Configuration path: C:\Users\jairo\OneDrive\Documentos\NetBeansProjects\JudiSafeSE\objectdb-2.8.2\objectdb.conf

[2020-07-03 20:15:24 #3 type] 
Type gov.deajcesar.judisafese.entity.Person is not enhanced.

[2020-07-03 20:15:24 #4 type] 
Type gov.deajcesar.judisafese.entity.Register is not enhanced.

------------------------------------------------------------------------------------------------------------------------

[2020-07-03 20:23:53 #1 store] 
Database 'C:\Users\jairo\OneDrive\Documentos\NetBeansProjects\JudiSafeSE\objectdb-2.8.2\db\prueba.odb' is opened by 6312@DESKTOP-AIVVGFP

[2020-07-03 20:23:53 #2 store] 
Configuration path: C:\Users\jairo\OneDrive\Documentos\NetBeansProjects\JudiSafeSE\objectdb-2.8.2\objectdb.conf

[2020-07-03 20:23:54 #3 type] 
Type gov.deajcesar.judisafese.entity.Person is not enhanced.

[2020-07-03 20:23:54 #4 type] 
Type gov.deajcesar.judisafese.entity.Register is not enhanced.

------------------------------------------------------------------------------------------------------------------------

[2020-07-03 20:24:18 #1 store] 
Database 'C:\Users\jairo\OneDrive\Documentos\NetBeansProjects\JudiSafeSE\objectdb-2.8.2\db\prueba.odb' is opened by 4316@DESKTOP-AIVVGFP

[2020-07-03 20:24:18 #2 store] 
Configuration path: C:\Users\jairo\OneDrive\Documentos\NetBeansProjects\JudiSafeSE\objectdb-2.8.2\objectdb.conf

[2020-07-03 20:24:18 #3 type] 
Type gov.deajcesar.judisafese.entity.Person is not enhanced.

[2020-07-03 20:24:18 #4 type] 
Type gov.deajcesar.judisafese.entity.Register is not enhanced.

------------------------------------------------------------------------------------------------------------------------

[2020-07-03 20:30:00 #1 store] 
Database 'C:\Users\jairo\OneDrive\Documentos\NetBeansProjects\JudiSafeSE\objectdb-2.8.2\db\prueba.odb' is opened by 3796@DESKTOP-AIVVGFP

[2020-07-03 20:30:00 #2 store] 
Configuration path: C:\Users\jairo\OneDrive\Documentos\NetBeansProjects\JudiSafeSE\objectdb-2.8.2\objectdb.conf

[2020-07-03 20:31:56 #3 store] 
Database 'C:\Users\jairo\OneDrive\Documentos\NetBeansProjects\JudiSafeSE\objectdb-2.8.2\db\prueba.odb' is closed by 3796@DESKTOP-AIVVGFP

------------------------------------------------------------------------------------------------------------------------

[2020-07-03 20:34:29 #1 store] 
Database 'C:\Users\jairo\OneDrive\Documentos\NetBeansProjects\JudiSafeSE\objectdb-2.8.2\db\prueba.odb' is opened by 7360@DESKTOP-AIVVGFP

[2020-07-03 20:34:29 #2 store] 
Configuration path: C:\Users\jairo\OneDrive\Documentos\NetBeansProjects\JudiSafeSE\objectdb-2.8.2\objectdb.conf

[2020-07-03 20:34:30 #3 type] 
Type gov.deajcesar.judisafese.entity.Person is not enhanced.

[2020-07-03 20:34:30 #4 type] 
Type gov.deajcesar.judisafese.entity.Register is not enhanced.

------------------------------------------------------------------------------------------------------------------------

[2020-07-03 20:35:37 #1 store] 
Database 'C:\Users\jairo\OneDrive\Documentos\NetBeansProjects\JudiSafeSE\objectdb-2.8.2\db\prueba.odb' is opened by 920@DESKTOP-AIVVGFP

[2020-07-03 20:35:37 #2 store] 
Configuration path: C:\Users\jairo\OneDrive\Documentos\NetBeansProjects\JudiSafeSE\objectdb-2.8.2\objectdb.conf

[2020-07-03 20:35:37 #3 type] 
Type gov.deajcesar.judisafese.entity.Person is not enhanced.

[2020-07-03 20:35:37 #4 type] 
Type gov.deajcesar.judisafese.entity.Register is not enhanced.

------------------------------------------------------------------------------------------------------------------------

[2020-07-03 20:39:33 #1 store] 
Database 'C:\Users\jairo\OneDrive\Documentos\NetBeansProjects\JudiSafeSE\objectdb-2.8.2\db\prueba.odb' is opened by 10796@DESKTOP-AIVVGFP

[2020-07-03 20:39:33 #2 store] 
Configuration path: C:\Users\jairo\OneDrive\Documentos\NetBeansProjects\JudiSafeSE\objectdb-2.8.2\objectdb.conf

[2020-07-03 20:39:34 #3 type] 
Type gov.deajcesar.judisafese.entity.Person is not enhanced.

[2020-07-03 20:39:34 #4 type] 
Type gov.deajcesar.judisafese.entity.Register is not enhanced.

------------------------------------------------------------------------------------------------------------------------

[2020-07-03 20:47:17 #1 store] 
Database 'C:\Users\jairo\OneDrive\Documentos\NetBeansProjects\JudiSafeSE\objectdb-2.8.2\db\prueba.odb' is opened by 4240@DESKTOP-AIVVGFP

[2020-07-03 20:47:17 #2 store] 
Configuration path: C:\Users\jairo\OneDrive\Documentos\NetBeansProjects\JudiSafeSE\objectdb-2.8.2\objectdb.conf

[2020-07-03 20:50:52 #3 store] 
Database 'C:\Users\jairo\OneDrive\Documentos\NetBeansProjects\JudiSafeSE\objectdb-2.8.2\db\prueba.odb' is closed by 4240@DESKTOP-AIVVGFP

------------------------------------------------------------------------------------------------------------------------

[2020-07-03 20:51:37 #1 store] 
Database 'C:\Users\jairo\OneDrive\Documentos\NetBeansProjects\JudiSafeSE\objectdb-2.8.2\db\prueba.odb' is opened by 5864@DESKTOP-AIVVGFP

[2020-07-03 20:51:37 #2 store] 
Configuration path: C:\Users\jairo\OneDrive\Documentos\NetBeansProjects\JudiSafeSE\objectdb-2.8.2\objectdb.conf

[2020-07-03 20:52:09 #3 store] 
Database 'C:\Users\jairo\OneDrive\Documentos\NetBeansProjects\JudiSafeSE\objectdb-2.8.2\db\prueba.odb' is closed by 5864@DESKTOP-AIVVGFP

------------------------------------------------------------------------------------------------------------------------

[2020-07-03 20:52:16 #1 store] 
Database 'C:\Users\jairo\OneDrive\Documentos\NetBeansProjects\JudiSafeSE\objectdb-2.8.2\db\prueba.odb' is opened by 5272@DESKTOP-AIVVGFP

[2020-07-03 20:52:16 #2 store] 
Configuration path: C:\Users\jairo\OneDrive\Documentos\NetBeansProjects\JudiSafeSE\objectdb-2.8.2\objectdb.conf

[2020-07-03 20:52:17 #3 type] 
Type gov.deajcesar.judisafese.entity.Person is not enhanced.

[2020-07-03 20:52:17 #4 type] 
Type gov.deajcesar.judisafese.entity.Register is not enhanced.

------------------------------------------------------------------------------------------------------------------------

[2020-07-03 20:53:39 #1 store] 
Database 'C:\Users\jairo\OneDrive\Documentos\NetBeansProjects\JudiSafeSE\objectdb-2.8.2\db\prueba.odb' has been recovered (tr. 27-27)

[2020-07-03 20:53:40 #2 store] 
Database 'C:\Users\jairo\OneDrive\Documentos\NetBeansProjects\JudiSafeSE\objectdb-2.8.2\db\prueba.odb' is opened by 9324@DESKTOP-AIVVGFP

[2020-07-03 20:53:40 #3 store] 
Configuration path: C:\Users\jairo\OneDrive\Documentos\NetBeansProjects\JudiSafeSE\objectdb-2.8.2\objectdb.conf

[2020-07-03 20:53:40 #4 type] 
Type gov.deajcesar.judisafese.entity.Person is not enhanced.

[2020-07-03 20:53:40 #5 type] 
Type gov.deajcesar.judisafese.entity.Register is not enhanced.

------------------------------------------------------------------------------------------------------------------------

[2020-07-03 20:54:01 #1 store] 
Database 'C:\Users\jairo\OneDrive\Documentos\NetBeansProjects\JudiSafeSE\objectdb-2.8.2\db\prueba.odb' has been recovered (tr. 28-28)

[2020-07-03 20:54:01 #2 store] 
Database 'C:\Users\jairo\OneDrive\Documentos\NetBeansProjects\JudiSafeSE\objectdb-2.8.2\db\prueba.odb' is opened by 1324@DESKTOP-AIVVGFP

[2020-07-03 20:54:01 #3 store] 
Configuration path: C:\Users\jairo\OneDrive\Documentos\NetBeansProjects\JudiSafeSE\objectdb-2.8.2\objectdb.conf

[2020-07-03 20:54:01 #4 type] 
Type gov.deajcesar.judisafese.entity.Person is not enhanced.

[2020-07-03 20:54:01 #5 type] 
Type gov.deajcesar.judisafese.entity.Register is not enhanced.

------------------------------------------------------------------------------------------------------------------------

[2020-07-03 20:54:14 #1 store] 
Database 'C:\Users\jairo\OneDrive\Documentos\NetBeansProjects\JudiSafeSE\objectdb-2.8.2\db\prueba.odb' is opened by 828@DESKTOP-AIVVGFP

[2020-07-03 20:54:14 #2 store] 
Configuration path: C:\Users\jairo\OneDrive\Documentos\NetBeansProjects\JudiSafeSE\objectdb-2.8.2\objectdb.conf

[2020-07-03 20:54:51 #3 store] 
Database 'C:\Users\jairo\OneDrive\Documentos\NetBeansProjects\JudiSafeSE\objectdb-2.8.2\db\prueba.odb' is closed by 828@DESKTOP-AIVVGFP

------------------------------------------------------------------------------------------------------------------------

[2020-07-03 20:55:27 #1 store] 
Database 'C:\Users\jairo\OneDrive\Documentos\NetBeansProjects\JudiSafeSE\objectdb-2.8.2\db\prueba.odb' is opened by 10312@DESKTOP-AIVVGFP

[2020-07-03 20:55:27 #2 store] 
Configuration path: C:\Users\jairo\OneDrive\Documentos\NetBeansProjects\JudiSafeSE\objectdb-2.8.2\objectdb.conf

[2020-07-03 20:56:04 #3 store] 
Database 'C:\Users\jairo\OneDrive\Documentos\NetBeansProjects\JudiSafeSE\objectdb-2.8.2\db\prueba.odb' is closed by 10312@DESKTOP-AIVVGFP

------------------------------------------------------------------------------------------------------------------------

[2020-07-03 20:56:45 #1 store] 
Database 'C:\Users\jairo\OneDrive\Documentos\NetBeansProjects\JudiSafeSE\objectdb-2.8.2\db\prueba.odb' is opened by 3832@DESKTOP-AIVVGFP

[2020-07-03 20:56:45 #2 store] 
Configuration path: C:\Users\jairo\OneDrive\Documentos\NetBeansProjects\JudiSafeSE\objectdb-2.8.2\objectdb.conf

[2020-07-03 20:56:45 #3 type] 
Type gov.deajcesar.judisafese.entity.Person is not enhanced.

[2020-07-03 20:56:45 #4 type] 
Type gov.deajcesar.judisafese.entity.Register is not enhanced.

------------------------------------------------------------------------------------------------------------------------

[2020-07-03 20:57:07 #1 store] 
Database 'C:\Users\jairo\OneDrive\Documentos\NetBeansProjects\JudiSafeSE\objectdb-2.8.2\db\prueba.odb' has been recovered (tr. 31-32)

[2020-07-03 20:57:07 #2 store] 
Database 'C:\Users\jairo\OneDrive\Documentos\NetBeansProjects\JudiSafeSE\objectdb-2.8.2\db\prueba.odb' is opened by 10840@DESKTOP-AIVVGFP

[2020-07-03 20:57:07 #3 store] 
Configuration path: C:\Users\jairo\OneDrive\Documentos\NetBeansProjects\JudiSafeSE\objectdb-2.8.2\objectdb.conf

[2020-07-03 20:57:07 #4 type] 
Type gov.deajcesar.judisafese.entity.Person is not enhanced.

[2020-07-03 20:57:07 #5 type] 
Type gov.deajcesar.judisafese.entity.Register is not enhanced.

------------------------------------------------------------------------------------------------------------------------

[2020-07-03 20:57:25 #1 store] 
Database 'C:\Users\jairo\OneDrive\Documentos\NetBeansProjects\JudiSafeSE\objectdb-2.8.2\db\prueba.odb' is opened by 5848@DESKTOP-AIVVGFP

[2020-07-03 20:57:25 #2 store] 
Configuration path: C:\Users\jairo\OneDrive\Documentos\NetBeansProjects\JudiSafeSE\objectdb-2.8.2\objectdb.conf

[2020-07-03 20:57:43 #3 store] 
Database 'C:\Users\jairo\OneDrive\Documentos\NetBeansProjects\JudiSafeSE\objectdb-2.8.2\db\prueba.odb' is closed by 5848@DESKTOP-AIVVGFP

------------------------------------------------------------------------------------------------------------------------

[2020-07-03 20:58:08 #1 store] 
Database 'C:\Users\jairo\OneDrive\Documentos\NetBeansProjects\JudiSafeSE\objectdb-2.8.2\db\prueba.odb' is opened by 6160@DESKTOP-AIVVGFP

[2020-07-03 20:58:08 #2 store] 
Configuration path: C:\Users\jairo\OneDrive\Documentos\NetBeansProjects\JudiSafeSE\objectdb-2.8.2\objectdb.conf

[2020-07-03 20:58:29 #3 store] 
Database 'C:\Users\jairo\OneDrive\Documentos\NetBeansProjects\JudiSafeSE\objectdb-2.8.2\db\prueba.odb' is closed by 6160@DESKTOP-AIVVGFP

------------------------------------------------------------------------------------------------------------------------

[2020-07-03 20:58:33 #1 store] 
Database 'C:\Users\jairo\OneDrive\Documentos\NetBeansProjects\JudiSafeSE\objectdb-2.8.2\db\prueba.odb' is opened by 3724@DESKTOP-AIVVGFP

[2020-07-03 20:58:33 #2 store] 
Configuration path: C:\Users\jairo\OneDrive\Documentos\NetBeansProjects\JudiSafeSE\objectdb-2.8.2\objectdb.conf

[2020-07-03 20:58:33 #3 type] 
Type gov.deajcesar.judisafese.entity.Person is not enhanced.

[2020-07-03 20:58:33 #4 type] 
Type gov.deajcesar.judisafese.entity.Register is not enhanced.

------------------------------------------------------------------------------------------------------------------------

[2020-07-03 20:59:22 #1 store] 
Database 'C:\Users\jairo\OneDrive\Documentos\NetBeansProjects\JudiSafeSE\objectdb-2.8.2\db\prueba.odb' has been recovered (tr. 35-35)

[2020-07-03 20:59:23 #2 store] 
Database 'C:\Users\jairo\OneDrive\Documentos\NetBeansProjects\JudiSafeSE\objectdb-2.8.2\db\prueba.odb' is opened by 11108@DESKTOP-AIVVGFP

[2020-07-03 20:59:23 #3 store] 
Configuration path: C:\Users\jairo\OneDrive\Documentos\NetBeansProjects\JudiSafeSE\objectdb-2.8.2\objectdb.conf

[2020-07-03 20:59:23 #4 type] 
Type gov.deajcesar.judisafese.entity.Person is not enhanced.

[2020-07-03 20:59:23 #5 type] 
Type gov.deajcesar.judisafese.entity.Register is not enhanced.

------------------------------------------------------------------------------------------------------------------------

[2020-07-03 20:59:38 #1 store] 
Database 'C:\Users\jairo\OneDrive\Documentos\NetBeansProjects\JudiSafeSE\objectdb-2.8.2\db\prueba.odb' has been recovered (tr. 36-36)

[2020-07-03 20:59:38 #2 store] 
Database 'C:\Users\jairo\OneDrive\Documentos\NetBeansProjects\JudiSafeSE\objectdb-2.8.2\db\prueba.odb' is opened by 2100@DESKTOP-AIVVGFP

[2020-07-03 20:59:38 #3 store] 
Configuration path: C:\Users\jairo\OneDrive\Documentos\NetBeansProjects\JudiSafeSE\objectdb-2.8.2\objectdb.conf

[2020-07-03 20:59:38 #4 type] 
Type gov.deajcesar.judisafese.entity.Person is not enhanced.

[2020-07-03 20:59:38 #5 type] 
Type gov.deajcesar.judisafese.entity.Register is not enhanced.

------------------------------------------------------------------------------------------------------------------------

[2020-07-03 21:00:37 #1 store] 
Database 'C:\Users\jairo\OneDrive\Documentos\NetBeansProjects\JudiSafeSE\objectdb-2.8.2\db\prueba.odb' is opened by 3136@DESKTOP-AIVVGFP

[2020-07-03 21:00:37 #2 store] 
Configuration path: C:\Users\jairo\OneDrive\Documentos\NetBeansProjects\JudiSafeSE\objectdb-2.8.2\objectdb.conf

[2020-07-03 21:04:08 #3 store] 
Database 'C:\Users\jairo\OneDrive\Documentos\NetBeansProjects\JudiSafeSE\objectdb-2.8.2\db\prueba.odb' is closed by 3136@DESKTOP-AIVVGFP

[2020-07-03 21:04:08 #4 store] 
Database 'C:\Users\jairo\OneDrive\Documentos\NetBeansProjects\JudiSafeSE\objectdb-2.8.2\db\prueba.odb' is opened by 3136@DESKTOP-AIVVGFP

[2020-07-03 21:04:08 #5 store] 
Configuration path: C:\Users\jairo\OneDrive\Documentos\NetBeansProjects\JudiSafeSE\objectdb-2.8.2\objectdb.conf

[2020-07-03 21:04:23 #6 store] 
Database 'C:\Users\jairo\OneDrive\Documentos\NetBeansProjects\JudiSafeSE\objectdb-2.8.2\db\prueba.odb' is closed by 3136@DESKTOP-AIVVGFP

------------------------------------------------------------------------------------------------------------------------

[2020-07-03 21:05:02 #1 store] 
Database 'C:\Users\jairo\OneDrive\Documentos\NetBeansProjects\JudiSafeSE\objectdb-2.8.2\db\Judi.odb' is opened by 3612@DESKTOP-AIVVGFP

[2020-07-03 21:05:02 #2 store] 
Configuration path: C:\Users\jairo\OneDrive\Documentos\NetBeansProjects\JudiSafeSE\objectdb-2.8.2\objectdb.conf

[2020-07-03 21:05:02 #3 type] 
Type gov.deajcesar.judisafese.entity.Person is not enhanced.

[2020-07-03 21:05:02 #4 type] 
Type gov.deajcesar.judisafese.entity.Register is not enhanced.

------------------------------------------------------------------------------------------------------------------------

[2020-07-03 21:06:09 #1 store] 
Database 'C:\Users\jairo\OneDrive\Documentos\NetBeansProjects\JudiSafeSE\objectdb-2.8.2\db\Judi.odb' has been recovered (tr. 1-3)

[2020-07-03 21:06:09 #2 store] 
Database 'C:\Users\jairo\OneDrive\Documentos\NetBeansProjects\JudiSafeSE\objectdb-2.8.2\db\Judi.odb' is opened by 1064@DESKTOP-AIVVGFP

[2020-07-03 21:06:09 #3 store] 
Configuration path: C:\Users\jairo\OneDrive\Documentos\NetBeansProjects\JudiSafeSE\objectdb-2.8.2\objectdb.conf

[2020-07-03 21:06:09 #4 type] 
Type gov.deajcesar.judisafese.entity.Person is not enhanced.

[2020-07-03 21:06:09 #5 type] 
Type gov.deajcesar.judisafese.entity.Register is not enhanced.

------------------------------------------------------------------------------------------------------------------------

[2020-07-03 21:06:26 #1 store] 
Database 'C:\Users\jairo\OneDrive\Documentos\NetBeansProjects\JudiSafeSE\objectdb-2.8.2\db\Judi.odb' has been recovered (tr. 4-5)

[2020-07-03 21:06:26 #2 store] 
Database 'C:\Users\jairo\OneDrive\Documentos\NetBeansProjects\JudiSafeSE\objectdb-2.8.2\db\Judi.odb' is opened by 5472@DESKTOP-AIVVGFP

[2020-07-03 21:06:26 #3 store] 
Configuration path: C:\Users\jairo\OneDrive\Documentos\NetBeansProjects\JudiSafeSE\objectdb-2.8.2\objectdb.conf

[2020-07-03 21:27:12 #4 store] 
Database 'C:\Users\jairo\OneDrive\Documentos\NetBeansProjects\JudiSafeSE\objectdb-2.8.2\db\Judi.odb' is closed by 5472@DESKTOP-AIVVGFP

------------------------------------------------------------------------------------------------------------------------

[2020-07-03 21:31:08 #1 store] 
Database 'C:\Users\jairo\OneDrive\Documentos\NetBeansProjects\JudiSafeSE\objectdb-2.8.2\db\Judi.odb' is opened by 2240@DESKTOP-AIVVGFP

[2020-07-03 21:31:08 #2 store] 
Configuration path: C:\Users\jairo\OneDrive\Documentos\NetBeansProjects\JudiSafeSE\objectdb-2.8.2\objectdb.conf

[2020-07-03 21:31:09 #3 type] 
Type gov.deajcesar.judisafese.entity.Person is not enhanced.

[2020-07-03 21:31:09 #4 type] 
Type gov.deajcesar.judisafese.entity.Register is not enhanced.

------------------------------------------------------------------------------------------------------------------------

[2020-07-03 21:35:36 #1 store] 
Database 'C:\Users\jairo\OneDrive\Documentos\NetBeansProjects\JudiSafeSE\objectdb-2.8.2\db\Judi.odb' has been recovered (tr. 8-9)

[2020-07-03 21:35:36 #2 store] 
Database 'C:\Users\jairo\OneDrive\Documentos\NetBeansProjects\JudiSafeSE\objectdb-2.8.2\db\Judi.odb' is opened by 5052@DESKTOP-AIVVGFP

[2020-07-03 21:35:36 #3 store] 
Configuration path: C:\Users\jairo\OneDrive\Documentos\NetBeansProjects\JudiSafeSE\objectdb-2.8.2\objectdb.conf

[2020-07-03 21:36:04 #4 store] 
Database 'C:\Users\jairo\OneDrive\Documentos\NetBeansProjects\JudiSafeSE\objectdb-2.8.2\db\Judi.odb' is closed by 5052@DESKTOP-AIVVGFP

------------------------------------------------------------------------------------------------------------------------

[2020-07-03 21:36:57 #1 store] 
Database 'C:\Users\jairo\OneDrive\Documentos\NetBeansProjects\JudiSafeSE\objectdb-2.8.2\db\Judi.odb' is opened by 9356@DESKTOP-AIVVGFP

[2020-07-03 21:36:57 #2 store] 
Configuration path: C:\Users\jairo\OneDrive\Documentos\NetBeansProjects\JudiSafeSE\objectdb-2.8.2\objectdb.conf

[2020-07-03 21:36:57 #3 type] 
Type gov.deajcesar.judisafese.entity.Person is not enhanced.

[2020-07-03 21:36:57 #4 type] 
Type gov.deajcesar.judisafese.entity.Register is not enhanced.

------------------------------------------------------------------------------------------------------------------------

[2020-07-03 21:38:14 #1 store] 
Database 'C:\Users\jairo\OneDrive\Documentos\NetBeansProjects\JudiSafeSE\objectdb-2.8.2\db\Judi.odb' has been recovered (tr. 13-13)

[2020-07-03 21:38:14 #2 store] 
Database 'C:\Users\jairo\OneDrive\Documentos\NetBeansProjects\JudiSafeSE\objectdb-2.8.2\db\Judi.odb' is opened by 5576@DESKTOP-AIVVGFP

[2020-07-03 21:38:14 #3 store] 
Configuration path: C:\Users\jairo\OneDrive\Documentos\NetBeansProjects\JudiSafeSE\objectdb-2.8.2\objectdb.conf

[2020-07-03 21:39:03 #4 store] 
Database 'C:\Users\jairo\OneDrive\Documentos\NetBeansProjects\JudiSafeSE\objectdb-2.8.2\db\Judi.odb' is closed by 5576@DESKTOP-AIVVGFP

------------------------------------------------------------------------------------------------------------------------

[2020-07-03 21:39:50 #1 store] 
Database 'C:\Users\jairo\OneDrive\Documentos\NetBeansProjects\JudiSafeSE\objectdb-2.8.2\db\Judi.odb' is opened by 3412@DESKTOP-AIVVGFP

[2020-07-03 21:39:50 #2 store] 
Configuration path: C:\Users\jairo\OneDrive\Documentos\NetBeansProjects\JudiSafeSE\objectdb-2.8.2\objectdb.conf

[2020-07-03 21:39:51 #3 type] 
Type gov.deajcesar.judisafese.entity.Person is not enhanced.

[2020-07-03 21:39:51 #4 type] 
Type gov.deajcesar.judisafese.entity.Register is not enhanced.

------------------------------------------------------------------------------------------------------------------------

[2020-07-03 21:40:53 #1 store] 
Database 'C:\Users\jairo\OneDrive\Documentos\NetBeansProjects\JudiSafeSE\objectdb-2.8.2\db\Judi.odb' is opened by 8540@DESKTOP-AIVVGFP

[2020-07-03 21:40:53 #2 store] 
Configuration path: C:\Users\jairo\OneDrive\Documentos\NetBeansProjects\JudiSafeSE\objectdb-2.8.2\objectdb.conf

[2020-07-03 21:40:53 #3 type] 
Type gov.deajcesar.judisafese.entity.Person is not enhanced.

[2020-07-03 21:40:53 #4 type] 
Type gov.deajcesar.judisafese.entity.Register is not enhanced.

------------------------------------------------------------------------------------------------------------------------

[2020-07-03 21:42:11 #1 store] 
Database 'C:\Users\jairo\OneDrive\Documentos\NetBeansProjects\JudiSafeSE\objectdb-2.8.2\db\Judi.odb' is opened by 1224@DESKTOP-AIVVGFP

[2020-07-03 21:42:11 #2 store] 
Configuration path: C:\Users\jairo\OneDrive\Documentos\NetBeansProjects\JudiSafeSE\objectdb-2.8.2\objectdb.conf

[2020-07-03 21:43:00 #3 store] 
Database 'C:\Users\jairo\OneDrive\Documentos\NetBeansProjects\JudiSafeSE\objectdb-2.8.2\db\Judi.odb' is closed by 1224@DESKTOP-AIVVGFP

------------------------------------------------------------------------------------------------------------------------

[2020-07-03 21:43:13 #1 store] 
Database 'C:\Users\jairo\OneDrive\Documentos\NetBeansProjects\JudiSafeSE\objectdb-2.8.2\db\Judi.odb' is opened by 4084@DESKTOP-AIVVGFP

[2020-07-03 21:43:13 #2 store] 
Configuration path: C:\Users\jairo\OneDrive\Documentos\NetBeansProjects\JudiSafeSE\objectdb-2.8.2\objectdb.conf

[2020-07-03 21:43:55 #3 store] 
Database 'C:\Users\jairo\OneDrive\Documentos\NetBeansProjects\JudiSafeSE\objectdb-2.8.2\db\Judi.odb' is closed by 4084@DESKTOP-AIVVGFP

------------------------------------------------------------------------------------------------------------------------

[2020-07-03 21:44:45 #1 store] 
Database 'C:\Users\jairo\OneDrive\Documentos\NetBeansProjects\JudiSafeSE\objectdb-2.8.2\db\Judi.odb' is opened by 6008@DESKTOP-AIVVGFP

[2020-07-03 21:44:45 #2 store] 
Configuration path: C:\Users\jairo\OneDrive\Documentos\NetBeansProjects\JudiSafeSE\objectdb-2.8.2\objectdb.conf

[2020-07-03 21:44:45 #3 type] 
Type gov.deajcesar.judisafese.entity.Person is not enhanced.

[2020-07-03 21:44:45 #4 type] 
Type gov.deajcesar.judisafese.entity.Register is not enhanced.

------------------------------------------------------------------------------------------------------------------------

[2020-07-03 21:45:27 #1 store] 
Database 'C:\Users\jairo\OneDrive\Documentos\NetBeansProjects\JudiSafeSE\objectdb-2.8.2\db\Judi.odb' has been recovered (tr. 17-17)

[2020-07-03 21:45:27 #2 store] 
Database 'C:\Users\jairo\OneDrive\Documentos\NetBeansProjects\JudiSafeSE\objectdb-2.8.2\db\Judi.odb' is opened by 1296@DESKTOP-AIVVGFP

[2020-07-03 21:45:27 #3 store] 
Configuration path: C:\Users\jairo\OneDrive\Documentos\NetBeansProjects\JudiSafeSE\objectdb-2.8.2\objectdb.conf

[2020-07-03 21:45:28 #4 type] 
Type gov.deajcesar.judisafese.entity.Person is not enhanced.

[2020-07-03 21:45:28 #5 type] 
Type gov.deajcesar.judisafese.entity.Register is not enhanced.

------------------------------------------------------------------------------------------------------------------------

[2020-07-03 21:46:47 #1 store] 
Database 'C:\Users\jairo\OneDrive\Documentos\NetBeansProjects\JudiSafeSE\objectdb-2.8.2\db\Judi.odb' is opened by 8832@DESKTOP-AIVVGFP

[2020-07-03 21:46:47 #2 store] 
Configuration path: C:\Users\jairo\OneDrive\Documentos\NetBeansProjects\JudiSafeSE\objectdb-2.8.2\objectdb.conf

[2020-07-03 21:46:47 #3 type] 
Type gov.deajcesar.judisafese.entity.Person is not enhanced.

[2020-07-03 21:46:47 #4 type] 
Type gov.deajcesar.judisafese.entity.Register is not enhanced.

------------------------------------------------------------------------------------------------------------------------

[2020-07-03 21:47:51 #1 store] 
Database 'C:\Users\jairo\OneDrive\Documentos\NetBeansProjects\JudiSafeSE\objectdb-2.8.2\db\Judi.odb' is opened by 2336@DESKTOP-AIVVGFP

[2020-07-03 21:47:51 #2 store] 
Configuration path: C:\Users\jairo\OneDrive\Documentos\NetBeansProjects\JudiSafeSE\objectdb-2.8.2\objectdb.conf

[2020-07-03 21:47:51 #3 type] 
Type gov.deajcesar.judisafese.entity.Person is not enhanced.

[2020-07-03 21:47:51 #4 type] 
Type gov.deajcesar.judisafese.entity.Register is not enhanced.

------------------------------------------------------------------------------------------------------------------------

[2020-07-03 21:48:48 #1 store] 
Database 'C:\Users\jairo\OneDrive\Documentos\NetBeansProjects\JudiSafeSE\objectdb-2.8.2\db\Judi.odb' is opened by 9476@DESKTOP-AIVVGFP

[2020-07-03 21:48:48 #2 store] 
Configuration path: C:\Users\jairo\OneDrive\Documentos\NetBeansProjects\JudiSafeSE\objectdb-2.8.2\objectdb.conf

[2020-07-03 21:49:56 #3 store] 
Database 'C:\Users\jairo\OneDrive\Documentos\NetBeansProjects\JudiSafeSE\objectdb-2.8.2\db\Judi.odb' is closed by 9476@DESKTOP-AIVVGFP

------------------------------------------------------------------------------------------------------------------------

[2020-07-03 21:51:55 #1 store] 
Database 'C:\Users\jairo\OneDrive\Documentos\NetBeansProjects\JudiSafeSE\objectdb-2.8.2\db\Judis.odb' is opened by 11204@DESKTOP-AIVVGFP

[2020-07-03 21:51:55 #2 store] 
Configuration path: C:\Users\jairo\OneDrive\Documentos\NetBeansProjects\JudiSafeSE\objectdb-2.8.2\objectdb.conf

[2020-07-03 21:51:56 #3 type] 
Type gov.deajcesar.judisafese.entity.Person is not enhanced.

[2020-07-03 21:51:56 #4 type] 
Type gov.deajcesar.judisafese.entity.Register is not enhanced.

------------------------------------------------------------------------------------------------------------------------

[2020-07-03 21:55:31 #1 store] 
Database 'C:\Users\jairo\OneDrive\Documentos\NetBeansProjects\JudiSafeSE\objectdb-2.8.2\db\Judis.odb' has been recovered (tr. 1-6)

[2020-07-03 21:55:31 #2 store] 
Database 'C:\Users\jairo\OneDrive\Documentos\NetBeansProjects\JudiSafeSE\objectdb-2.8.2\db\Judis.odb' is opened by 6884@DESKTOP-AIVVGFP

[2020-07-03 21:55:31 #3 store] 
Configuration path: C:\Users\jairo\OneDrive\Documentos\NetBeansProjects\JudiSafeSE\objectdb-2.8.2\objectdb.conf

[2020-07-03 21:55:55 #4 store] 
Database 'C:\Users\jairo\OneDrive\Documentos\NetBeansProjects\JudiSafeSE\objectdb-2.8.2\db\Judis.odb' is closed by 6884@DESKTOP-AIVVGFP

------------------------------------------------------------------------------------------------------------------------

[2020-07-03 21:56:44 #1 store] 
Database 'C:\Users\jairo\OneDrive\Documentos\NetBeansProjects\JudiSafeSE\objectdb-2.8.2\db\Judis.odb' is opened by 7444@DESKTOP-AIVVGFP

[2020-07-03 21:56:44 #2 store] 
Configuration path: C:\Users\jairo\OneDrive\Documentos\NetBeansProjects\JudiSafeSE\objectdb-2.8.2\objectdb.conf

[2020-07-03 21:56:44 #3 type] 
Type gov.deajcesar.judisafese.entity.Person is not enhanced.

[2020-07-03 21:56:44 #4 type] 
Type gov.deajcesar.judisafese.entity.Register is not enhanced.

------------------------------------------------------------------------------------------------------------------------

[2020-07-03 21:59:37 #1 store] 
Database 'C:\Users\jairo\OneDrive\Documentos\NetBeansProjects\JudiSafeSE\objectdb-2.8.2\db\Judis.odb' has been recovered (tr. 10-11)

[2020-07-03 21:59:38 #2 store] 
Database 'C:\Users\jairo\OneDrive\Documentos\NetBeansProjects\JudiSafeSE\objectdb-2.8.2\db\Judis.odb' is opened by 6116@DESKTOP-AIVVGFP

[2020-07-03 21:59:38 #3 store] 
Configuration path: C:\Users\jairo\OneDrive\Documentos\NetBeansProjects\JudiSafeSE\objectdb-2.8.2\objectdb.conf

[2020-07-03 21:59:38 #4 type] 
Type gov.deajcesar.judisafese.entity.Person is not enhanced.

[2020-07-03 21:59:38 #5 type] 
Type gov.deajcesar.judisafese.entity.Register is not enhanced.

------------------------------------------------------------------------------------------------------------------------

[2020-07-03 21:59:56 #1 store] 
Database 'C:\Users\jairo\OneDrive\Documentos\NetBeansProjects\JudiSafeSE\objectdb-2.8.2\db\Judis.odb' has been recovered (tr. 12-13)

[2020-07-03 21:59:56 #2 store] 
Database 'C:\Users\jairo\OneDrive\Documentos\NetBeansProjects\JudiSafeSE\objectdb-2.8.2\db\Judis.odb' is opened by 8748@DESKTOP-AIVVGFP

[2020-07-03 21:59:56 #3 store] 
Configuration path: C:\Users\jairo\OneDrive\Documentos\NetBeansProjects\JudiSafeSE\objectdb-2.8.2\objectdb.conf

[2020-07-03 21:59:57 #4 type] 
Type gov.deajcesar.judisafese.entity.Person is not enhanced.

[2020-07-03 21:59:57 #5 type] 
Type gov.deajcesar.judisafese.entity.Register is not enhanced.

