------------------------------------------------------------------------------------------------------------------------

[2020-07-06 09:59:48 #1 store] 
Database 'C:\Users\jairo\OneDrive\Documentos\NetBeansProjects\JudiSafeSE\objectdb-2.8.2\db\Judis.odb' is opened by 7248@DESKTOP-AIVVGFP

[2020-07-06 09:59:48 #2 store] 
Configuration path: C:\Users\jairo\OneDrive\Documentos\NetBeansProjects\JudiSafeSE\objectdb-2.8.2\objectdb.conf

[2020-07-06 09:59:49 #3 type] 
Type gov.deajcesar.judisafese.entity.Person is not enhanced.

[2020-07-06 09:59:49 #4 type] 
Type gov.deajcesar.judisafese.entity.Register is not enhanced.

------------------------------------------------------------------------------------------------------------------------

[2020-07-06 10:05:20 #1 store] 
Database 'C:\Users\jairo\OneDrive\Documentos\NetBeansProjects\JudiSafeSE\objectdb-2.8.2\db\Judis.odb' has been recovered (tr. 66-66)

[2020-07-06 10:05:20 #2 store] 
Database 'C:\Users\jairo\OneDrive\Documentos\NetBeansProjects\JudiSafeSE\objectdb-2.8.2\db\Judis.odb' is opened by 2220@DESKTOP-AIVVGFP

[2020-07-06 10:05:20 #3 store] 
Configuration path: C:\Users\jairo\OneDrive\Documentos\NetBeansProjects\JudiSafeSE\objectdb-2.8.2\objectdb.conf

[2020-07-06 10:05:21 #4 type] 
Type gov.deajcesar.judisafese.entity.Person is not enhanced.

[2020-07-06 10:05:21 #5 type] 
Type gov.deajcesar.judisafese.entity.Register is not enhanced.

------------------------------------------------------------------------------------------------------------------------

[2020-07-06 10:20:49 #1 store] 
Database 'C:\Users\jairo\OneDrive\Documentos\NetBeansProjects\JudiSafeSE\objectdb-2.8.2\db\Judis.odb' has been recovered (tr. 67-67)

[2020-07-06 10:20:49 #2 store] 
Database 'C:\Users\jairo\OneDrive\Documentos\NetBeansProjects\JudiSafeSE\objectdb-2.8.2\db\Judis.odb' is opened by 10296@DESKTOP-AIVVGFP

[2020-07-06 10:20:49 #3 store] 
Configuration path: C:\Users\jairo\OneDrive\Documentos\NetBeansProjects\JudiSafeSE\objectdb-2.8.2\objectdb.conf

[2020-07-06 10:20:49 #4 type] 
Type gov.deajcesar.judisafese.entity.Person is not enhanced.

[2020-07-06 10:20:49 #5 type] 
Type gov.deajcesar.judisafese.entity.Register is not enhanced.

------------------------------------------------------------------------------------------------------------------------

[2020-07-06 10:21:53 #1 store] 
Database 'C:\Users\jairo\OneDrive\Documentos\NetBeansProjects\JudiSafeSE\objectdb-2.8.2\db\Judis.odb' is opened by 1012@DESKTOP-AIVVGFP

[2020-07-06 10:21:53 #2 store] 
Configuration path: C:\Users\jairo\OneDrive\Documentos\NetBeansProjects\JudiSafeSE\objectdb-2.8.2\objectdb.conf

[2020-07-06 10:21:54 #3 type] 
Type gov.deajcesar.judisafese.entity.Person is not enhanced.

[2020-07-06 10:21:54 #4 type] 
Type gov.deajcesar.judisafese.entity.Register is not enhanced.

------------------------------------------------------------------------------------------------------------------------

[2020-07-06 12:42:41 #1 store] 
Database 'C:\Users\jairo\OneDrive\Documentos\NetBeansProjects\JudiSafeSE\objectdb-2.8.2\db\Judis.odb' is opened by 5500@DESKTOP-AIVVGFP

[2020-07-06 12:42:41 #2 store] 
Configuration path: C:\Users\jairo\OneDrive\Documentos\NetBeansProjects\JudiSafeSE\objectdb-2.8.2\objectdb.conf

[2020-07-06 12:42:41 #3 type] 
Type gov.deajcesar.judisafese.entity.Person is not enhanced.

[2020-07-06 12:42:41 #4 type] 
Type gov.deajcesar.judisafese.entity.Register is not enhanced.

------------------------------------------------------------------------------------------------------------------------

[2020-07-06 12:44:40 #1 store] 
Database 'C:\Users\jairo\OneDrive\Documentos\NetBeansProjects\JudiSafeSE\objectdb-2.8.2\db\Judis.odb' is opened by 10344@DESKTOP-AIVVGFP

[2020-07-06 12:44:40 #2 store] 
Configuration path: C:\Users\jairo\OneDrive\Documentos\NetBeansProjects\JudiSafeSE\objectdb-2.8.2\objectdb.conf

[2020-07-06 12:44:40 #3 type] 
Type gov.deajcesar.judisafese.entity.Person is not enhanced.

[2020-07-06 12:44:40 #4 type] 
Type gov.deajcesar.judisafese.entity.Register is not enhanced.

------------------------------------------------------------------------------------------------------------------------

[2020-07-06 12:52:01 #1 store] 
Database 'C:\Users\jairo\OneDrive\Documentos\NetBeansProjects\JudiSafeSE\objectdb-2.8.2\db\Judis.odb' is opened by 1876@DESKTOP-AIVVGFP

[2020-07-06 12:52:01 #2 store] 
Configuration path: C:\Users\jairo\OneDrive\Documentos\NetBeansProjects\JudiSafeSE\objectdb-2.8.2\objectdb.conf

[2020-07-06 12:52:01 #3 type] 
Type gov.deajcesar.judisafese.entity.Person is not enhanced.

[2020-07-06 12:52:01 #4 type] 
Type gov.deajcesar.judisafese.entity.Register is not enhanced.

------------------------------------------------------------------------------------------------------------------------

[2020-07-06 13:05:35 #1 store] 
Database 'C:\Users\jairo\OneDrive\Documentos\NetBeansProjects\JudiSafeSE\objectdb-2.8.2\db\Judis.odb' is opened by 2804@DESKTOP-AIVVGFP

[2020-07-06 13:05:35 #2 store] 
Configuration path: C:\Users\jairo\OneDrive\Documentos\NetBeansProjects\JudiSafeSE\objectdb-2.8.2\objectdb.conf

[2020-07-06 13:05:35 #3 type] 
Type gov.deajcesar.judisafese.entity.Person is not enhanced.

[2020-07-06 13:05:35 #4 type] 
Type gov.deajcesar.judisafese.entity.Register is not enhanced.

------------------------------------------------------------------------------------------------------------------------

[2020-07-06 13:57:20 #1 store] 
Database 'C:\Users\jairo\OneDrive\Documentos\NetBeansProjects\JudiSafeSE\objectdb-2.8.2\db\Judis.odb' is opened by 8132@DESKTOP-AIVVGFP

[2020-07-06 13:57:20 #2 store] 
Configuration path: C:\Users\jairo\OneDrive\Documentos\NetBeansProjects\JudiSafeSE\objectdb-2.8.2\objectdb.conf

[2020-07-06 13:57:20 #3 type] 
Type gov.deajcesar.judisafese.entity.Person is not enhanced.

[2020-07-06 13:57:20 #4 type] 
Type gov.deajcesar.judisafese.entity.Register is not enhanced.

------------------------------------------------------------------------------------------------------------------------

[2020-07-06 13:59:40 #1 store] 
Database 'C:\Users\jairo\OneDrive\Documentos\NetBeansProjects\JudiSafeSE\objectdb-2.8.2\db\Judis.odb' is opened by 2064@DESKTOP-AIVVGFP

[2020-07-06 13:59:40 #2 store] 
Configuration path: C:\Users\jairo\OneDrive\Documentos\NetBeansProjects\JudiSafeSE\objectdb-2.8.2\objectdb.conf

[2020-07-06 13:59:41 #3 type] 
Type gov.deajcesar.judisafese.entity.Person is not enhanced.

[2020-07-06 13:59:41 #4 type] 
Type gov.deajcesar.judisafese.entity.Register is not enhanced.

------------------------------------------------------------------------------------------------------------------------

[2020-07-06 14:02:04 #1 store] 
Database 'C:\Users\jairo\OneDrive\Documentos\NetBeansProjects\JudiSafeSE\objectdb-2.8.2\db\Judis.odb' is opened by 1780@DESKTOP-AIVVGFP

[2020-07-06 14:02:04 #2 store] 
Configuration path: C:\Users\jairo\OneDrive\Documentos\NetBeansProjects\JudiSafeSE\objectdb-2.8.2\objectdb.conf

[2020-07-06 14:02:04 #3 type] 
Type gov.deajcesar.judisafese.entity.Person is not enhanced.

[2020-07-06 14:02:04 #4 type] 
Type gov.deajcesar.judisafese.entity.Register is not enhanced.

------------------------------------------------------------------------------------------------------------------------

[2020-07-06 14:03:26 #1 store] 
Database 'C:\Users\jairo\OneDrive\Documentos\NetBeansProjects\JudiSafeSE\objectdb-2.8.2\db\Judis.odb' is opened by 4036@DESKTOP-AIVVGFP

[2020-07-06 14:03:26 #2 store] 
Configuration path: C:\Users\jairo\OneDrive\Documentos\NetBeansProjects\JudiSafeSE\objectdb-2.8.2\objectdb.conf

[2020-07-06 14:03:26 #3 type] 
Type gov.deajcesar.judisafese.entity.Person is not enhanced.

[2020-07-06 14:03:26 #4 type] 
Type gov.deajcesar.judisafese.entity.Register is not enhanced.

------------------------------------------------------------------------------------------------------------------------

[2020-07-06 14:08:49 #1 store] 
Database 'C:\Users\jairo\OneDrive\Documentos\NetBeansProjects\JudiSafeSE\objectdb-2.8.2\db\Judis.odb' is opened by 328@DESKTOP-AIVVGFP

[2020-07-06 14:08:49 #2 store] 
Configuration path: C:\Users\jairo\OneDrive\Documentos\NetBeansProjects\JudiSafeSE\objectdb-2.8.2\objectdb.conf

[2020-07-06 14:08:50 #3 type] 
Type gov.deajcesar.judisafese.entity.Person is not enhanced.

[2020-07-06 14:08:50 #4 type] 
Type gov.deajcesar.judisafese.entity.Register is not enhanced.

------------------------------------------------------------------------------------------------------------------------

[2020-07-06 14:10:05 #1 store] 
Database 'C:\Users\jairo\OneDrive\Documentos\NetBeansProjects\JudiSafeSE\objectdb-2.8.2\db\Judis.odb' is opened by 4372@DESKTOP-AIVVGFP

[2020-07-06 14:10:05 #2 store] 
Configuration path: C:\Users\jairo\OneDrive\Documentos\NetBeansProjects\JudiSafeSE\objectdb-2.8.2\objectdb.conf

[2020-07-06 14:10:05 #3 type] 
Type gov.deajcesar.judisafese.entity.Person is not enhanced.

[2020-07-06 14:10:05 #4 type] 
Type gov.deajcesar.judisafese.entity.Register is not enhanced.

------------------------------------------------------------------------------------------------------------------------

[2020-07-06 14:16:32 #1 store] 
Database 'C:\Users\jairo\OneDrive\Documentos\NetBeansProjects\JudiSafeSE\objectdb-2.8.2\db\Judis.odb' is opened by 1052@DESKTOP-AIVVGFP

[2020-07-06 14:16:32 #2 store] 
Configuration path: C:\Users\jairo\OneDrive\Documentos\NetBeansProjects\JudiSafeSE\objectdb-2.8.2\objectdb.conf

[2020-07-06 14:16:32 #3 type] 
Type gov.deajcesar.judisafese.entity.Person is not enhanced.

[2020-07-06 14:16:32 #4 type] 
Type gov.deajcesar.judisafese.entity.Register is not enhanced.

------------------------------------------------------------------------------------------------------------------------

[2020-07-06 14:16:51 #1 store] 
Database 'C:\Users\jairo\OneDrive\Documentos\NetBeansProjects\JudiSafeSE\objectdb-2.8.2\db\Judis.odb' is opened by 4812@DESKTOP-AIVVGFP

[2020-07-06 14:16:51 #2 store] 
Configuration path: C:\Users\jairo\OneDrive\Documentos\NetBeansProjects\JudiSafeSE\objectdb-2.8.2\objectdb.conf

[2020-07-06 14:16:51 #3 type] 
Type gov.deajcesar.judisafese.entity.Person is not enhanced.

[2020-07-06 14:16:51 #4 type] 
Type gov.deajcesar.judisafese.entity.Register is not enhanced.

------------------------------------------------------------------------------------------------------------------------

[2020-07-06 14:19:17 #1 store] 
Database 'C:\Users\jairo\OneDrive\Documentos\NetBeansProjects\JudiSafeSE\objectdb-2.8.2\db\Judis.odb' is opened by 6864@DESKTOP-AIVVGFP

[2020-07-06 14:19:17 #2 store] 
Configuration path: C:\Users\jairo\OneDrive\Documentos\NetBeansProjects\JudiSafeSE\objectdb-2.8.2\objectdb.conf

[2020-07-06 14:19:18 #3 type] 
Type gov.deajcesar.judisafese.entity.Person is not enhanced.

[2020-07-06 14:19:18 #4 type] 
Type gov.deajcesar.judisafese.entity.Register is not enhanced.

------------------------------------------------------------------------------------------------------------------------

[2020-07-06 14:22:17 #1 store] 
Database 'C:\Users\jairo\OneDrive\Documentos\NetBeansProjects\JudiSafeSE\objectdb-2.8.2\db\Judis.odb' is opened by 6812@DESKTOP-AIVVGFP

[2020-07-06 14:22:17 #2 store] 
Configuration path: C:\Users\jairo\OneDrive\Documentos\NetBeansProjects\JudiSafeSE\objectdb-2.8.2\objectdb.conf

[2020-07-06 14:22:17 #3 type] 
Type gov.deajcesar.judisafese.entity.Person is not enhanced.

[2020-07-06 14:22:17 #4 type] 
Type gov.deajcesar.judisafese.entity.Register is not enhanced.

------------------------------------------------------------------------------------------------------------------------

[2020-07-06 14:30:39 #1 store] 
Database 'C:\Users\jairo\OneDrive\Documentos\NetBeansProjects\JudiSafeSE\objectdb-2.8.2\db\Judis.odb' is opened by 7820@DESKTOP-AIVVGFP

[2020-07-06 14:30:39 #2 store] 
Configuration path: C:\Users\jairo\OneDrive\Documentos\NetBeansProjects\JudiSafeSE\objectdb-2.8.2\objectdb.conf

[2020-07-06 14:30:40 #3 type] 
Type gov.deajcesar.judisafese.entity.Person is not enhanced.

[2020-07-06 14:30:40 #4 type] 
Type gov.deajcesar.judisafese.entity.Register is not enhanced.

------------------------------------------------------------------------------------------------------------------------

[2020-07-06 14:38:25 #1 store] 
Database 'C:\Users\jairo\OneDrive\Documentos\NetBeansProjects\JudiSafeSE\objectdb-2.8.2\db\Judis.odb' is opened by 5620@DESKTOP-AIVVGFP

[2020-07-06 14:38:25 #2 store] 
Configuration path: C:\Users\jairo\OneDrive\Documentos\NetBeansProjects\JudiSafeSE\objectdb-2.8.2\objectdb.conf

[2020-07-06 14:38:25 #3 type] 
Type gov.deajcesar.judisafese.entity.Person is not enhanced.

[2020-07-06 14:38:25 #4 type] 
Type gov.deajcesar.judisafese.entity.Register is not enhanced.

------------------------------------------------------------------------------------------------------------------------

[2020-07-06 14:45:56 #1 store] 
Database 'C:\Users\jairo\OneDrive\Documentos\NetBeansProjects\JudiSafeSE\objectdb-2.8.2\db\Judis.odb' is opened by 6764@DESKTOP-AIVVGFP

[2020-07-06 14:45:56 #2 store] 
Configuration path: C:\Users\jairo\OneDrive\Documentos\NetBeansProjects\JudiSafeSE\objectdb-2.8.2\objectdb.conf

[2020-07-06 14:45:57 #3 type] 
Type gov.deajcesar.judisafese.entity.Person is not enhanced.

[2020-07-06 14:45:57 #4 type] 
Type gov.deajcesar.judisafese.entity.Register is not enhanced.

------------------------------------------------------------------------------------------------------------------------

[2020-07-06 14:47:31 #1 store] 
Database 'C:\Users\jairo\OneDrive\Documentos\NetBeansProjects\JudiSafeSE\objectdb-2.8.2\db\Judis.odb' is opened by 5872@DESKTOP-AIVVGFP

[2020-07-06 14:47:31 #2 store] 
Configuration path: C:\Users\jairo\OneDrive\Documentos\NetBeansProjects\JudiSafeSE\objectdb-2.8.2\objectdb.conf

[2020-07-06 14:47:31 #3 type] 
Type gov.deajcesar.judisafese.entity.Person is not enhanced.

[2020-07-06 14:47:31 #4 type] 
Type gov.deajcesar.judisafese.entity.Register is not enhanced.

------------------------------------------------------------------------------------------------------------------------

[2020-07-06 15:02:48 #1 store] 
Database 'C:\Users\jairo\OneDrive\Documentos\NetBeansProjects\JudiSafeSE\objectdb-2.8.2\db\Judis.odb' is opened by 3880@DESKTOP-AIVVGFP

[2020-07-06 15:02:48 #2 store] 
Configuration path: C:\Users\jairo\OneDrive\Documentos\NetBeansProjects\JudiSafeSE\objectdb-2.8.2\objectdb.conf

[2020-07-06 15:02:49 #3 type] 
Type gov.deajcesar.judisafese.entity.Person is not enhanced.

[2020-07-06 15:02:49 #4 type] 
Type gov.deajcesar.judisafese.entity.Register is not enhanced.

------------------------------------------------------------------------------------------------------------------------

[2020-07-06 15:04:00 #1 store] 
Database 'C:\Users\jairo\OneDrive\Documentos\NetBeansProjects\JudiSafeSE\objectdb-2.8.2\db\Judis.odb' is opened by 3376@DESKTOP-AIVVGFP

[2020-07-06 15:04:00 #2 store] 
Configuration path: C:\Users\jairo\OneDrive\Documentos\NetBeansProjects\JudiSafeSE\objectdb-2.8.2\objectdb.conf

[2020-07-06 15:04:00 #3 type] 
Type gov.deajcesar.judisafese.entity.Person is not enhanced.

[2020-07-06 15:04:00 #4 type] 
Type gov.deajcesar.judisafese.entity.Register is not enhanced.

------------------------------------------------------------------------------------------------------------------------

[2020-07-06 15:04:44 #1 store] 
Database 'C:\Users\jairo\OneDrive\Documentos\NetBeansProjects\JudiSafeSE\objectdb-2.8.2\db\Judis.odb' is opened by 4216@DESKTOP-AIVVGFP

[2020-07-06 15:04:44 #2 store] 
Configuration path: C:\Users\jairo\OneDrive\Documentos\NetBeansProjects\JudiSafeSE\objectdb-2.8.2\objectdb.conf

[2020-07-06 15:04:44 #3 type] 
Type gov.deajcesar.judisafese.entity.Person is not enhanced.

[2020-07-06 15:04:44 #4 type] 
Type gov.deajcesar.judisafese.entity.Register is not enhanced.

------------------------------------------------------------------------------------------------------------------------

[2020-07-06 15:11:20 #1 store] 
Database 'C:\Users\jairo\OneDrive\Documentos\NetBeansProjects\JudiSafeSE\objectdb-2.8.2\db\Judis.odb' is opened by 2380@DESKTOP-AIVVGFP

[2020-07-06 15:11:20 #2 store] 
Configuration path: C:\Users\jairo\OneDrive\Documentos\NetBeansProjects\JudiSafeSE\objectdb-2.8.2\objectdb.conf

[2020-07-06 15:11:21 #3 type] 
Type gov.deajcesar.judisafese.entity.Person is not enhanced.

[2020-07-06 15:11:21 #4 type] 
Type gov.deajcesar.judisafese.entity.Register is not enhanced.

------------------------------------------------------------------------------------------------------------------------

[2020-07-06 15:16:16 #1 store] 
Database 'C:\Users\jairo\OneDrive\Documentos\NetBeansProjects\JudiSafeSE\objectdb-2.8.2\db\Judis.odb' is opened by 5608@DESKTOP-AIVVGFP

[2020-07-06 15:16:16 #2 store] 
Configuration path: C:\Users\jairo\OneDrive\Documentos\NetBeansProjects\JudiSafeSE\objectdb-2.8.2\objectdb.conf

[2020-07-06 15:16:16 #3 type] 
Type gov.deajcesar.judisafese.entity.Person is not enhanced.

[2020-07-06 15:16:16 #4 type] 
Type gov.deajcesar.judisafese.entity.Register is not enhanced.

------------------------------------------------------------------------------------------------------------------------

[2020-07-06 15:17:00 #1 store] 
Database 'C:\Users\jairo\OneDrive\Documentos\NetBeansProjects\JudiSafeSE\objectdb-2.8.2\db\Judis.odb' is opened by 496@DESKTOP-AIVVGFP

[2020-07-06 15:17:00 #2 store] 
Configuration path: C:\Users\jairo\OneDrive\Documentos\NetBeansProjects\JudiSafeSE\objectdb-2.8.2\objectdb.conf

[2020-07-06 15:17:00 #3 type] 
Type gov.deajcesar.judisafese.entity.Person is not enhanced.

[2020-07-06 15:17:00 #4 type] 
Type gov.deajcesar.judisafese.entity.Register is not enhanced.

------------------------------------------------------------------------------------------------------------------------

[2020-07-06 15:27:39 #1 store] 
Database 'C:\Users\jairo\OneDrive\Documentos\NetBeansProjects\JudiSafeSE\objectdb-2.8.2\db\Judis.odb' is opened by 8000@DESKTOP-AIVVGFP

[2020-07-06 15:27:39 #2 store] 
Configuration path: C:\Users\jairo\OneDrive\Documentos\NetBeansProjects\JudiSafeSE\objectdb-2.8.2\objectdb.conf

[2020-07-06 15:27:39 #3 type] 
Type gov.deajcesar.judisafese.entity.Person is not enhanced.

[2020-07-06 15:27:39 #4 type] 
Type gov.deajcesar.judisafese.entity.Register is not enhanced.

------------------------------------------------------------------------------------------------------------------------

[2020-07-06 15:30:23 #1 store] 
Database 'C:\Users\jairo\OneDrive\Documentos\NetBeansProjects\JudiSafeSE\objectdb-2.8.2\db\Judis.odb' is opened by 5464@DESKTOP-AIVVGFP

[2020-07-06 15:30:23 #2 store] 
Configuration path: C:\Users\jairo\OneDrive\Documentos\NetBeansProjects\JudiSafeSE\objectdb-2.8.2\objectdb.conf

[2020-07-06 15:30:24 #3 type] 
Type gov.deajcesar.judisafese.entity.Person is not enhanced.

[2020-07-06 15:30:24 #4 type] 
Type gov.deajcesar.judisafese.entity.Register is not enhanced.

------------------------------------------------------------------------------------------------------------------------

[2020-07-06 15:32:50 #1 store] 
Database 'C:\Users\jairo\OneDrive\Documentos\NetBeansProjects\JudiSafeSE\objectdb-2.8.2\db\Judis.odb' has been recovered (tr. 68-69)

[2020-07-06 15:32:50 #2 store] 
Database 'C:\Users\jairo\OneDrive\Documentos\NetBeansProjects\JudiSafeSE\objectdb-2.8.2\db\Judis.odb' is opened by 716@DESKTOP-AIVVGFP

[2020-07-06 15:32:50 #3 store] 
Configuration path: C:\Users\jairo\OneDrive\Documentos\NetBeansProjects\JudiSafeSE\objectdb-2.8.2\objectdb.conf

[2020-07-06 15:32:50 #4 type] 
Type gov.deajcesar.judisafese.entity.Person is not enhanced.

[2020-07-06 15:32:50 #5 type] 
Type gov.deajcesar.judisafese.entity.Register is not enhanced.

------------------------------------------------------------------------------------------------------------------------

[2020-07-06 15:38:35 #1 store] 
Database 'C:\Users\jairo\OneDrive\Documentos\NetBeansProjects\JudiSafeSE\objectdb-2.8.2\db\Judis.odb' is opened by 5768@DESKTOP-AIVVGFP

[2020-07-06 15:38:35 #2 store] 
Configuration path: C:\Users\jairo\OneDrive\Documentos\NetBeansProjects\JudiSafeSE\objectdb-2.8.2\objectdb.conf

[2020-07-06 15:38:35 #3 type] 
Type gov.deajcesar.judisafese.entity.Person is not enhanced.

[2020-07-06 15:38:35 #4 type] 
Type gov.deajcesar.judisafese.entity.Register is not enhanced.

------------------------------------------------------------------------------------------------------------------------

[2020-07-06 15:43:10 #1 store] 
Database 'C:\Users\jairo\OneDrive\Documentos\NetBeansProjects\JudiSafeSE\objectdb-2.8.2\db\Judis.odb' is opened by 6232@DESKTOP-AIVVGFP

[2020-07-06 15:43:10 #2 store] 
Configuration path: C:\Users\jairo\OneDrive\Documentos\NetBeansProjects\JudiSafeSE\objectdb-2.8.2\objectdb.conf

[2020-07-06 15:43:11 #3 type] 
Type gov.deajcesar.judisafese.entity.Person is not enhanced.

[2020-07-06 15:43:11 #4 type] 
Type gov.deajcesar.judisafese.entity.Register is not enhanced.

------------------------------------------------------------------------------------------------------------------------

[2020-07-06 15:44:16 #1 store] 
Database 'C:\Users\jairo\OneDrive\Documentos\NetBeansProjects\JudiSafeSE\objectdb-2.8.2\db\Judis.odb' is opened by 7268@DESKTOP-AIVVGFP

[2020-07-06 15:44:16 #2 store] 
Configuration path: C:\Users\jairo\OneDrive\Documentos\NetBeansProjects\JudiSafeSE\objectdb-2.8.2\objectdb.conf

[2020-07-06 15:44:16 #3 type] 
Type gov.deajcesar.judisafese.entity.Person is not enhanced.

[2020-07-06 15:44:16 #4 type] 
Type gov.deajcesar.judisafese.entity.Register is not enhanced.

------------------------------------------------------------------------------------------------------------------------

[2020-07-06 15:46:11 #1 store] 
Database 'C:\Users\jairo\OneDrive\Documentos\NetBeansProjects\JudiSafeSE\objectdb-2.8.2\db\Judis.odb' is opened by 7384@DESKTOP-AIVVGFP

[2020-07-06 15:46:11 #2 store] 
Configuration path: C:\Users\jairo\OneDrive\Documentos\NetBeansProjects\JudiSafeSE\objectdb-2.8.2\objectdb.conf

[2020-07-06 15:46:11 #3 type] 
Type gov.deajcesar.judisafese.entity.Person is not enhanced.

[2020-07-06 15:46:12 #4 type] 
Type gov.deajcesar.judisafese.entity.Register is not enhanced.

------------------------------------------------------------------------------------------------------------------------

[2020-07-06 15:46:49 #1 store] 
Database 'C:\Users\jairo\OneDrive\Documentos\NetBeansProjects\JudiSafeSE\objectdb-2.8.2\db\Judis.odb' is opened by 6840@DESKTOP-AIVVGFP

[2020-07-06 15:46:49 #2 store] 
Configuration path: C:\Users\jairo\OneDrive\Documentos\NetBeansProjects\JudiSafeSE\objectdb-2.8.2\objectdb.conf

[2020-07-06 15:46:49 #3 type] 
Type gov.deajcesar.judisafese.entity.Person is not enhanced.

[2020-07-06 15:46:49 #4 type] 
Type gov.deajcesar.judisafese.entity.Register is not enhanced.

------------------------------------------------------------------------------------------------------------------------

[2020-07-06 15:48:39 #1 store] 
Database 'C:\Users\jairo\OneDrive\Documentos\NetBeansProjects\JudiSafeSE\objectdb-2.8.2\db\Judis.odb' is opened by 8000@DESKTOP-AIVVGFP

[2020-07-06 15:48:39 #2 store] 
Configuration path: C:\Users\jairo\OneDrive\Documentos\NetBeansProjects\JudiSafeSE\objectdb-2.8.2\objectdb.conf

[2020-07-06 15:48:39 #3 type] 
Type gov.deajcesar.judisafese.entity.Person is not enhanced.

[2020-07-06 15:48:39 #4 type] 
Type gov.deajcesar.judisafese.entity.Register is not enhanced.

------------------------------------------------------------------------------------------------------------------------

[2020-07-06 15:49:12 #1 store] 
Database 'C:\Users\jairo\OneDrive\Documentos\NetBeansProjects\JudiSafeSE\objectdb-2.8.2\db\Judis.odb' is opened by 8180@DESKTOP-AIVVGFP

[2020-07-06 15:49:12 #2 store] 
Configuration path: C:\Users\jairo\OneDrive\Documentos\NetBeansProjects\JudiSafeSE\objectdb-2.8.2\objectdb.conf

[2020-07-06 15:49:12 #3 type] 
Type gov.deajcesar.judisafese.entity.Person is not enhanced.

[2020-07-06 15:49:12 #4 type] 
Type gov.deajcesar.judisafese.entity.Register is not enhanced.

------------------------------------------------------------------------------------------------------------------------

[2020-07-06 15:58:17 #1 store] 
Database 'C:\Users\jairo\OneDrive\Documentos\NetBeansProjects\JudiSafeSE\objectdb-2.8.2\db\Judis.odb' is opened by 248@DESKTOP-AIVVGFP

[2020-07-06 15:58:17 #2 store] 
Configuration path: C:\Users\jairo\OneDrive\Documentos\NetBeansProjects\JudiSafeSE\objectdb-2.8.2\objectdb.conf

[2020-07-06 15:58:18 #3 type] 
Type gov.deajcesar.judisafese.entity.Person is not enhanced.

[2020-07-06 15:58:18 #4 type] 
Type gov.deajcesar.judisafese.entity.Register is not enhanced.

------------------------------------------------------------------------------------------------------------------------

[2020-07-06 15:59:53 #1 store] 
Database 'C:\Users\jairo\OneDrive\Documentos\NetBeansProjects\JudiSafeSE\objectdb-2.8.2\db\Judis.odb' is opened by 4844@DESKTOP-AIVVGFP

[2020-07-06 15:59:53 #2 store] 
Configuration path: C:\Users\jairo\OneDrive\Documentos\NetBeansProjects\JudiSafeSE\objectdb-2.8.2\objectdb.conf

[2020-07-06 15:59:53 #3 type] 
Type gov.deajcesar.judisafese.entity.Person is not enhanced.

[2020-07-06 15:59:53 #4 type] 
Type gov.deajcesar.judisafese.entity.Register is not enhanced.

------------------------------------------------------------------------------------------------------------------------

[2020-07-06 16:07:12 #1 store] 
Database 'C:\Users\jairo\OneDrive\Documentos\NetBeansProjects\JudiSafeSE\objectdb-2.8.2\db\Judis.odb' is opened by 6140@DESKTOP-AIVVGFP

[2020-07-06 16:07:12 #2 store] 
Configuration path: C:\Users\jairo\OneDrive\Documentos\NetBeansProjects\JudiSafeSE\objectdb-2.8.2\objectdb.conf

[2020-07-06 16:07:13 #3 type] 
Type gov.deajcesar.judisafese.entity.Person is not enhanced.

[2020-07-06 16:07:13 #4 type] 
Type gov.deajcesar.judisafese.entity.Register is not enhanced.

------------------------------------------------------------------------------------------------------------------------

[2020-07-06 16:11:48 #1 store] 
Database 'C:\Users\jairo\OneDrive\Documentos\NetBeansProjects\JudiSafeSE\objectdb-2.8.2\db\Judis.odb' is opened by 7184@DESKTOP-AIVVGFP

[2020-07-06 16:11:48 #2 store] 
Configuration path: C:\Users\jairo\OneDrive\Documentos\NetBeansProjects\JudiSafeSE\objectdb-2.8.2\objectdb.conf

[2020-07-06 16:11:49 #3 type] 
Type gov.deajcesar.judisafese.entity.Person is not enhanced.

[2020-07-06 16:11:49 #4 type] 
Type gov.deajcesar.judisafese.entity.Register is not enhanced.

------------------------------------------------------------------------------------------------------------------------

[2020-07-06 18:29:33 #1 store] 
Database 'C:\Users\jairo\OneDrive\Documentos\NetBeansProjects\JudiSafeSE\objectdb-2.8.2\db\Judis.odb' is opened by 236@DESKTOP-AIVVGFP

[2020-07-06 18:29:33 #2 store] 
Configuration path: C:\Users\jairo\OneDrive\Documentos\NetBeansProjects\JudiSafeSE\objectdb-2.8.2\objectdb.conf

[2020-07-06 18:29:34 #3 type] 
Type gov.deajcesar.judisafese.entity.Person is not enhanced.

[2020-07-06 18:29:34 #4 type] 
Type gov.deajcesar.judisafese.entity.Register is not enhanced.

------------------------------------------------------------------------------------------------------------------------

[2020-07-06 18:36:37 #1 store] 
Database 'C:\Users\jairo\OneDrive\Documentos\NetBeansProjects\JudiSafeSE\objectdb-2.8.2\db\Judis.odb' is opened by 3020@DESKTOP-AIVVGFP

[2020-07-06 18:36:37 #2 store] 
Configuration path: C:\Users\jairo\OneDrive\Documentos\NetBeansProjects\JudiSafeSE\objectdb-2.8.2\objectdb.conf

[2020-07-06 18:36:37 #3 type] 
Type gov.deajcesar.judisafese.entity.Person is not enhanced.

[2020-07-06 18:36:37 #4 type] 
Type gov.deajcesar.judisafese.entity.Register is not enhanced.

------------------------------------------------------------------------------------------------------------------------

[2020-07-06 18:38:41 #1 store] 
Database 'C:\Users\jairo\OneDrive\Documentos\NetBeansProjects\JudiSafeSE\objectdb-2.8.2\db\Judis.odb' is opened by 3780@DESKTOP-AIVVGFP

[2020-07-06 18:38:41 #2 store] 
Configuration path: C:\Users\jairo\OneDrive\Documentos\NetBeansProjects\JudiSafeSE\objectdb-2.8.2\objectdb.conf

[2020-07-06 18:38:42 #3 type] 
Type gov.deajcesar.judisafese.entity.Person is not enhanced.

[2020-07-06 18:38:42 #4 type] 
Type gov.deajcesar.judisafese.entity.Register is not enhanced.

------------------------------------------------------------------------------------------------------------------------

[2020-07-06 18:42:04 #1 store] 
Database 'C:\Users\jairo\OneDrive\Documentos\NetBeansProjects\JudiSafeSE\objectdb-2.8.2\db\Judis.odb' is opened by 7436@DESKTOP-AIVVGFP

[2020-07-06 18:42:04 #2 store] 
Configuration path: C:\Users\jairo\OneDrive\Documentos\NetBeansProjects\JudiSafeSE\objectdb-2.8.2\objectdb.conf

[2020-07-06 18:42:05 #3 type] 
Type gov.deajcesar.judisafese.entity.Person is not enhanced.

[2020-07-06 18:42:05 #4 type] 
Type gov.deajcesar.judisafese.entity.Register is not enhanced.

------------------------------------------------------------------------------------------------------------------------

[2020-07-06 18:43:34 #1 store] 
Database 'C:\Users\jairo\OneDrive\Documentos\NetBeansProjects\JudiSafeSE\objectdb-2.8.2\db\Judis.odb' is opened by 1476@DESKTOP-AIVVGFP

[2020-07-06 18:43:34 #2 store] 
Configuration path: C:\Users\jairo\OneDrive\Documentos\NetBeansProjects\JudiSafeSE\objectdb-2.8.2\objectdb.conf

[2020-07-06 18:43:34 #3 type] 
Type gov.deajcesar.judisafese.entity.Person is not enhanced.

[2020-07-06 18:43:34 #4 type] 
Type gov.deajcesar.judisafese.entity.Register is not enhanced.

------------------------------------------------------------------------------------------------------------------------

[2020-07-06 18:44:04 #1 store] 
Database 'C:\Users\jairo\OneDrive\Documentos\NetBeansProjects\JudiSafeSE\objectdb-2.8.2\db\Judis.odb' is opened by 3116@DESKTOP-AIVVGFP

[2020-07-06 18:44:04 #2 store] 
Configuration path: C:\Users\jairo\OneDrive\Documentos\NetBeansProjects\JudiSafeSE\objectdb-2.8.2\objectdb.conf

[2020-07-06 18:44:04 #3 type] 
Type gov.deajcesar.judisafese.entity.Person is not enhanced.

[2020-07-06 18:44:04 #4 type] 
Type gov.deajcesar.judisafese.entity.Register is not enhanced.

