------------------------------------------------------------------------------------------------------------------------

[2020-07-04 16:13:01 #1 server] 
Server on port 6136 has started by 4348@DESKTOP-AIVVGFP

------------------------------------------------------------------------------------------------------------------------

[2020-07-04 16:15:51 #1 store] 
Database 'C:\Users\jairo\OneDrive\Documentos\NetBeansProjects\JudiSafeSE\dist\db\Judis.odb' is opened by 11056@DESKTOP-AIVVGFP

[2020-07-04 16:15:51 #2 store] 
Configuration path: ?

[2020-07-04 16:15:51 #3 type] 
Type gov.deajcesar.judisafese.entity.Person is not enhanced.

[2020-07-04 16:15:51 #4 type] 
Type gov.deajcesar.judisafese.entity.Register is not enhanced.

------------------------------------------------------------------------------------------------------------------------

[2020-07-04 16:17:00 #1 store] 
Database 'C:\Users\jairo\OneDrive\Documentos\NetBeansProjects\JudiSafeSE\dist\db\Judis.odb' has been recovered (tr. 66-67)

[2020-07-04 16:17:00 #2 store] 
Database 'C:\Users\jairo\OneDrive\Documentos\NetBeansProjects\JudiSafeSE\dist\db\Judis.odb' is opened by 10428@DESKTOP-AIVVGFP

[2020-07-04 16:17:00 #3 store] 
Configuration path: ?

[2020-07-04 16:17:00 #4 type] 
Type gov.deajcesar.judisafese.entity.Person is not enhanced.

[2020-07-04 16:17:00 #5 type] 
Type gov.deajcesar.judisafese.entity.Register is not enhanced.

