------------------------------------------------------------------------------------------------------------------------

[2020-07-04 08:12:32 #1 store] 
Database 'C:\Users\jairo\OneDrive\Documentos\NetBeansProjects\JudiSafeSE\objectdb-2.8.2\db\Judis.odb' is opened by 9160@DESKTOP-AIVVGFP

[2020-07-04 08:12:32 #2 store] 
Configuration path: C:\Users\jairo\OneDrive\Documentos\NetBeansProjects\JudiSafeSE\objectdb-2.8.2\objectdb.conf

[2020-07-04 08:13:24 #3 store] 
Database 'C:\Users\jairo\OneDrive\Documentos\NetBeansProjects\JudiSafeSE\objectdb-2.8.2\db\Judis.odb' is closed by 9160@DESKTOP-AIVVGFP

------------------------------------------------------------------------------------------------------------------------

[2020-07-04 08:14:37 #1 store] 
Database 'C:\Users\jairo\OneDrive\Documentos\NetBeansProjects\JudiSafeSE\objectdb-2.8.2\db\Judis.odb' is opened by 3820@DESKTOP-AIVVGFP

[2020-07-04 08:14:37 #2 store] 
Configuration path: C:\Users\jairo\OneDrive\Documentos\NetBeansProjects\JudiSafeSE\objectdb-2.8.2\objectdb.conf

[2020-07-04 08:20:08 #3 store] 
Database 'C:\Users\jairo\OneDrive\Documentos\NetBeansProjects\JudiSafeSE\objectdb-2.8.2\db\Judis.odb' is closed by 3820@DESKTOP-AIVVGFP

------------------------------------------------------------------------------------------------------------------------

[2020-07-04 08:24:25 #1 store] 
Database 'C:\Users\jairo\OneDrive\Documentos\NetBeansProjects\JudiSafeSE\objectdb-2.8.2\db\Judis.odb' is opened by 1644@DESKTOP-AIVVGFP

[2020-07-04 08:24:26 #2 store] 
Configuration path: C:\Users\jairo\OneDrive\Documentos\NetBeansProjects\JudiSafeSE\objectdb-2.8.2\objectdb.conf

[2020-07-04 08:24:28 #3 type] 
Type gov.deajcesar.judisafese.entity.Person is not enhanced.

[2020-07-04 08:24:28 #4 type] 
Type gov.deajcesar.judisafese.entity.Register is not enhanced.

------------------------------------------------------------------------------------------------------------------------

[2020-07-04 08:24:59 #1 store] 
Database 'C:\Users\jairo\OneDrive\Documentos\NetBeansProjects\JudiSafeSE\objectdb-2.8.2\db\Judis.odb' has been recovered (tr. 18-19)

[2020-07-04 08:25:00 #2 store] 
Database 'C:\Users\jairo\OneDrive\Documentos\NetBeansProjects\JudiSafeSE\objectdb-2.8.2\db\Judis.odb' is opened by 3744@DESKTOP-AIVVGFP

[2020-07-04 08:25:00 #3 store] 
Configuration path: C:\Users\jairo\OneDrive\Documentos\NetBeansProjects\JudiSafeSE\objectdb-2.8.2\objectdb.conf

[2020-07-04 08:27:08 #4 store] 
Database 'C:\Users\jairo\OneDrive\Documentos\NetBeansProjects\JudiSafeSE\objectdb-2.8.2\db\Judis.odb' is closed by 3744@DESKTOP-AIVVGFP

------------------------------------------------------------------------------------------------------------------------

[2020-07-04 08:27:58 #1 store] 
Database 'C:\Users\jairo\OneDrive\Documentos\NetBeansProjects\JudiSafeSE\objectdb-2.8.2\db\Judis.odb' is opened by 8264@DESKTOP-AIVVGFP

[2020-07-04 08:27:58 #2 store] 
Configuration path: C:\Users\jairo\OneDrive\Documentos\NetBeansProjects\JudiSafeSE\objectdb-2.8.2\objectdb.conf

[2020-07-04 08:27:59 #3 type] 
Type gov.deajcesar.judisafese.entity.Person is not enhanced.

[2020-07-04 08:27:59 #4 type] 
Type gov.deajcesar.judisafese.entity.Register is not enhanced.

------------------------------------------------------------------------------------------------------------------------

[2020-07-04 08:33:36 #1 store] 
Database 'C:\Users\jairo\OneDrive\Documentos\NetBeansProjects\JudiSafeSE\objectdb-2.8.2\db\Judis.odb' is opened by 5564@DESKTOP-AIVVGFP

[2020-07-04 08:33:36 #2 store] 
Configuration path: C:\Users\jairo\OneDrive\Documentos\NetBeansProjects\JudiSafeSE\objectdb-2.8.2\objectdb.conf

[2020-07-04 08:33:37 #3 type] 
Type gov.deajcesar.judisafese.entity.Person is not enhanced.

[2020-07-04 08:33:37 #4 type] 
Type gov.deajcesar.judisafese.entity.Register is not enhanced.

------------------------------------------------------------------------------------------------------------------------

[2020-07-04 08:33:49 #1 store] 
Database 'C:\Users\jairo\OneDrive\Documentos\NetBeansProjects\JudiSafeSE\objectdb-2.8.2\db\Judis.odb' is opened by 7528@DESKTOP-AIVVGFP

[2020-07-04 08:33:49 #2 store] 
Configuration path: C:\Users\jairo\OneDrive\Documentos\NetBeansProjects\JudiSafeSE\objectdb-2.8.2\objectdb.conf

[2020-07-04 08:33:49 #3 type] 
Type gov.deajcesar.judisafese.entity.Person is not enhanced.

[2020-07-04 08:33:49 #4 type] 
Type gov.deajcesar.judisafese.entity.Register is not enhanced.

------------------------------------------------------------------------------------------------------------------------

[2020-07-04 08:35:24 #1 store] 
Database 'C:\Users\jairo\OneDrive\Documentos\NetBeansProjects\JudiSafeSE\objectdb-2.8.2\db\Judis.odb' is opened by 7848@DESKTOP-AIVVGFP

[2020-07-04 08:35:24 #2 store] 
Configuration path: C:\Users\jairo\OneDrive\Documentos\NetBeansProjects\JudiSafeSE\objectdb-2.8.2\objectdb.conf

[2020-07-04 08:35:25 #3 type] 
Type gov.deajcesar.judisafese.entity.Person is not enhanced.

[2020-07-04 08:35:25 #4 type] 
Type gov.deajcesar.judisafese.entity.Register is not enhanced.

------------------------------------------------------------------------------------------------------------------------

[2020-07-04 08:36:14 #1 store] 
Database 'C:\Users\jairo\OneDrive\Documentos\NetBeansProjects\JudiSafeSE\objectdb-2.8.2\db\Judis.odb' has been recovered (tr. 21-21)

[2020-07-04 08:36:14 #2 store] 
Database 'C:\Users\jairo\OneDrive\Documentos\NetBeansProjects\JudiSafeSE\objectdb-2.8.2\db\Judis.odb' is opened by 5984@DESKTOP-AIVVGFP

[2020-07-04 08:36:14 #3 store] 
Configuration path: C:\Users\jairo\OneDrive\Documentos\NetBeansProjects\JudiSafeSE\objectdb-2.8.2\objectdb.conf

[2020-07-04 08:36:14 #4 type] 
Type gov.deajcesar.judisafese.entity.Person is not enhanced.

[2020-07-04 08:36:14 #5 type] 
Type gov.deajcesar.judisafese.entity.Register is not enhanced.

------------------------------------------------------------------------------------------------------------------------

[2020-07-04 08:37:43 #1 store] 
Database 'C:\Users\jairo\OneDrive\Documentos\NetBeansProjects\JudiSafeSE\objectdb-2.8.2\db\Judis.odb' has been recovered (tr. 22-22)

[2020-07-04 08:37:44 #2 store] 
Database 'C:\Users\jairo\OneDrive\Documentos\NetBeansProjects\JudiSafeSE\objectdb-2.8.2\db\Judis.odb' is opened by 8500@DESKTOP-AIVVGFP

[2020-07-04 08:37:44 #3 store] 
Configuration path: C:\Users\jairo\OneDrive\Documentos\NetBeansProjects\JudiSafeSE\objectdb-2.8.2\objectdb.conf

[2020-07-04 08:37:44 #4 type] 
Type gov.deajcesar.judisafese.entity.Person is not enhanced.

[2020-07-04 08:37:44 #5 type] 
Type gov.deajcesar.judisafese.entity.Register is not enhanced.

------------------------------------------------------------------------------------------------------------------------

[2020-07-04 08:39:23 #1 store] 
Database 'C:\Users\jairo\OneDrive\Documentos\NetBeansProjects\JudiSafeSE\objectdb-2.8.2\db\Judis.odb' has been recovered (tr. 23-23)

[2020-07-04 08:39:23 #2 store] 
Database 'C:\Users\jairo\OneDrive\Documentos\NetBeansProjects\JudiSafeSE\objectdb-2.8.2\db\Judis.odb' is opened by 5528@DESKTOP-AIVVGFP

[2020-07-04 08:39:23 #3 store] 
Configuration path: C:\Users\jairo\OneDrive\Documentos\NetBeansProjects\JudiSafeSE\objectdb-2.8.2\objectdb.conf

[2020-07-04 08:39:23 #4 type] 
Type gov.deajcesar.judisafese.entity.Person is not enhanced.

[2020-07-04 08:39:24 #5 type] 
Type gov.deajcesar.judisafese.entity.Register is not enhanced.

------------------------------------------------------------------------------------------------------------------------

[2020-07-04 09:01:06 #1 store] 
Database 'C:\Users\jairo\OneDrive\Documentos\NetBeansProjects\JudiSafeSE\objectdb-2.8.2\db\Judis.odb' is opened by 10832@DESKTOP-AIVVGFP

[2020-07-04 09:01:06 #2 store] 
Configuration path: C:\Users\jairo\OneDrive\Documentos\NetBeansProjects\JudiSafeSE\objectdb-2.8.2\objectdb.conf

[2020-07-04 09:01:06 #3 type] 
Type gov.deajcesar.judisafese.entity.Person is not enhanced.

[2020-07-04 09:01:06 #4 type] 
Type gov.deajcesar.judisafese.entity.Register is not enhanced.

------------------------------------------------------------------------------------------------------------------------

[2020-07-04 09:02:05 #1 store] 
Database 'C:\Users\jairo\OneDrive\Documentos\NetBeansProjects\JudiSafeSE\objectdb-2.8.2\db\Judis.odb' has been recovered (tr. 24-25)

[2020-07-04 09:02:06 #2 store] 
Database 'C:\Users\jairo\OneDrive\Documentos\NetBeansProjects\JudiSafeSE\objectdb-2.8.2\db\Judis.odb' is opened by 6152@DESKTOP-AIVVGFP

[2020-07-04 09:02:06 #3 store] 
Configuration path: C:\Users\jairo\OneDrive\Documentos\NetBeansProjects\JudiSafeSE\objectdb-2.8.2\objectdb.conf

[2020-07-04 09:02:06 #4 type] 
Type gov.deajcesar.judisafese.entity.Person is not enhanced.

[2020-07-04 09:02:06 #5 type] 
Type gov.deajcesar.judisafese.entity.Register is not enhanced.

------------------------------------------------------------------------------------------------------------------------

[2020-07-04 09:11:24 #1 store] 
Database 'C:\Users\jairo\OneDrive\Documentos\NetBeansProjects\JudiSafeSE\objectdb-2.8.2\db\Judis.odb' is opened by 1440@DESKTOP-AIVVGFP

[2020-07-04 09:11:24 #2 store] 
Configuration path: C:\Users\jairo\OneDrive\Documentos\NetBeansProjects\JudiSafeSE\objectdb-2.8.2\objectdb.conf

[2020-07-04 09:11:25 #3 type] 
Type gov.deajcesar.judisafese.entity.Person is not enhanced.

[2020-07-04 09:11:25 #4 type] 
Type gov.deajcesar.judisafese.entity.Register is not enhanced.

------------------------------------------------------------------------------------------------------------------------

[2020-07-04 09:12:19 #1 store] 
Database 'C:\Users\jairo\OneDrive\Documentos\NetBeansProjects\JudiSafeSE\objectdb-2.8.2\db\Judis.odb' has been recovered (tr. 26-27)

[2020-07-04 09:12:19 #2 store] 
Database 'C:\Users\jairo\OneDrive\Documentos\NetBeansProjects\JudiSafeSE\objectdb-2.8.2\db\Judis.odb' is opened by 6496@DESKTOP-AIVVGFP

[2020-07-04 09:12:19 #3 store] 
Configuration path: C:\Users\jairo\OneDrive\Documentos\NetBeansProjects\JudiSafeSE\objectdb-2.8.2\objectdb.conf

[2020-07-04 09:12:20 #4 type] 
Type gov.deajcesar.judisafese.entity.Person is not enhanced.

[2020-07-04 09:12:20 #5 type] 
Type gov.deajcesar.judisafese.entity.Register is not enhanced.

------------------------------------------------------------------------------------------------------------------------

[2020-07-04 09:13:34 #1 store] 
Database 'C:\Users\jairo\OneDrive\Documentos\NetBeansProjects\JudiSafeSE\objectdb-2.8.2\db\Judis.odb' is opened by 4412@DESKTOP-AIVVGFP

[2020-07-04 09:13:34 #2 store] 
Configuration path: C:\Users\jairo\OneDrive\Documentos\NetBeansProjects\JudiSafeSE\objectdb-2.8.2\objectdb.conf

[2020-07-04 09:30:29 #3 store] 
Database 'C:\Users\jairo\OneDrive\Documentos\NetBeansProjects\JudiSafeSE\objectdb-2.8.2\db\Judis.odb' is closed by 4412@DESKTOP-AIVVGFP

------------------------------------------------------------------------------------------------------------------------

[2020-07-04 09:35:58 #1 store] 
Database 'C:\Users\jairo\OneDrive\Documentos\NetBeansProjects\JudiSafeSE\objectdb-2.8.2\db\Judis.odb' is opened by 7320@DESKTOP-AIVVGFP

[2020-07-04 09:35:58 #2 store] 
Configuration path: C:\Users\jairo\OneDrive\Documentos\NetBeansProjects\JudiSafeSE\objectdb-2.8.2\objectdb.conf

[2020-07-04 09:35:59 #3 type] 
Type gov.deajcesar.judisafese.entity.Person is not enhanced.

[2020-07-04 09:35:59 #4 type] 
Type gov.deajcesar.judisafese.entity.Register is not enhanced.

------------------------------------------------------------------------------------------------------------------------

[2020-07-04 09:39:50 #1 store] 
Database 'C:\Users\jairo\OneDrive\Documentos\NetBeansProjects\JudiSafeSE\objectdb-2.8.2\db\Judis.odb' is opened by 10264@DESKTOP-AIVVGFP

[2020-07-04 09:39:50 #2 store] 
Configuration path: C:\Users\jairo\OneDrive\Documentos\NetBeansProjects\JudiSafeSE\objectdb-2.8.2\objectdb.conf

[2020-07-04 09:39:50 #3 type] 
Type gov.deajcesar.judisafese.entity.Person is not enhanced.

[2020-07-04 09:39:50 #4 type] 
Type gov.deajcesar.judisafese.entity.Register is not enhanced.

------------------------------------------------------------------------------------------------------------------------

[2020-07-04 09:40:30 #1 store] 
Database 'C:\Users\jairo\OneDrive\Documentos\NetBeansProjects\JudiSafeSE\objectdb-2.8.2\db\Judis.odb' has been recovered (tr. 29-30)

[2020-07-04 09:40:30 #2 store] 
Database 'C:\Users\jairo\OneDrive\Documentos\NetBeansProjects\JudiSafeSE\objectdb-2.8.2\db\Judis.odb' is opened by 5896@DESKTOP-AIVVGFP

[2020-07-04 09:40:30 #3 store] 
Configuration path: C:\Users\jairo\OneDrive\Documentos\NetBeansProjects\JudiSafeSE\objectdb-2.8.2\objectdb.conf

[2020-07-04 09:41:37 #4 store] 
Database 'C:\Users\jairo\OneDrive\Documentos\NetBeansProjects\JudiSafeSE\objectdb-2.8.2\db\Judis.odb' is closed by 5896@DESKTOP-AIVVGFP

------------------------------------------------------------------------------------------------------------------------

[2020-07-04 09:51:41 #1 store] 
Database 'C:\Users\jairo\OneDrive\Documentos\NetBeansProjects\JudiSafeSE\objectdb-2.8.2\db\Judis.odb' is opened by 3564@DESKTOP-AIVVGFP

[2020-07-04 09:51:41 #2 store] 
Configuration path: C:\Users\jairo\OneDrive\Documentos\NetBeansProjects\JudiSafeSE\objectdb-2.8.2\objectdb.conf

[2020-07-04 09:51:41 #3 type] 
Type gov.deajcesar.judisafese.entity.Person is not enhanced.

[2020-07-04 09:51:41 #4 type] 
Type gov.deajcesar.judisafese.entity.Register is not enhanced.

------------------------------------------------------------------------------------------------------------------------

[2020-07-04 09:54:02 #1 store] 
Database 'C:\Users\jairo\OneDrive\Documentos\NetBeansProjects\JudiSafeSE\objectdb-2.8.2\db\Judis.odb' is opened by 3712@DESKTOP-AIVVGFP

[2020-07-04 09:54:02 #2 store] 
Configuration path: C:\Users\jairo\OneDrive\Documentos\NetBeansProjects\JudiSafeSE\objectdb-2.8.2\objectdb.conf

[2020-07-04 09:54:02 #3 type] 
Type gov.deajcesar.judisafese.entity.Person is not enhanced.

[2020-07-04 09:54:02 #4 type] 
Type gov.deajcesar.judisafese.entity.Register is not enhanced.

------------------------------------------------------------------------------------------------------------------------

[2020-07-04 09:54:18 #1 store] 
Database 'C:\Users\jairo\OneDrive\Documentos\NetBeansProjects\JudiSafeSE\objectdb-2.8.2\db\Judis.odb' is opened by 6840@DESKTOP-AIVVGFP

[2020-07-04 09:54:18 #2 store] 
Configuration path: C:\Users\jairo\OneDrive\Documentos\NetBeansProjects\JudiSafeSE\objectdb-2.8.2\objectdb.conf

[2020-07-04 09:54:18 #3 type] 
Type gov.deajcesar.judisafese.entity.Person is not enhanced.

[2020-07-04 09:54:18 #4 type] 
Type gov.deajcesar.judisafese.entity.Register is not enhanced.

------------------------------------------------------------------------------------------------------------------------

[2020-07-04 10:11:55 #1 store] 
Database 'C:\Users\jairo\OneDrive\Documentos\NetBeansProjects\JudiSafeSE\objectdb-2.8.2\db\Judis.odb' is opened by 3708@DESKTOP-AIVVGFP

[2020-07-04 10:11:55 #2 store] 
Configuration path: C:\Users\jairo\OneDrive\Documentos\NetBeansProjects\JudiSafeSE\objectdb-2.8.2\objectdb.conf

[2020-07-04 10:11:55 #3 type] 
Type gov.deajcesar.judisafese.entity.Person is not enhanced.

[2020-07-04 10:11:55 #4 type] 
Type gov.deajcesar.judisafese.entity.Register is not enhanced.

------------------------------------------------------------------------------------------------------------------------

[2020-07-04 10:14:20 #1 store] 
Database 'C:\Users\jairo\OneDrive\Documentos\NetBeansProjects\JudiSafeSE\objectdb-2.8.2\db\Judis.odb' is opened by 8812@DESKTOP-AIVVGFP

[2020-07-04 10:14:20 #2 store] 
Configuration path: C:\Users\jairo\OneDrive\Documentos\NetBeansProjects\JudiSafeSE\objectdb-2.8.2\objectdb.conf

[2020-07-04 10:14:20 #3 type] 
Type gov.deajcesar.judisafese.entity.Person is not enhanced.

[2020-07-04 10:14:20 #4 type] 
Type gov.deajcesar.judisafese.entity.Register is not enhanced.

------------------------------------------------------------------------------------------------------------------------

[2020-07-04 10:22:19 #1 store] 
Database 'C:\Users\jairo\OneDrive\Documentos\NetBeansProjects\JudiSafeSE\objectdb-2.8.2\db\Judis.odb' is opened by 2436@DESKTOP-AIVVGFP

[2020-07-04 10:22:19 #2 store] 
Configuration path: C:\Users\jairo\OneDrive\Documentos\NetBeansProjects\JudiSafeSE\objectdb-2.8.2\objectdb.conf

[2020-07-04 10:22:20 #3 type] 
Type gov.deajcesar.judisafese.entity.Person is not enhanced.

[2020-07-04 10:22:20 #4 type] 
Type gov.deajcesar.judisafese.entity.Register is not enhanced.

------------------------------------------------------------------------------------------------------------------------

[2020-07-04 10:24:07 #1 store] 
Database 'C:\Users\jairo\OneDrive\Documentos\NetBeansProjects\JudiSafeSE\objectdb-2.8.2\db\Judis.odb' is opened by 9036@DESKTOP-AIVVGFP

[2020-07-04 10:24:07 #2 store] 
Configuration path: C:\Users\jairo\OneDrive\Documentos\NetBeansProjects\JudiSafeSE\objectdb-2.8.2\objectdb.conf

[2020-07-04 10:24:08 #3 type] 
Type gov.deajcesar.judisafese.entity.Person is not enhanced.

[2020-07-04 10:24:08 #4 type] 
Type gov.deajcesar.judisafese.entity.Register is not enhanced.

------------------------------------------------------------------------------------------------------------------------

[2020-07-04 10:26:21 #1 store] 
Database 'C:\Users\jairo\OneDrive\Documentos\NetBeansProjects\JudiSafeSE\objectdb-2.8.2\db\Judis.odb' is opened by 3968@DESKTOP-AIVVGFP

[2020-07-04 10:26:21 #2 store] 
Configuration path: C:\Users\jairo\OneDrive\Documentos\NetBeansProjects\JudiSafeSE\objectdb-2.8.2\objectdb.conf

[2020-07-04 10:26:22 #3 type] 
Type gov.deajcesar.judisafese.entity.Person is not enhanced.

[2020-07-04 10:26:22 #4 type] 
Type gov.deajcesar.judisafese.entity.Register is not enhanced.

------------------------------------------------------------------------------------------------------------------------

[2020-07-04 10:26:43 #1 store] 
Database 'C:\Users\jairo\OneDrive\Documentos\NetBeansProjects\JudiSafeSE\objectdb-2.8.2\db\Judis.odb' is opened by 6392@DESKTOP-AIVVGFP

[2020-07-04 10:26:43 #2 store] 
Configuration path: C:\Users\jairo\OneDrive\Documentos\NetBeansProjects\JudiSafeSE\objectdb-2.8.2\objectdb.conf

[2020-07-04 10:26:44 #3 type] 
Type gov.deajcesar.judisafese.entity.Person is not enhanced.

[2020-07-04 10:26:44 #4 type] 
Type gov.deajcesar.judisafese.entity.Register is not enhanced.

------------------------------------------------------------------------------------------------------------------------

[2020-07-04 10:42:04 #1 store] 
Database 'C:\Users\jairo\OneDrive\Documentos\NetBeansProjects\JudiSafeSE\objectdb-2.8.2\db\Judis.odb' is opened by 4820@DESKTOP-AIVVGFP

[2020-07-04 10:42:04 #2 store] 
Configuration path: C:\Users\jairo\OneDrive\Documentos\NetBeansProjects\JudiSafeSE\objectdb-2.8.2\objectdb.conf

[2020-07-04 10:42:04 #3 type] 
Type gov.deajcesar.judisafese.entity.Person is not enhanced.

[2020-07-04 10:42:04 #4 type] 
Type gov.deajcesar.judisafese.entity.Register is not enhanced.

------------------------------------------------------------------------------------------------------------------------

[2020-07-04 10:44:31 #1 store] 
Database 'C:\Users\jairo\OneDrive\Documentos\NetBeansProjects\JudiSafeSE\objectdb-2.8.2\db\Judis.odb' is opened by 6608@DESKTOP-AIVVGFP

[2020-07-04 10:44:31 #2 store] 
Configuration path: C:\Users\jairo\OneDrive\Documentos\NetBeansProjects\JudiSafeSE\objectdb-2.8.2\objectdb.conf

[2020-07-04 10:44:31 #3 type] 
Type gov.deajcesar.judisafese.entity.Person is not enhanced.

[2020-07-04 10:44:31 #4 type] 
Type gov.deajcesar.judisafese.entity.Register is not enhanced.

------------------------------------------------------------------------------------------------------------------------

[2020-07-04 10:47:24 #1 store] 
Database 'C:\Users\jairo\OneDrive\Documentos\NetBeansProjects\JudiSafeSE\objectdb-2.8.2\db\Judis.odb' has been recovered (tr. 31-31)

[2020-07-04 10:47:24 #2 store] 
Database 'C:\Users\jairo\OneDrive\Documentos\NetBeansProjects\JudiSafeSE\objectdb-2.8.2\db\Judis.odb' is opened by 3708@DESKTOP-AIVVGFP

[2020-07-04 10:47:24 #3 store] 
Configuration path: C:\Users\jairo\OneDrive\Documentos\NetBeansProjects\JudiSafeSE\objectdb-2.8.2\objectdb.conf

[2020-07-04 10:47:46 #4 store] 
Database 'C:\Users\jairo\OneDrive\Documentos\NetBeansProjects\JudiSafeSE\objectdb-2.8.2\db\Judis.odb' is closed by 3708@DESKTOP-AIVVGFP

------------------------------------------------------------------------------------------------------------------------

[2020-07-04 10:48:33 #1 store] 
Database 'C:\Users\jairo\OneDrive\Documentos\NetBeansProjects\JudiSafeSE\objectdb-2.8.2\db\Judis.odb' is opened by 9872@DESKTOP-AIVVGFP

[2020-07-04 10:48:33 #2 store] 
Configuration path: C:\Users\jairo\OneDrive\Documentos\NetBeansProjects\JudiSafeSE\objectdb-2.8.2\objectdb.conf

[2020-07-04 10:48:34 #3 type] 
Type gov.deajcesar.judisafese.entity.Person is not enhanced.

[2020-07-04 10:48:34 #4 type] 
Type gov.deajcesar.judisafese.entity.Register is not enhanced.

------------------------------------------------------------------------------------------------------------------------

[2020-07-04 10:48:49 #1 store] 
Database 'C:\Users\jairo\OneDrive\Documentos\NetBeansProjects\JudiSafeSE\objectdb-2.8.2\db\Judis.odb' is opened by 6672@DESKTOP-AIVVGFP

[2020-07-04 10:48:49 #2 store] 
Configuration path: C:\Users\jairo\OneDrive\Documentos\NetBeansProjects\JudiSafeSE\objectdb-2.8.2\objectdb.conf

[2020-07-04 10:49:25 #3 store] 
Database 'C:\Users\jairo\OneDrive\Documentos\NetBeansProjects\JudiSafeSE\objectdb-2.8.2\db\Judis.odb' is closed by 6672@DESKTOP-AIVVGFP

------------------------------------------------------------------------------------------------------------------------

[2020-07-04 10:49:31 #1 store] 
Database 'C:\Users\jairo\OneDrive\Documentos\NetBeansProjects\JudiSafeSE\objectdb-2.8.2\db\Judis.odb' is opened by 10716@DESKTOP-AIVVGFP

[2020-07-04 10:49:31 #2 store] 
Configuration path: C:\Users\jairo\OneDrive\Documentos\NetBeansProjects\JudiSafeSE\objectdb-2.8.2\objectdb.conf

[2020-07-04 10:49:31 #3 type] 
Type gov.deajcesar.judisafese.entity.Person is not enhanced.

[2020-07-04 10:49:31 #4 type] 
Type gov.deajcesar.judisafese.entity.Register is not enhanced.

------------------------------------------------------------------------------------------------------------------------

[2020-07-04 10:49:51 #1 store] 
Database 'C:\Users\jairo\OneDrive\Documentos\NetBeansProjects\JudiSafeSE\objectdb-2.8.2\db\Judis.odb' is opened by 9484@DESKTOP-AIVVGFP

[2020-07-04 10:49:51 #2 store] 
Configuration path: C:\Users\jairo\OneDrive\Documentos\NetBeansProjects\JudiSafeSE\objectdb-2.8.2\objectdb.conf

[2020-07-04 10:49:51 #3 type] 
Type gov.deajcesar.judisafese.entity.Person is not enhanced.

[2020-07-04 10:49:51 #4 type] 
Type gov.deajcesar.judisafese.entity.Register is not enhanced.

------------------------------------------------------------------------------------------------------------------------

[2020-07-04 10:57:34 #1 store] 
Database 'C:\Users\jairo\OneDrive\Documentos\NetBeansProjects\JudiSafeSE\objectdb-2.8.2\db\Judis.odb' is opened by 7648@DESKTOP-AIVVGFP

[2020-07-04 10:57:34 #2 store] 
Configuration path: C:\Users\jairo\OneDrive\Documentos\NetBeansProjects\JudiSafeSE\objectdb-2.8.2\objectdb.conf

[2020-07-04 10:57:35 #3 type] 
Type gov.deajcesar.judisafese.entity.Person is not enhanced.

[2020-07-04 10:57:35 #4 type] 
Type gov.deajcesar.judisafese.entity.Register is not enhanced.

------------------------------------------------------------------------------------------------------------------------

[2020-07-04 10:58:52 #1 store] 
Database 'C:\Users\jairo\OneDrive\Documentos\NetBeansProjects\JudiSafeSE\objectdb-2.8.2\db\Judis.odb' has been recovered (tr. 32-32)

[2020-07-04 10:58:52 #2 store] 
Database 'C:\Users\jairo\OneDrive\Documentos\NetBeansProjects\JudiSafeSE\objectdb-2.8.2\db\Judis.odb' is opened by 10700@DESKTOP-AIVVGFP

[2020-07-04 10:58:52 #3 store] 
Configuration path: C:\Users\jairo\OneDrive\Documentos\NetBeansProjects\JudiSafeSE\objectdb-2.8.2\objectdb.conf

[2020-07-04 10:58:52 #4 type] 
Type gov.deajcesar.judisafese.entity.Person is not enhanced.

[2020-07-04 10:58:52 #5 type] 
Type gov.deajcesar.judisafese.entity.Register is not enhanced.

------------------------------------------------------------------------------------------------------------------------

[2020-07-04 10:59:21 #1 store] 
Database 'C:\Users\jairo\OneDrive\Documentos\NetBeansProjects\JudiSafeSE\objectdb-2.8.2\db\Judis.odb' is opened by 10620@DESKTOP-AIVVGFP

[2020-07-04 10:59:21 #2 store] 
Configuration path: C:\Users\jairo\OneDrive\Documentos\NetBeansProjects\JudiSafeSE\objectdb-2.8.2\objectdb.conf

[2020-07-04 10:59:22 #3 type] 
Type gov.deajcesar.judisafese.entity.Person is not enhanced.

[2020-07-04 10:59:22 #4 type] 
Type gov.deajcesar.judisafese.entity.Register is not enhanced.

------------------------------------------------------------------------------------------------------------------------

[2020-07-04 11:01:18 #1 store] 
Database 'C:\Users\jairo\OneDrive\Documentos\NetBeansProjects\JudiSafeSE\objectdb-2.8.2\db\Judis.odb' is opened by 9048@DESKTOP-AIVVGFP

[2020-07-04 11:01:18 #2 store] 
Configuration path: C:\Users\jairo\OneDrive\Documentos\NetBeansProjects\JudiSafeSE\objectdb-2.8.2\objectdb.conf

[2020-07-04 11:01:18 #3 type] 
Type gov.deajcesar.judisafese.entity.Person is not enhanced.

[2020-07-04 11:01:18 #4 type] 
Type gov.deajcesar.judisafese.entity.Register is not enhanced.

------------------------------------------------------------------------------------------------------------------------

[2020-07-04 11:17:24 #1 store] 
Database 'C:\Users\jairo\OneDrive\Documentos\NetBeansProjects\JudiSafeSE\objectdb-2.8.2\db\Judis.odb' is opened by 9132@DESKTOP-AIVVGFP

[2020-07-04 11:17:24 #2 store] 
Configuration path: C:\Users\jairo\OneDrive\Documentos\NetBeansProjects\JudiSafeSE\objectdb-2.8.2\objectdb.conf

[2020-07-04 11:17:24 #3 type] 
Type gov.deajcesar.judisafese.entity.Person is not enhanced.

[2020-07-04 11:17:24 #4 type] 
Type gov.deajcesar.judisafese.entity.Register is not enhanced.

------------------------------------------------------------------------------------------------------------------------

[2020-07-04 11:19:09 #1 store] 
Database 'C:\Users\jairo\OneDrive\Documentos\NetBeansProjects\JudiSafeSE\objectdb-2.8.2\db\Judis.odb' is opened by 3532@DESKTOP-AIVVGFP

[2020-07-04 11:19:09 #2 store] 
Configuration path: C:\Users\jairo\OneDrive\Documentos\NetBeansProjects\JudiSafeSE\objectdb-2.8.2\objectdb.conf

[2020-07-04 11:19:10 #3 type] 
Type gov.deajcesar.judisafese.entity.Person is not enhanced.

[2020-07-04 11:19:10 #4 type] 
Type gov.deajcesar.judisafese.entity.Register is not enhanced.

------------------------------------------------------------------------------------------------------------------------

[2020-07-04 11:23:32 #1 store] 
Database 'C:\Users\jairo\OneDrive\Documentos\NetBeansProjects\JudiSafeSE\objectdb-2.8.2\db\Judis.odb' is opened by 2804@DESKTOP-AIVVGFP

[2020-07-04 11:23:33 #2 store] 
Configuration path: C:\Users\jairo\OneDrive\Documentos\NetBeansProjects\JudiSafeSE\objectdb-2.8.2\objectdb.conf

[2020-07-04 11:23:33 #3 type] 
Type gov.deajcesar.judisafese.entity.Person is not enhanced.

[2020-07-04 11:23:33 #4 type] 
Type gov.deajcesar.judisafese.entity.Register is not enhanced.

------------------------------------------------------------------------------------------------------------------------

[2020-07-04 11:59:58 #1 store] 
Database 'C:\Users\jairo\OneDrive\Documentos\NetBeansProjects\JudiSafeSE\objectdb-2.8.2\db\Judis.odb' is opened by 8660@DESKTOP-AIVVGFP

[2020-07-04 11:59:58 #2 store] 
Configuration path: C:\Users\jairo\OneDrive\Documentos\NetBeansProjects\JudiSafeSE\objectdb-2.8.2\objectdb.conf

[2020-07-04 11:59:59 #3 type] 
Type gov.deajcesar.judisafese.entity.Person is not enhanced.

[2020-07-04 11:59:59 #4 type] 
Type gov.deajcesar.judisafese.entity.Register is not enhanced.

------------------------------------------------------------------------------------------------------------------------

[2020-07-04 12:01:30 #1 store] 
Database 'C:\Users\jairo\OneDrive\Documentos\NetBeansProjects\JudiSafeSE\objectdb-2.8.2\db\Judis.odb' has been recovered (tr. 33-33)

[2020-07-04 12:01:31 #2 store] 
Database 'C:\Users\jairo\OneDrive\Documentos\NetBeansProjects\JudiSafeSE\objectdb-2.8.2\db\Judis.odb' is opened by 5272@DESKTOP-AIVVGFP

[2020-07-04 12:01:31 #3 store] 
Configuration path: C:\Users\jairo\OneDrive\Documentos\NetBeansProjects\JudiSafeSE\objectdb-2.8.2\objectdb.conf

[2020-07-04 12:01:31 #4 type] 
Type gov.deajcesar.judisafese.entity.Person is not enhanced.

[2020-07-04 12:01:31 #5 type] 
Type gov.deajcesar.judisafese.entity.Register is not enhanced.

------------------------------------------------------------------------------------------------------------------------

[2020-07-04 12:45:06 #1 store] 
Database 'C:\Users\jairo\OneDrive\Documentos\NetBeansProjects\JudiSafeSE\objectdb-2.8.2\db\Judis.odb' is opened by 6196@DESKTOP-AIVVGFP

[2020-07-04 12:45:06 #2 store] 
Configuration path: C:\Users\jairo\OneDrive\Documentos\NetBeansProjects\JudiSafeSE\objectdb-2.8.2\objectdb.conf

[2020-07-04 12:45:06 #3 type] 
Type gov.deajcesar.judisafese.entity.Person is not enhanced.

[2020-07-04 12:45:06 #4 type] 
Type gov.deajcesar.judisafese.entity.Register is not enhanced.

------------------------------------------------------------------------------------------------------------------------

[2020-07-04 13:06:17 #1 store] 
Database 'C:\Users\jairo\OneDrive\Documentos\NetBeansProjects\JudiSafeSE\objectdb-2.8.2\db\Judis.odb' has been recovered (tr. 34-35)

[2020-07-04 13:06:17 #2 store] 
Database 'C:\Users\jairo\OneDrive\Documentos\NetBeansProjects\JudiSafeSE\objectdb-2.8.2\db\Judis.odb' is opened by 4196@DESKTOP-AIVVGFP

[2020-07-04 13:06:17 #3 store] 
Configuration path: C:\Users\jairo\OneDrive\Documentos\NetBeansProjects\JudiSafeSE\objectdb-2.8.2\objectdb.conf

[2020-07-04 13:06:18 #4 type] 
Type gov.deajcesar.judisafese.entity.Person is not enhanced.

[2020-07-04 13:06:18 #5 type] 
Type gov.deajcesar.judisafese.entity.Register is not enhanced.

------------------------------------------------------------------------------------------------------------------------

[2020-07-04 13:08:52 #1 store] 
Database 'C:\Users\jairo\OneDrive\Documentos\NetBeansProjects\JudiSafeSE\objectdb-2.8.2\db\Judis.odb' has been recovered (tr. 36-38)

[2020-07-04 13:08:52 #2 store] 
Database 'C:\Users\jairo\OneDrive\Documentos\NetBeansProjects\JudiSafeSE\objectdb-2.8.2\db\Judis.odb' is opened by 8296@DESKTOP-AIVVGFP

[2020-07-04 13:08:52 #3 store] 
Configuration path: C:\Users\jairo\OneDrive\Documentos\NetBeansProjects\JudiSafeSE\objectdb-2.8.2\objectdb.conf

[2020-07-04 13:12:00 #4 store] 
Database 'C:\Users\jairo\OneDrive\Documentos\NetBeansProjects\JudiSafeSE\objectdb-2.8.2\db\Judis.odb' is closed by 8296@DESKTOP-AIVVGFP

------------------------------------------------------------------------------------------------------------------------

[2020-07-04 13:16:13 #1 store] 
Database 'C:\Users\jairo\OneDrive\Documentos\NetBeansProjects\JudiSafeSE\objectdb-2.8.2\db\Judis.odb' is opened by 7924@DESKTOP-AIVVGFP

[2020-07-04 13:16:13 #2 store] 
Configuration path: C:\Users\jairo\OneDrive\Documentos\NetBeansProjects\JudiSafeSE\objectdb-2.8.2\objectdb.conf

[2020-07-04 13:16:13 #3 type] 
Type gov.deajcesar.judisafese.entity.Person is not enhanced.

[2020-07-04 13:16:13 #4 type] 
Type gov.deajcesar.judisafese.entity.Register is not enhanced.

------------------------------------------------------------------------------------------------------------------------

[2020-07-04 13:18:12 #1 store] 
Database 'C:\Users\jairo\OneDrive\Documentos\NetBeansProjects\JudiSafeSE\objectdb-2.8.2\db\Judis.odb' has been recovered (tr. 42-44)

[2020-07-04 13:18:13 #2 store] 
Database 'C:\Users\jairo\OneDrive\Documentos\NetBeansProjects\JudiSafeSE\objectdb-2.8.2\db\Judis.odb' is opened by 6484@DESKTOP-AIVVGFP

[2020-07-04 13:18:13 #3 store] 
Configuration path: C:\Users\jairo\OneDrive\Documentos\NetBeansProjects\JudiSafeSE\objectdb-2.8.2\objectdb.conf

[2020-07-04 13:18:13 #4 type] 
Type gov.deajcesar.judisafese.entity.Person is not enhanced.

[2020-07-04 13:18:13 #5 type] 
Type gov.deajcesar.judisafese.entity.Register is not enhanced.

------------------------------------------------------------------------------------------------------------------------

[2020-07-04 13:20:29 #1 store] 
Database 'C:\Users\jairo\OneDrive\Documentos\NetBeansProjects\JudiSafeSE\objectdb-2.8.2\db\Judis.odb' has been recovered (tr. 45-46)

[2020-07-04 13:20:30 #2 store] 
Database 'C:\Users\jairo\OneDrive\Documentos\NetBeansProjects\JudiSafeSE\objectdb-2.8.2\db\Judis.odb' is opened by 5372@DESKTOP-AIVVGFP

[2020-07-04 13:20:30 #3 store] 
Configuration path: C:\Users\jairo\OneDrive\Documentos\NetBeansProjects\JudiSafeSE\objectdb-2.8.2\objectdb.conf

[2020-07-04 13:20:30 #4 type] 
Type gov.deajcesar.judisafese.entity.Person is not enhanced.

[2020-07-04 13:20:30 #5 type] 
Type gov.deajcesar.judisafese.entity.Register is not enhanced.

------------------------------------------------------------------------------------------------------------------------

[2020-07-04 13:21:12 #1 store] 
Database 'C:\Users\jairo\OneDrive\Documentos\NetBeansProjects\JudiSafeSE\objectdb-2.8.2\db\Judis.odb' has been recovered (tr. 47-48)

[2020-07-04 13:21:12 #2 store] 
Database 'C:\Users\jairo\OneDrive\Documentos\NetBeansProjects\JudiSafeSE\objectdb-2.8.2\db\Judis.odb' is opened by 120@DESKTOP-AIVVGFP

[2020-07-04 13:21:12 #3 store] 
Configuration path: C:\Users\jairo\OneDrive\Documentos\NetBeansProjects\JudiSafeSE\objectdb-2.8.2\objectdb.conf

[2020-07-04 13:22:02 #4 store] 
Database 'C:\Users\jairo\OneDrive\Documentos\NetBeansProjects\JudiSafeSE\objectdb-2.8.2\db\Judis.odb' is closed by 120@DESKTOP-AIVVGFP

------------------------------------------------------------------------------------------------------------------------

[2020-07-04 13:40:02 #1 store] 
Database 'C:\Users\jairo\OneDrive\Documentos\NetBeansProjects\JudiSafeSE\objectdb-2.8.2\db\Judis.odb' is opened by 6224@DESKTOP-AIVVGFP

[2020-07-04 13:40:02 #2 store] 
Configuration path: C:\Users\jairo\OneDrive\Documentos\NetBeansProjects\JudiSafeSE\objectdb-2.8.2\objectdb.conf

[2020-07-04 13:40:03 #3 type] 
Type gov.deajcesar.judisafese.entity.Person is not enhanced.

[2020-07-04 13:40:03 #4 type] 
Type gov.deajcesar.judisafese.entity.Register is not enhanced.

------------------------------------------------------------------------------------------------------------------------

[2020-07-04 13:41:36 #1 store] 
Database 'C:\Users\jairo\OneDrive\Documentos\NetBeansProjects\JudiSafeSE\objectdb-2.8.2\db\Judis.odb' has been recovered (tr. 49-52)

[2020-07-04 13:41:37 #2 store] 
Database 'C:\Users\jairo\OneDrive\Documentos\NetBeansProjects\JudiSafeSE\objectdb-2.8.2\db\Judis.odb' is opened by 5752@DESKTOP-AIVVGFP

[2020-07-04 13:41:37 #3 store] 
Configuration path: C:\Users\jairo\OneDrive\Documentos\NetBeansProjects\JudiSafeSE\objectdb-2.8.2\objectdb.conf

[2020-07-04 13:42:24 #4 store] 
Database 'C:\Users\jairo\OneDrive\Documentos\NetBeansProjects\JudiSafeSE\objectdb-2.8.2\db\Judis.odb' is closed by 5752@DESKTOP-AIVVGFP

------------------------------------------------------------------------------------------------------------------------

[2020-07-04 14:28:34 #1 store] 
Database 'C:\Users\jairo\OneDrive\Documentos\NetBeansProjects\JudiSafeSE\objectdb-2.8.2\db\Judis.odb' is opened by 916@DESKTOP-AIVVGFP

[2020-07-04 14:28:34 #2 store] 
Configuration path: C:\Users\jairo\OneDrive\Documentos\NetBeansProjects\JudiSafeSE\objectdb-2.8.2\objectdb.conf

[2020-07-04 14:28:34 #3 type] 
Type gov.deajcesar.judisafese.entity.Person is not enhanced.

[2020-07-04 14:28:34 #4 type] 
Type gov.deajcesar.judisafese.entity.Register is not enhanced.

------------------------------------------------------------------------------------------------------------------------

[2020-07-04 14:31:55 #1 store] 
Database 'C:\Users\jairo\OneDrive\Documentos\NetBeansProjects\JudiSafeSE\objectdb-2.8.2\db\Judis.odb' is opened by 5184@DESKTOP-AIVVGFP

[2020-07-04 14:31:55 #2 store] 
Configuration path: C:\Users\jairo\OneDrive\Documentos\NetBeansProjects\JudiSafeSE\objectdb-2.8.2\objectdb.conf

[2020-07-04 14:31:55 #3 type] 
Type gov.deajcesar.judisafese.entity.Person is not enhanced.

[2020-07-04 14:31:55 #4 type] 
Type gov.deajcesar.judisafese.entity.Register is not enhanced.

------------------------------------------------------------------------------------------------------------------------

[2020-07-04 14:32:39 #1 store] 
Database 'C:\Users\jairo\OneDrive\Documentos\NetBeansProjects\JudiSafeSE\objectdb-2.8.2\db\Judis.odb' is opened by 7688@DESKTOP-AIVVGFP

[2020-07-04 14:32:39 #2 store] 
Configuration path: C:\Users\jairo\OneDrive\Documentos\NetBeansProjects\JudiSafeSE\objectdb-2.8.2\objectdb.conf

[2020-07-04 14:32:40 #3 type] 
Type gov.deajcesar.judisafese.entity.Person is not enhanced.

[2020-07-04 14:32:40 #4 type] 
Type gov.deajcesar.judisafese.entity.Register is not enhanced.

------------------------------------------------------------------------------------------------------------------------

[2020-07-04 14:34:08 #1 store] 
Database 'C:\Users\jairo\OneDrive\Documentos\NetBeansProjects\JudiSafeSE\objectdb-2.8.2\db\Judis.odb' has been recovered (tr. 53-53)

[2020-07-04 14:34:08 #2 store] 
Database 'C:\Users\jairo\OneDrive\Documentos\NetBeansProjects\JudiSafeSE\objectdb-2.8.2\db\Judis.odb' is opened by 4304@DESKTOP-AIVVGFP

[2020-07-04 14:34:08 #3 store] 
Configuration path: C:\Users\jairo\OneDrive\Documentos\NetBeansProjects\JudiSafeSE\objectdb-2.8.2\objectdb.conf

[2020-07-04 14:34:09 #4 type] 
Type gov.deajcesar.judisafese.entity.Person is not enhanced.

[2020-07-04 14:34:09 #5 type] 
Type gov.deajcesar.judisafese.entity.Register is not enhanced.

------------------------------------------------------------------------------------------------------------------------

[2020-07-04 14:35:33 #1 store] 
Database 'C:\Users\jairo\OneDrive\Documentos\NetBeansProjects\JudiSafeSE\objectdb-2.8.2\db\Judis.odb' is opened by 6792@DESKTOP-AIVVGFP

[2020-07-04 14:35:33 #2 store] 
Configuration path: C:\Users\jairo\OneDrive\Documentos\NetBeansProjects\JudiSafeSE\objectdb-2.8.2\objectdb.conf

[2020-07-04 14:35:34 #3 type] 
Type gov.deajcesar.judisafese.entity.Person is not enhanced.

[2020-07-04 14:35:34 #4 type] 
Type gov.deajcesar.judisafese.entity.Register is not enhanced.

------------------------------------------------------------------------------------------------------------------------

[2020-07-04 14:39:32 #1 store] 
Database 'C:\Users\jairo\OneDrive\Documentos\NetBeansProjects\JudiSafeSE\objectdb-2.8.2\db\Judis.odb' is opened by 3816@DESKTOP-AIVVGFP

[2020-07-04 14:39:32 #2 store] 
Configuration path: C:\Users\jairo\OneDrive\Documentos\NetBeansProjects\JudiSafeSE\objectdb-2.8.2\objectdb.conf

[2020-07-04 14:39:32 #3 type] 
Type gov.deajcesar.judisafese.entity.Person is not enhanced.

[2020-07-04 14:39:33 #4 type] 
Type gov.deajcesar.judisafese.entity.Register is not enhanced.

------------------------------------------------------------------------------------------------------------------------

[2020-07-04 15:08:51 #1 store] 
Database 'C:\Users\jairo\OneDrive\Documentos\NetBeansProjects\JudiSafeSE\objectdb-2.8.2\db\Judis.odb' has been recovered (tr. 54-54)

[2020-07-04 15:08:51 #2 store] 
Database 'C:\Users\jairo\OneDrive\Documentos\NetBeansProjects\JudiSafeSE\objectdb-2.8.2\db\Judis.odb' is opened by 2808@DESKTOP-AIVVGFP

[2020-07-04 15:08:51 #3 store] 
Configuration path: C:\Users\jairo\OneDrive\Documentos\NetBeansProjects\JudiSafeSE\objectdb-2.8.2\objectdb.conf

[2020-07-04 15:09:32 #4 store] 
Database 'C:\Users\jairo\OneDrive\Documentos\NetBeansProjects\JudiSafeSE\objectdb-2.8.2\db\Judis.odb' is closed by 2808@DESKTOP-AIVVGFP

------------------------------------------------------------------------------------------------------------------------

[2020-07-04 15:11:09 #1 store] 
Database 'C:\Users\jairo\OneDrive\Documentos\NetBeansProjects\JudiSafeSE\objectdb-2.8.2\db\Judis.odb' is opened by 9192@DESKTOP-AIVVGFP

[2020-07-04 15:11:09 #2 store] 
Configuration path: C:\Users\jairo\OneDrive\Documentos\NetBeansProjects\JudiSafeSE\objectdb-2.8.2\objectdb.conf

[2020-07-04 15:11:10 #3 type] 
Type gov.deajcesar.judisafese.entity.Person is not enhanced.

[2020-07-04 15:11:10 #4 type] 
Type gov.deajcesar.judisafese.entity.Register is not enhanced.

------------------------------------------------------------------------------------------------------------------------

[2020-07-04 15:11:46 #1 store] 
Database 'C:\Users\jairo\OneDrive\Documentos\NetBeansProjects\JudiSafeSE\objectdb-2.8.2\db\Judis.odb' is opened by 5248@DESKTOP-AIVVGFP

[2020-07-04 15:11:46 #2 store] 
Configuration path: C:\Users\jairo\OneDrive\Documentos\NetBeansProjects\JudiSafeSE\objectdb-2.8.2\objectdb.conf

[2020-07-04 15:13:02 #3 store] 
Database 'C:\Users\jairo\OneDrive\Documentos\NetBeansProjects\JudiSafeSE\objectdb-2.8.2\db\Judis.odb' is closed by 5248@DESKTOP-AIVVGFP

------------------------------------------------------------------------------------------------------------------------

[2020-07-04 15:13:39 #1 store] 
Database 'C:\Users\jairo\OneDrive\Documentos\NetBeansProjects\JudiSafeSE\objectdb-2.8.2\db\Judis.odb' is opened by 7540@DESKTOP-AIVVGFP

[2020-07-04 15:13:39 #2 store] 
Configuration path: C:\Users\jairo\OneDrive\Documentos\NetBeansProjects\JudiSafeSE\objectdb-2.8.2\objectdb.conf

[2020-07-04 15:13:39 #3 type] 
Type gov.deajcesar.judisafese.entity.Person is not enhanced.

[2020-07-04 15:13:39 #4 type] 
Type gov.deajcesar.judisafese.entity.Register is not enhanced.

------------------------------------------------------------------------------------------------------------------------

[2020-07-04 15:32:10 #1 store] 
Database 'C:\Users\jairo\OneDrive\Documentos\NetBeansProjects\JudiSafeSE\objectdb-2.8.2\db\Judis.odb' is opened by 8668@DESKTOP-AIVVGFP

[2020-07-04 15:32:10 #2 store] 
Configuration path: C:\Users\jairo\OneDrive\Documentos\NetBeansProjects\JudiSafeSE\objectdb-2.8.2\objectdb.conf

[2020-07-04 15:32:10 #3 type] 
Type gov.deajcesar.judisafese.entity.Person is not enhanced.

[2020-07-04 15:32:10 #4 type] 
Type gov.deajcesar.judisafese.entity.Register is not enhanced.

------------------------------------------------------------------------------------------------------------------------

[2020-07-04 15:32:31 #1 store] 
Database 'C:\Users\jairo\OneDrive\Documentos\NetBeansProjects\JudiSafeSE\objectdb-2.8.2\db\Judis.odb' has been recovered (tr. 58-58)

[2020-07-04 15:32:31 #2 store] 
Database 'C:\Users\jairo\OneDrive\Documentos\NetBeansProjects\JudiSafeSE\objectdb-2.8.2\db\Judis.odb' is opened by 2780@DESKTOP-AIVVGFP

[2020-07-04 15:32:31 #3 store] 
Configuration path: C:\Users\jairo\OneDrive\Documentos\NetBeansProjects\JudiSafeSE\objectdb-2.8.2\objectdb.conf

[2020-07-04 15:33:02 #4 store] 
Database 'C:\Users\jairo\OneDrive\Documentos\NetBeansProjects\JudiSafeSE\objectdb-2.8.2\db\Judis.odb' is closed by 2780@DESKTOP-AIVVGFP

------------------------------------------------------------------------------------------------------------------------

[2020-07-04 15:34:01 #1 store] 
Database 'C:\Users\jairo\OneDrive\Documentos\NetBeansProjects\JudiSafeSE\objectdb-2.8.2\db\Judis.odb' is opened by 10712@DESKTOP-AIVVGFP

[2020-07-04 15:34:01 #2 store] 
Configuration path: C:\Users\jairo\OneDrive\Documentos\NetBeansProjects\JudiSafeSE\objectdb-2.8.2\objectdb.conf

[2020-07-04 15:34:02 #3 type] 
Type gov.deajcesar.judisafese.entity.Person is not enhanced.

[2020-07-04 15:34:02 #4 type] 
Type gov.deajcesar.judisafese.entity.Register is not enhanced.

------------------------------------------------------------------------------------------------------------------------

[2020-07-04 15:36:18 #1 store] 
Database 'C:\Users\jairo\OneDrive\Documentos\NetBeansProjects\JudiSafeSE\objectdb-2.8.2\db\Judis.odb' has been recovered (tr. 59-59)

[2020-07-04 15:36:18 #2 store] 
Database 'C:\Users\jairo\OneDrive\Documentos\NetBeansProjects\JudiSafeSE\objectdb-2.8.2\db\Judis.odb' is opened by 3316@DESKTOP-AIVVGFP

[2020-07-04 15:36:18 #3 store] 
Configuration path: C:\Users\jairo\OneDrive\Documentos\NetBeansProjects\JudiSafeSE\objectdb-2.8.2\objectdb.conf

[2020-07-04 15:36:18 #4 type] 
Type gov.deajcesar.judisafese.entity.Person is not enhanced.

[2020-07-04 15:36:18 #5 type] 
Type gov.deajcesar.judisafese.entity.Register is not enhanced.

------------------------------------------------------------------------------------------------------------------------

[2020-07-04 15:37:00 #1 store] 
Database 'C:\Users\jairo\OneDrive\Documentos\NetBeansProjects\JudiSafeSE\objectdb-2.8.2\db\Judis.odb' is opened by 8476@DESKTOP-AIVVGFP

[2020-07-04 15:37:00 #2 store] 
Configuration path: C:\Users\jairo\OneDrive\Documentos\NetBeansProjects\JudiSafeSE\objectdb-2.8.2\objectdb.conf

[2020-07-04 15:39:22 #3 store] 
Database 'C:\Users\jairo\OneDrive\Documentos\NetBeansProjects\JudiSafeSE\objectdb-2.8.2\db\Judis.odb' is closed by 8476@DESKTOP-AIVVGFP

------------------------------------------------------------------------------------------------------------------------

[2020-07-04 15:39:38 #1 store] 
Database 'C:\Users\jairo\OneDrive\Documentos\NetBeansProjects\JudiSafeSE\objectdb-2.8.2\db\Judis.odb' is opened by 9228@DESKTOP-AIVVGFP

[2020-07-04 15:39:38 #2 store] 
Configuration path: C:\Users\jairo\OneDrive\Documentos\NetBeansProjects\JudiSafeSE\objectdb-2.8.2\objectdb.conf

[2020-07-04 15:39:39 #3 type] 
Type gov.deajcesar.judisafese.entity.Person is not enhanced.

[2020-07-04 15:39:39 #4 type] 
Type gov.deajcesar.judisafese.entity.Register is not enhanced.

------------------------------------------------------------------------------------------------------------------------

[2020-07-04 15:43:42 #1 store] 
Database 'C:\Users\jairo\OneDrive\Documentos\NetBeansProjects\JudiSafeSE\objectdb-2.8.2\db\Judis.odb' has been recovered (tr. 60-60)

[2020-07-04 15:43:42 #2 store] 
Database 'C:\Users\jairo\OneDrive\Documentos\NetBeansProjects\JudiSafeSE\objectdb-2.8.2\db\Judis.odb' is opened by 1548@DESKTOP-AIVVGFP

[2020-07-04 15:43:42 #3 store] 
Configuration path: C:\Users\jairo\OneDrive\Documentos\NetBeansProjects\JudiSafeSE\objectdb-2.8.2\objectdb.conf

[2020-07-04 15:43:43 #4 type] 
Type gov.deajcesar.judisafese.entity.Person is not enhanced.

[2020-07-04 15:43:43 #5 type] 
Type gov.deajcesar.judisafese.entity.Register is not enhanced.

------------------------------------------------------------------------------------------------------------------------

[2020-07-04 15:48:50 #1 store] 
Database 'C:\Users\jairo\OneDrive\Documentos\NetBeansProjects\JudiSafeSE\objectdb-2.8.2\db\Judis.odb' is opened by 4592@DESKTOP-AIVVGFP

[2020-07-04 15:48:50 #2 store] 
Configuration path: C:\Users\jairo\OneDrive\Documentos\NetBeansProjects\JudiSafeSE\objectdb-2.8.2\objectdb.conf

[2020-07-04 15:48:50 #3 type] 
Type gov.deajcesar.judisafese.entity.Person is not enhanced.

[2020-07-04 15:48:50 #4 type] 
Type gov.deajcesar.judisafese.entity.Register is not enhanced.

------------------------------------------------------------------------------------------------------------------------

[2020-07-04 15:51:23 #1 store] 
Database 'C:\Users\jairo\OneDrive\Documentos\NetBeansProjects\JudiSafeSE\objectdb-2.8.2\db\Judis.odb' is opened by 7368@DESKTOP-AIVVGFP

[2020-07-04 15:51:23 #2 store] 
Configuration path: C:\Users\jairo\OneDrive\Documentos\NetBeansProjects\JudiSafeSE\objectdb-2.8.2\objectdb.conf

[2020-07-04 15:51:24 #3 type] 
Type gov.deajcesar.judisafese.entity.Person is not enhanced.

[2020-07-04 15:51:24 #4 type] 
Type gov.deajcesar.judisafese.entity.Register is not enhanced.

------------------------------------------------------------------------------------------------------------------------

[2020-07-04 15:54:22 #1 store] 
Database 'C:\Users\jairo\OneDrive\Documentos\NetBeansProjects\JudiSafeSE\objectdb-2.8.2\db\Judis.odb' is opened by 10320@DESKTOP-AIVVGFP

[2020-07-04 15:54:22 #2 store] 
Configuration path: C:\Users\jairo\OneDrive\Documentos\NetBeansProjects\JudiSafeSE\objectdb-2.8.2\objectdb.conf

[2020-07-04 15:54:23 #3 type] 
Type gov.deajcesar.judisafese.entity.Person is not enhanced.

[2020-07-04 15:54:23 #4 type] 
Type gov.deajcesar.judisafese.entity.Register is not enhanced.

------------------------------------------------------------------------------------------------------------------------

[2020-07-04 15:56:44 #1 store] 
Database 'C:\Users\jairo\OneDrive\Documentos\NetBeansProjects\JudiSafeSE\objectdb-2.8.2\db\Judis.odb' is opened by 5616@DESKTOP-AIVVGFP

[2020-07-04 15:56:44 #2 store] 
Configuration path: C:\Users\jairo\OneDrive\Documentos\NetBeansProjects\JudiSafeSE\objectdb-2.8.2\objectdb.conf

[2020-07-04 15:56:45 #3 type] 
Type gov.deajcesar.judisafese.entity.Person is not enhanced.

[2020-07-04 15:56:45 #4 type] 
Type gov.deajcesar.judisafese.entity.Register is not enhanced.

------------------------------------------------------------------------------------------------------------------------

[2020-07-04 15:58:30 #1 store] 
Database 'C:\Users\jairo\OneDrive\Documentos\NetBeansProjects\JudiSafeSE\objectdb-2.8.2\db\Judis.odb' is opened by 7176@DESKTOP-AIVVGFP

[2020-07-04 15:58:30 #2 store] 
Configuration path: C:\Users\jairo\OneDrive\Documentos\NetBeansProjects\JudiSafeSE\objectdb-2.8.2\objectdb.conf

[2020-07-04 15:58:30 #3 type] 
Type gov.deajcesar.judisafese.entity.Person is not enhanced.

[2020-07-04 15:58:30 #4 type] 
Type gov.deajcesar.judisafese.entity.Register is not enhanced.

------------------------------------------------------------------------------------------------------------------------

[2020-07-04 16:02:52 #1 store] 
Database 'C:\Users\jairo\OneDrive\Documentos\NetBeansProjects\JudiSafeSE\objectdb-2.8.2\db\Judis.odb' has been recovered (tr. 61-62)

[2020-07-04 16:02:53 #2 store] 
Database 'C:\Users\jairo\OneDrive\Documentos\NetBeansProjects\JudiSafeSE\objectdb-2.8.2\db\Judis.odb' is opened by 1804@DESKTOP-AIVVGFP

[2020-07-04 16:02:53 #3 store] 
Configuration path: C:\Users\jairo\OneDrive\Documentos\NetBeansProjects\JudiSafeSE\objectdb-2.8.2\objectdb.conf

[2020-07-04 16:02:53 #4 type] 
Type gov.deajcesar.judisafese.entity.Person is not enhanced.

[2020-07-04 16:02:53 #5 type] 
Type gov.deajcesar.judisafese.entity.Register is not enhanced.

------------------------------------------------------------------------------------------------------------------------

[2020-07-04 16:03:58 #1 store] 
Database 'C:\Users\jairo\OneDrive\Documentos\NetBeansProjects\JudiSafeSE\objectdb-2.8.2\db\Judis.odb' has been recovered (tr. 63-65)

[2020-07-04 16:03:58 #2 store] 
Database 'C:\Users\jairo\OneDrive\Documentos\NetBeansProjects\JudiSafeSE\objectdb-2.8.2\db\Judis.odb' is opened by 6308@DESKTOP-AIVVGFP

[2020-07-04 16:03:58 #3 store] 
Configuration path: C:\Users\jairo\OneDrive\Documentos\NetBeansProjects\JudiSafeSE\objectdb-2.8.2\objectdb.conf

[2020-07-04 16:04:55 #4 store] 
Database 'C:\Users\jairo\OneDrive\Documentos\NetBeansProjects\JudiSafeSE\objectdb-2.8.2\db\Judis.odb' is closed by 6308@DESKTOP-AIVVGFP

------------------------------------------------------------------------------------------------------------------------

[2020-07-04 16:08:32 #1 store] 
Database 'C:\Users\jairo\OneDrive\Documentos\NetBeansProjects\JudiSafeSE\objectdb-2.8.2\db\Judis.odb' is opened by 8996@DESKTOP-AIVVGFP

[2020-07-04 16:08:32 #2 store] 
Configuration path: C:\Users\jairo\OneDrive\Documentos\NetBeansProjects\JudiSafeSE\objectdb-2.8.2\objectdb.conf

[2020-07-04 16:08:32 #3 type] 
Type gov.deajcesar.judisafese.entity.Person is not enhanced.

[2020-07-04 16:08:32 #4 type] 
Type gov.deajcesar.judisafese.entity.Register is not enhanced.

