------------------------------------------------------------------------------------------------------------------------

[2020-07-15 00:43:42 #1 store] 
Database 'C:\Users\jairo\OneDrive\Documentos\NetBeansProjects\JudiSafeSE\objectdb-2.8.2\db\JudisafeSEDB.odb' is opened by 1396@DESKTOP-AIVVGFP

[2020-07-15 00:43:42 #2 store] 
Configuration path: C:\Users\jairo\OneDrive\Documentos\NetBeansProjects\JudiSafeSE\objectdb-2.8.2\objectdb.conf

[2020-07-15 00:43:43 #3 type] 
Type gov.deajcesar.judisafese.entity.Person is not enhanced.

[2020-07-15 00:43:43 #4 type] 
Type gov.deajcesar.judisafese.entity.Register is not enhanced.

------------------------------------------------------------------------------------------------------------------------

[2020-07-15 10:09:41 #1 store] 
Database 'C:\Users\jairo\OneDrive\Documentos\NetBeansProjects\JudiSafeSE\objectdb-2.8.2\db\JudisafeSEDB.odb' has been recovered (tr. 10095-10098)

[2020-07-15 10:09:42 #2 store] 
Database 'C:\Users\jairo\OneDrive\Documentos\NetBeansProjects\JudiSafeSE\objectdb-2.8.2\db\JudisafeSEDB.odb' is opened by 3576@DESKTOP-AIVVGFP

[2020-07-15 10:09:42 #3 store] 
Configuration path: C:\Users\jairo\OneDrive\Documentos\NetBeansProjects\JudiSafeSE\objectdb-2.8.2\objectdb.conf

[2020-07-15 10:09:43 #4 type] 
Type gov.deajcesar.judisafese.entity.Person is not enhanced.

[2020-07-15 10:09:43 #5 type] 
Type gov.deajcesar.judisafese.entity.Register is not enhanced.

------------------------------------------------------------------------------------------------------------------------

[2020-07-15 10:12:04 #1 store] 
Database 'C:\Users\jairo\OneDrive\Documentos\NetBeansProjects\JudiSafeSE\objectdb-2.8.2\db\JudisafeSEDB.odb' has been recovered (tr. 10100-10101)

[2020-07-15 10:12:04 #2 store] 
Database 'C:\Users\jairo\OneDrive\Documentos\NetBeansProjects\JudiSafeSE\objectdb-2.8.2\db\JudisafeSEDB.odb' is opened by 5772@DESKTOP-AIVVGFP

[2020-07-15 10:12:04 #3 store] 
Configuration path: C:\Users\jairo\OneDrive\Documentos\NetBeansProjects\JudiSafeSE\objectdb-2.8.2\objectdb.conf

[2020-07-15 10:12:05 #4 type] 
Type gov.deajcesar.judisafese.entity.Person is not enhanced.

[2020-07-15 10:12:05 #5 type] 
Type gov.deajcesar.judisafese.entity.Register is not enhanced.

------------------------------------------------------------------------------------------------------------------------

[2020-07-15 10:13:20 #1 store] 
Database 'C:\Users\jairo\OneDrive\Documentos\NetBeansProjects\JudiSafeSE\objectdb-2.8.2\db\JudisafeSEDB.odb' has been recovered (tr. 10103-10104)

[2020-07-15 10:13:20 #2 store] 
Database 'C:\Users\jairo\OneDrive\Documentos\NetBeansProjects\JudiSafeSE\objectdb-2.8.2\db\JudisafeSEDB.odb' is opened by 1048@DESKTOP-AIVVGFP

[2020-07-15 10:13:20 #3 store] 
Configuration path: C:\Users\jairo\OneDrive\Documentos\NetBeansProjects\JudiSafeSE\objectdb-2.8.2\objectdb.conf

[2020-07-15 10:13:21 #4 type] 
Type gov.deajcesar.judisafese.entity.Person is not enhanced.

[2020-07-15 10:13:21 #5 type] 
Type gov.deajcesar.judisafese.entity.Register is not enhanced.

------------------------------------------------------------------------------------------------------------------------

[2020-07-15 10:28:10 #1 store] 
Database 'C:\Users\jairo\OneDrive\Documentos\NetBeansProjects\JudiSafeSE\objectdb-2.8.2\db\JudisafeSEDB.odb' has been recovered (tr. 10106-10107)

[2020-07-15 10:28:10 #2 store] 
Database 'C:\Users\jairo\OneDrive\Documentos\NetBeansProjects\JudiSafeSE\objectdb-2.8.2\db\JudisafeSEDB.odb' is opened by 8544@DESKTOP-AIVVGFP

[2020-07-15 10:28:10 #3 store] 
Configuration path: C:\Users\jairo\OneDrive\Documentos\NetBeansProjects\JudiSafeSE\objectdb-2.8.2\objectdb.conf

[2020-07-15 10:28:10 #4 type] 
Type gov.deajcesar.judisafese.entity.Person is not enhanced.

[2020-07-15 10:28:10 #5 type] 
Type gov.deajcesar.judisafese.entity.Register is not enhanced.

