------------------------------------------------------------------------------------------------------------------------

[2020-07-10 11:35:18 #1 store] 
Database 'C:\Users\jairo\OneDrive\Documentos\NetBeansProjects\JudiSafeSE\objectdb-2.8.2\db\Judis.odb' is opened by 236@DESKTOP-AIVVGFP

[2020-07-10 11:35:18 #2 store] 
Configuration path: C:\Users\jairo\OneDrive\Documentos\NetBeansProjects\JudiSafeSE\objectdb-2.8.2\objectdb.conf

[2020-07-10 11:58:07 #3 store] 
Database 'C:\Users\jairo\OneDrive\Documentos\NetBeansProjects\JudiSafeSE\objectdb-2.8.2\db\Judis.odb' is closed by 236@DESKTOP-AIVVGFP

------------------------------------------------------------------------------------------------------------------------

[2020-07-10 15:56:51 #1 store] 
Database 'C:\Users\jairo\OneDrive\Documentos\NetBeansProjects\JudiSafeSE\objectdb-2.8.2\db\Judis.odb' is opened by 788@DESKTOP-AIVVGFP

[2020-07-10 15:56:51 #2 store] 
Configuration path: C:\Users\jairo\OneDrive\Documentos\NetBeansProjects\JudiSafeSE\objectdb-2.8.2\objectdb.conf

[2020-07-10 15:56:52 #3 type] 
Type gov.deajcesar.judisafese.entity.Person is not enhanced.

[2020-07-10 15:56:52 #4 type] 
Type gov.deajcesar.judisafese.entity.Register is not enhanced.

------------------------------------------------------------------------------------------------------------------------

[2020-07-10 15:58:55 #1 store] 
Database 'C:\Users\jairo\OneDrive\Documentos\NetBeansProjects\JudiSafeSE\objectdb-2.8.2\db\Judis.odb' is opened by 4972@DESKTOP-AIVVGFP

[2020-07-10 15:58:55 #2 store] 
Configuration path: C:\Users\jairo\OneDrive\Documentos\NetBeansProjects\JudiSafeSE\objectdb-2.8.2\objectdb.conf

[2020-07-10 15:58:56 #3 type] 
Type gov.deajcesar.judisafese.entity.Person is not enhanced.

[2020-07-10 15:58:56 #4 type] 
Type gov.deajcesar.judisafese.entity.Register is not enhanced.

------------------------------------------------------------------------------------------------------------------------

[2020-07-10 16:03:38 #1 store] 
Database 'C:\Users\jairo\OneDrive\Documentos\NetBeansProjects\JudiSafeSE\objectdb-2.8.2\db\Judis.odb' has been recovered (tr. 70-71)

[2020-07-10 16:03:39 #2 store] 
Database 'C:\Users\jairo\OneDrive\Documentos\NetBeansProjects\JudiSafeSE\objectdb-2.8.2\db\Judis.odb' is opened by 8128@DESKTOP-AIVVGFP

[2020-07-10 16:03:39 #3 store] 
Configuration path: C:\Users\jairo\OneDrive\Documentos\NetBeansProjects\JudiSafeSE\objectdb-2.8.2\objectdb.conf

[2020-07-10 16:03:39 #4 type] 
Type gov.deajcesar.judisafese.entity.Person is not enhanced.

[2020-07-10 16:03:39 #5 type] 
Type gov.deajcesar.judisafese.entity.Register is not enhanced.

------------------------------------------------------------------------------------------------------------------------

[2020-07-10 16:08:05 #1 store] 
Database 'C:\Users\jairo\OneDrive\Documentos\NetBeansProjects\JudiSafeSE\objectdb-2.8.2\db\Judis.odb' is opened by 4808@DESKTOP-AIVVGFP

[2020-07-10 16:08:05 #2 store] 
Configuration path: C:\Users\jairo\OneDrive\Documentos\NetBeansProjects\JudiSafeSE\objectdb-2.8.2\objectdb.conf

[2020-07-10 16:08:05 #3 type] 
Type gov.deajcesar.judisafese.entity.Person is not enhanced.

[2020-07-10 16:08:05 #4 type] 
Type gov.deajcesar.judisafese.entity.Register is not enhanced.

------------------------------------------------------------------------------------------------------------------------

[2020-07-10 16:09:14 #1 store] 
Database 'C:\Users\jairo\OneDrive\Documentos\NetBeansProjects\JudiSafeSE\objectdb-2.8.2\db\Judis.odb' is opened by 2808@DESKTOP-AIVVGFP

[2020-07-10 16:09:14 #2 store] 
Configuration path: C:\Users\jairo\OneDrive\Documentos\NetBeansProjects\JudiSafeSE\objectdb-2.8.2\objectdb.conf

[2020-07-10 16:09:14 #3 type] 
Type gov.deajcesar.judisafese.entity.Person is not enhanced.

[2020-07-10 16:09:14 #4 type] 
Type gov.deajcesar.judisafese.entity.Register is not enhanced.

------------------------------------------------------------------------------------------------------------------------

[2020-07-10 16:11:24 #1 store] 
Database 'C:\Users\jairo\OneDrive\Documentos\NetBeansProjects\JudiSafeSE\objectdb-2.8.2\db\Judis.odb' is opened by 7824@DESKTOP-AIVVGFP

[2020-07-10 16:11:24 #2 store] 
Configuration path: C:\Users\jairo\OneDrive\Documentos\NetBeansProjects\JudiSafeSE\objectdb-2.8.2\objectdb.conf

[2020-07-10 16:11:24 #3 type] 
Type gov.deajcesar.judisafese.entity.Person is not enhanced.

[2020-07-10 16:11:24 #4 type] 
Type gov.deajcesar.judisafese.entity.Register is not enhanced.

------------------------------------------------------------------------------------------------------------------------

[2020-07-10 16:13:06 #1 store] 
Database 'C:\Users\jairo\OneDrive\Documentos\NetBeansProjects\JudiSafeSE\objectdb-2.8.2\db\Judis.odb' is opened by 4984@DESKTOP-AIVVGFP

[2020-07-10 16:13:06 #2 store] 
Configuration path: C:\Users\jairo\OneDrive\Documentos\NetBeansProjects\JudiSafeSE\objectdb-2.8.2\objectdb.conf

[2020-07-10 16:13:07 #3 type] 
Type gov.deajcesar.judisafese.entity.Person is not enhanced.

[2020-07-10 16:13:07 #4 type] 
Type gov.deajcesar.judisafese.entity.Register is not enhanced.

------------------------------------------------------------------------------------------------------------------------

[2020-07-10 16:14:36 #1 store] 
Database 'C:\Users\jairo\OneDrive\Documentos\NetBeansProjects\JudiSafeSE\objectdb-2.8.2\db\Judis.odb' is opened by 7172@DESKTOP-AIVVGFP

[2020-07-10 16:14:36 #2 store] 
Configuration path: C:\Users\jairo\OneDrive\Documentos\NetBeansProjects\JudiSafeSE\objectdb-2.8.2\objectdb.conf

[2020-07-10 16:14:36 #3 type] 
Type gov.deajcesar.judisafese.entity.Person is not enhanced.

[2020-07-10 16:14:36 #4 type] 
Type gov.deajcesar.judisafese.entity.Register is not enhanced.

------------------------------------------------------------------------------------------------------------------------

[2020-07-10 16:16:24 #1 store] 
Database 'C:\Users\jairo\OneDrive\Documentos\NetBeansProjects\JudiSafeSE\objectdb-2.8.2\db\Judis.odb' is opened by 6192@DESKTOP-AIVVGFP

[2020-07-10 16:16:24 #2 store] 
Configuration path: C:\Users\jairo\OneDrive\Documentos\NetBeansProjects\JudiSafeSE\objectdb-2.8.2\objectdb.conf

[2020-07-10 16:16:24 #3 type] 
Type gov.deajcesar.judisafese.entity.Person is not enhanced.

[2020-07-10 16:16:24 #4 type] 
Type gov.deajcesar.judisafese.entity.Register is not enhanced.

------------------------------------------------------------------------------------------------------------------------

[2020-07-10 16:21:03 #1 store] 
Database 'C:\Users\jairo\OneDrive\Documentos\NetBeansProjects\JudiSafeSE\objectdb-2.8.2\db\Judis.odb' is opened by 8920@DESKTOP-AIVVGFP

[2020-07-10 16:21:03 #2 store] 
Configuration path: C:\Users\jairo\OneDrive\Documentos\NetBeansProjects\JudiSafeSE\objectdb-2.8.2\objectdb.conf

[2020-07-10 16:21:04 #3 type] 
Type gov.deajcesar.judisafese.entity.Person is not enhanced.

[2020-07-10 16:21:04 #4 type] 
Type gov.deajcesar.judisafese.entity.Register is not enhanced.

------------------------------------------------------------------------------------------------------------------------

[2020-07-10 21:01:41 #1 store] 
Database 'C:\Users\jairo\OneDrive\Documentos\NetBeansProjects\JudiSafeSE\objectdb-2.8.2\db\Judis.odb' is opened by 6760@DESKTOP-AIVVGFP

[2020-07-10 21:01:41 #2 store] 
Configuration path: C:\Users\jairo\OneDrive\Documentos\NetBeansProjects\JudiSafeSE\objectdb-2.8.2\objectdb.conf

[2020-07-10 21:01:42 #3 type] 
Type gov.deajcesar.judisafese.entity.Person is not enhanced.

[2020-07-10 21:01:42 #4 type] 
Type gov.deajcesar.judisafese.entity.Register is not enhanced.

------------------------------------------------------------------------------------------------------------------------

[2020-07-10 21:04:27 #1 store] 
Database 'C:\Users\jairo\OneDrive\Documentos\NetBeansProjects\JudiSafeSE\objectdb-2.8.2\db\Judis.odb' is opened by 4332@DESKTOP-AIVVGFP

[2020-07-10 21:04:27 #2 store] 
Configuration path: C:\Users\jairo\OneDrive\Documentos\NetBeansProjects\JudiSafeSE\objectdb-2.8.2\objectdb.conf

[2020-07-10 21:04:27 #3 type] 
Type gov.deajcesar.judisafese.entity.Person is not enhanced.

[2020-07-10 21:04:27 #4 type] 
Type gov.deajcesar.judisafese.entity.Register is not enhanced.

------------------------------------------------------------------------------------------------------------------------

[2020-07-10 21:05:23 #1 store] 
Database 'C:\Users\jairo\OneDrive\Documentos\NetBeansProjects\JudiSafeSE\objectdb-2.8.2\db\Judis.odb' is opened by 5700@DESKTOP-AIVVGFP

[2020-07-10 21:05:23 #2 store] 
Configuration path: C:\Users\jairo\OneDrive\Documentos\NetBeansProjects\JudiSafeSE\objectdb-2.8.2\objectdb.conf

[2020-07-10 21:05:23 #3 type] 
Type gov.deajcesar.judisafese.entity.Person is not enhanced.

[2020-07-10 21:05:23 #4 type] 
Type gov.deajcesar.judisafese.entity.Register is not enhanced.

------------------------------------------------------------------------------------------------------------------------

[2020-07-10 21:06:13 #1 store] 
Database 'C:\Users\jairo\OneDrive\Documentos\NetBeansProjects\JudiSafeSE\objectdb-2.8.2\db\Judis.odb' is opened by 2592@DESKTOP-AIVVGFP

[2020-07-10 21:06:13 #2 store] 
Configuration path: C:\Users\jairo\OneDrive\Documentos\NetBeansProjects\JudiSafeSE\objectdb-2.8.2\objectdb.conf

[2020-07-10 21:06:13 #3 type] 
Type gov.deajcesar.judisafese.entity.Person is not enhanced.

[2020-07-10 21:06:13 #4 type] 
Type gov.deajcesar.judisafese.entity.Register is not enhanced.

------------------------------------------------------------------------------------------------------------------------

[2020-07-10 21:07:07 #1 store] 
Database 'C:\Users\jairo\OneDrive\Documentos\NetBeansProjects\JudiSafeSE\objectdb-2.8.2\db\Judis.odb' is opened by 3952@DESKTOP-AIVVGFP

[2020-07-10 21:07:07 #2 store] 
Configuration path: C:\Users\jairo\OneDrive\Documentos\NetBeansProjects\JudiSafeSE\objectdb-2.8.2\objectdb.conf

[2020-07-10 21:07:07 #3 type] 
Type gov.deajcesar.judisafese.entity.Person is not enhanced.

[2020-07-10 21:07:07 #4 type] 
Type gov.deajcesar.judisafese.entity.Register is not enhanced.

------------------------------------------------------------------------------------------------------------------------

[2020-07-10 21:35:53 #1 store] 
Database 'C:\Users\jairo\OneDrive\Documentos\NetBeansProjects\JudiSafeSE\objectdb-2.8.2\db\Judis.odb' is opened by 1720@DESKTOP-AIVVGFP

[2020-07-10 21:35:53 #2 store] 
Configuration path: C:\Users\jairo\OneDrive\Documentos\NetBeansProjects\JudiSafeSE\objectdb-2.8.2\objectdb.conf

[2020-07-10 21:35:54 #3 type] 
Type gov.deajcesar.judisafese.entity.Person is not enhanced.

[2020-07-10 21:35:54 #4 type] 
Type gov.deajcesar.judisafese.entity.Register is not enhanced.

------------------------------------------------------------------------------------------------------------------------

[2020-07-10 21:40:11 #1 store] 
Database 'C:\Users\jairo\OneDrive\Documentos\NetBeansProjects\JudiSafeSE\objectdb-2.8.2\db\Judis.odb' is opened by 7176@DESKTOP-AIVVGFP

[2020-07-10 21:40:11 #2 store] 
Configuration path: C:\Users\jairo\OneDrive\Documentos\NetBeansProjects\JudiSafeSE\objectdb-2.8.2\objectdb.conf

[2020-07-10 21:40:11 #3 type] 
Type gov.deajcesar.judisafese.entity.Person is not enhanced.

[2020-07-10 21:40:11 #4 type] 
Type gov.deajcesar.judisafese.entity.Register is not enhanced.

------------------------------------------------------------------------------------------------------------------------

[2020-07-10 22:01:27 #1 store] 
Database 'C:\Users\jairo\OneDrive\Documentos\NetBeansProjects\JudiSafeSE\objectdb-2.8.2\db\Judis.odb' is opened by 7724@DESKTOP-AIVVGFP

[2020-07-10 22:01:27 #2 store] 
Configuration path: C:\Users\jairo\OneDrive\Documentos\NetBeansProjects\JudiSafeSE\objectdb-2.8.2\objectdb.conf

[2020-07-10 22:01:28 #3 type] 
Type gov.deajcesar.judisafese.entity.Person is not enhanced.

[2020-07-10 22:01:28 #4 type] 
Type gov.deajcesar.judisafese.entity.Register is not enhanced.

------------------------------------------------------------------------------------------------------------------------

[2020-07-10 22:12:38 #1 store] 
Database 'C:\Users\jairo\OneDrive\Documentos\NetBeansProjects\JudiSafeSE\objectdb-2.8.2\db\Judis.odb' is opened by 6252@DESKTOP-AIVVGFP

[2020-07-10 22:12:38 #2 store] 
Configuration path: C:\Users\jairo\OneDrive\Documentos\NetBeansProjects\JudiSafeSE\objectdb-2.8.2\objectdb.conf

[2020-07-10 22:12:38 #3 type] 
Type gov.deajcesar.judisafese.entity.Person is not enhanced.

[2020-07-10 22:12:39 #4 type] 
Type gov.deajcesar.judisafese.entity.Register is not enhanced.

------------------------------------------------------------------------------------------------------------------------

[2020-07-10 22:19:39 #1 store] 
Database 'C:\Users\jairo\OneDrive\Documentos\NetBeansProjects\JudiSafeSE\objectdb-2.8.2\db\Judis.odb' is opened by 6632@DESKTOP-AIVVGFP

[2020-07-10 22:19:39 #2 store] 
Configuration path: C:\Users\jairo\OneDrive\Documentos\NetBeansProjects\JudiSafeSE\objectdb-2.8.2\objectdb.conf

[2020-07-10 22:20:47 #3 store] 
Database 'C:\Users\jairo\OneDrive\Documentos\NetBeansProjects\JudiSafeSE\objectdb-2.8.2\db\Judis.odb' is closed by 6632@DESKTOP-AIVVGFP

------------------------------------------------------------------------------------------------------------------------

[2020-07-10 22:22:17 #1 store] 
Database 'C:\Users\jairo\OneDrive\Documentos\NetBeansProjects\JudiSafeSE\objectdb-2.8.2\db\Judis.odb' is opened by 2504@DESKTOP-AIVVGFP

[2020-07-10 22:22:17 #2 store] 
Configuration path: C:\Users\jairo\OneDrive\Documentos\NetBeansProjects\JudiSafeSE\objectdb-2.8.2\objectdb.conf

[2020-07-10 22:22:17 #3 type] 
Type gov.deajcesar.judisafese.entity.Person is not enhanced.

[2020-07-10 22:22:17 #4 type] 
Type gov.deajcesar.judisafese.entity.Register is not enhanced.

------------------------------------------------------------------------------------------------------------------------

[2020-07-10 22:25:39 #1 store] 
Database 'C:\Users\jairo\OneDrive\Documentos\NetBeansProjects\JudiSafeSE\objectdb-2.8.2\db\JudisafeSEDB.odb' is opened by 8672@DESKTOP-AIVVGFP

[2020-07-10 22:25:39 #2 store] 
Configuration path: C:\Users\jairo\OneDrive\Documentos\NetBeansProjects\JudiSafeSE\objectdb-2.8.2\objectdb.conf

[2020-07-10 22:25:39 #3 type] 
Type gov.deajcesar.judisafese.entity.Person is not enhanced.

[2020-07-10 22:25:39 #4 type] 
Type gov.deajcesar.judisafese.entity.Register is not enhanced.

------------------------------------------------------------------------------------------------------------------------

[2020-07-10 22:28:09 #1 store] 
Database 'C:\Users\jairo\OneDrive\Documentos\NetBeansProjects\JudiSafeSE\objectdb-2.8.2\db\JudisafeSEDB.odb' has been recovered (tr. 1-5)

[2020-07-10 22:28:09 #2 store] 
Database 'C:\Users\jairo\OneDrive\Documentos\NetBeansProjects\JudiSafeSE\objectdb-2.8.2\db\JudisafeSEDB.odb' is opened by 9088@DESKTOP-AIVVGFP

[2020-07-10 22:28:09 #3 store] 
Configuration path: C:\Users\jairo\OneDrive\Documentos\NetBeansProjects\JudiSafeSE\objectdb-2.8.2\objectdb.conf

[2020-07-10 22:28:09 #4 type] 
Type gov.deajcesar.judisafese.entity.Person is not enhanced.

[2020-07-10 22:28:09 #5 type] 
Type gov.deajcesar.judisafese.entity.Register is not enhanced.

------------------------------------------------------------------------------------------------------------------------

[2020-07-10 22:29:04 #1 store] 
Database 'C:\Users\jairo\OneDrive\Documentos\NetBeansProjects\JudiSafeSE\objectdb-2.8.2\db\JudisafeSEDB.odb' is opened by 3860@DESKTOP-AIVVGFP

[2020-07-10 22:29:04 #2 store] 
Configuration path: C:\Users\jairo\OneDrive\Documentos\NetBeansProjects\JudiSafeSE\objectdb-2.8.2\objectdb.conf

[2020-07-10 22:29:04 #3 type] 
Type gov.deajcesar.judisafese.entity.Person is not enhanced.

[2020-07-10 22:29:05 #4 type] 
Type gov.deajcesar.judisafese.entity.Register is not enhanced.

------------------------------------------------------------------------------------------------------------------------

[2020-07-10 22:32:49 #1 store] 
Database 'C:\Users\jairo\OneDrive\Documentos\NetBeansProjects\JudiSafeSE\objectdb-2.8.2\db\JudisafeSEDB.odb' is opened by 3284@DESKTOP-AIVVGFP

[2020-07-10 22:32:49 #2 store] 
Configuration path: C:\Users\jairo\OneDrive\Documentos\NetBeansProjects\JudiSafeSE\objectdb-2.8.2\objectdb.conf

[2020-07-10 22:32:49 #3 type] 
Type gov.deajcesar.judisafese.entity.Person is not enhanced.

[2020-07-10 22:32:49 #4 type] 
Type gov.deajcesar.judisafese.entity.Register is not enhanced.

------------------------------------------------------------------------------------------------------------------------

[2020-07-10 22:33:33 #1 store] 
Database 'C:\Users\jairo\OneDrive\Documentos\NetBeansProjects\JudiSafeSE\objectdb-2.8.2\db\JudisafeSEDB.odb' is opened by 8180@DESKTOP-AIVVGFP

[2020-07-10 22:33:33 #2 store] 
Configuration path: C:\Users\jairo\OneDrive\Documentos\NetBeansProjects\JudiSafeSE\objectdb-2.8.2\objectdb.conf

[2020-07-10 22:33:33 #3 type] 
Type gov.deajcesar.judisafese.entity.Person is not enhanced.

[2020-07-10 22:33:33 #4 type] 
Type gov.deajcesar.judisafese.entity.Register is not enhanced.

------------------------------------------------------------------------------------------------------------------------

[2020-07-10 22:36:58 #1 store] 
Database 'C:\Users\jairo\OneDrive\Documentos\NetBeansProjects\JudiSafeSE\objectdb-2.8.2\db\JudisafeSEDB.odb' is opened by 5772@DESKTOP-AIVVGFP

[2020-07-10 22:36:58 #2 store] 
Configuration path: C:\Users\jairo\OneDrive\Documentos\NetBeansProjects\JudiSafeSE\objectdb-2.8.2\objectdb.conf

[2020-07-10 22:36:58 #3 type] 
Type gov.deajcesar.judisafese.entity.Person is not enhanced.

[2020-07-10 22:36:58 #4 type] 
Type gov.deajcesar.judisafese.entity.Register is not enhanced.

------------------------------------------------------------------------------------------------------------------------

[2020-07-10 22:38:49 #1 store] 
Database 'C:\Users\jairo\OneDrive\Documentos\NetBeansProjects\JudiSafeSE\objectdb-2.8.2\db\JudisafeSEDB.odb' is opened by 9184@DESKTOP-AIVVGFP

[2020-07-10 22:38:49 #2 store] 
Configuration path: C:\Users\jairo\OneDrive\Documentos\NetBeansProjects\JudiSafeSE\objectdb-2.8.2\objectdb.conf

[2020-07-10 22:38:49 #3 type] 
Type gov.deajcesar.judisafese.entity.Person is not enhanced.

[2020-07-10 22:38:49 #4 type] 
Type gov.deajcesar.judisafese.entity.Register is not enhanced.

------------------------------------------------------------------------------------------------------------------------

[2020-07-10 22:42:35 #1 store] 
Database 'C:\Users\jairo\OneDrive\Documentos\NetBeansProjects\JudiSafeSE\objectdb-2.8.2\db\JudisafeSEDB.odb' has been recovered (tr. 6-7)

[2020-07-10 22:42:35 #2 store] 
Database 'C:\Users\jairo\OneDrive\Documentos\NetBeansProjects\JudiSafeSE\objectdb-2.8.2\db\JudisafeSEDB.odb' is opened by 1744@DESKTOP-AIVVGFP

[2020-07-10 22:42:35 #3 store] 
Configuration path: C:\Users\jairo\OneDrive\Documentos\NetBeansProjects\JudiSafeSE\objectdb-2.8.2\objectdb.conf

[2020-07-10 22:42:35 #4 type] 
Type gov.deajcesar.judisafese.entity.Person is not enhanced.

[2020-07-10 22:42:35 #5 type] 
Type gov.deajcesar.judisafese.entity.Register is not enhanced.

------------------------------------------------------------------------------------------------------------------------

[2020-07-10 22:43:50 #1 store] 
Database 'C:\Users\jairo\OneDrive\Documentos\NetBeansProjects\JudiSafeSE\objectdb-2.8.2\db\JudisafeSEDB.odb' is opened by 5708@DESKTOP-AIVVGFP

[2020-07-10 22:43:50 #2 store] 
Configuration path: C:\Users\jairo\OneDrive\Documentos\NetBeansProjects\JudiSafeSE\objectdb-2.8.2\objectdb.conf

[2020-07-10 22:43:51 #3 type] 
Type gov.deajcesar.judisafese.entity.Person is not enhanced.

[2020-07-10 22:43:51 #4 type] 
Type gov.deajcesar.judisafese.entity.Register is not enhanced.

------------------------------------------------------------------------------------------------------------------------

[2020-07-10 22:45:15 #1 store] 
Database 'C:\Users\jairo\OneDrive\Documentos\NetBeansProjects\JudiSafeSE\objectdb-2.8.2\db\JudisafeSEDB.odb' is opened by 8756@DESKTOP-AIVVGFP

[2020-07-10 22:45:15 #2 store] 
Configuration path: C:\Users\jairo\OneDrive\Documentos\NetBeansProjects\JudiSafeSE\objectdb-2.8.2\objectdb.conf

[2020-07-10 22:45:15 #3 type] 
Type gov.deajcesar.judisafese.entity.Person is not enhanced.

[2020-07-10 22:45:15 #4 type] 
Type gov.deajcesar.judisafese.entity.Register is not enhanced.

------------------------------------------------------------------------------------------------------------------------

[2020-07-10 22:49:27 #1 store] 
Database 'C:\Users\jairo\OneDrive\Documentos\NetBeansProjects\JudiSafeSE\objectdb-2.8.2\db\JudisafeSEDB.odb' is opened by 6100@DESKTOP-AIVVGFP

[2020-07-10 22:49:27 #2 store] 
Configuration path: C:\Users\jairo\OneDrive\Documentos\NetBeansProjects\JudiSafeSE\objectdb-2.8.2\objectdb.conf

[2020-07-10 22:49:27 #3 type] 
Type gov.deajcesar.judisafese.entity.Person is not enhanced.

[2020-07-10 22:49:27 #4 type] 
Type gov.deajcesar.judisafese.entity.Register is not enhanced.

------------------------------------------------------------------------------------------------------------------------

[2020-07-10 22:50:41 #1 store] 
Database 'C:\Users\jairo\OneDrive\Documentos\NetBeansProjects\JudiSafeSE\objectdb-2.8.2\db\JudisafeSEDB.odb' is opened by 2200@DESKTOP-AIVVGFP

[2020-07-10 22:50:41 #2 store] 
Configuration path: C:\Users\jairo\OneDrive\Documentos\NetBeansProjects\JudiSafeSE\objectdb-2.8.2\objectdb.conf

[2020-07-10 22:50:42 #3 type] 
Type gov.deajcesar.judisafese.entity.Person is not enhanced.

[2020-07-10 22:50:42 #4 type] 
Type gov.deajcesar.judisafese.entity.Register is not enhanced.

